Unity Editor version:    2021.3.11f1 (0a5ca18544bf)
Branch:                  2021.3/staging
Build type:              Release
Batch mode:              YES
macOS version:           Version 12.6 (Build 21G115)
Darwin version:          21.6.0
Architecture:            x86_64
Running under Rosetta:   NO
Available memory:        8192 MB
Using pre-set license
Pro License: YES

COMMAND LINE ARGUMENTS:
/Applications/Unity/Hub/Editor/2021.3.11f1/Unity.app/Contents/MacOS/Unity
-adb2
-batchMode
-noUpm
-name
AssetImportWorker2
-projectPath
/Users/nctutwt/Documents/GitHub/PortalxMountainTrip/PortalxMountainTrip
-logFile
Logs/AssetImportWorker2.log
-srvPort
49610
Successfully changed project path to: /Users/nctutwt/Documents/GitHub/PortalxMountainTrip/PortalxMountainTrip
/Users/nctutwt/Documents/GitHub/PortalxMountainTrip/PortalxMountainTrip
[UnityMemory] Configuration Parameters - Can be set up in boot.config
    "memorysetup-bucket-allocator-granularity=16"
    "memorysetup-bucket-allocator-bucket-count=8"
    "memorysetup-bucket-allocator-block-size=33554432"
    "memorysetup-bucket-allocator-block-count=8"
    "memorysetup-main-allocator-block-size=16777216"
    "memorysetup-thread-allocator-block-size=16777216"
    "memorysetup-gfx-main-allocator-block-size=16777216"
    "memorysetup-gfx-thread-allocator-block-size=16777216"
    "memorysetup-cache-allocator-block-size=4194304"
    "memorysetup-typetree-allocator-block-size=2097152"
    "memorysetup-profiler-bucket-allocator-granularity=16"
    "memorysetup-profiler-bucket-allocator-bucket-count=8"
    "memorysetup-profiler-bucket-allocator-block-size=33554432"
    "memorysetup-profiler-bucket-allocator-block-count=8"
    "memorysetup-profiler-allocator-block-size=16777216"
    "memorysetup-profiler-editor-allocator-block-size=1048576"
    "memorysetup-temp-allocator-size-main=16777216"
    "memorysetup-job-temp-allocator-block-size=2097152"
    "memorysetup-job-temp-allocator-block-size-background=1048576"
    "memorysetup-job-temp-allocator-reduction-small-platforms=262144"
    "memorysetup-temp-allocator-size-background-worker=32768"
    "memorysetup-temp-allocator-size-job-worker=262144"
    "memorysetup-temp-allocator-size-preload-manager=33554432"
    "memorysetup-temp-allocator-size-nav-mesh-worker=65536"
    "memorysetup-temp-allocator-size-audio-worker=65536"
    "memorysetup-temp-allocator-size-cloud-worker=32768"
    "memorysetup-temp-allocator-size-gi-baking-worker=262144"
    "memorysetup-temp-allocator-size-gfx=262144"
Refreshing native plugins compatible for Editor in 325.20 ms, found 2 plugins.
Preloading 0 native plugins for Editor in 0.00 ms.
Initialize engine version: 2021.3.11f1 (0a5ca18544bf)
[Subsystems] Discovering subsystems at path /Applications/Unity/Hub/Editor/2021.3.11f1/Unity.app/Contents/Resources/UnitySubsystems
[Subsystems] Discovering subsystems at path /Users/nctutwt/Documents/GitHub/PortalxMountainTrip/PortalxMountainTrip/Assets
GfxDevice: creating device client; threaded=0; jobified=0
Color LCD preferred device: Intel(R) Iris(TM) Graphics 540 (low power)
Metal devices available: 1
0: Intel(R) Iris(TM) Graphics 540 (low power)
Using device Intel(R) Iris(TM) Graphics 540 (low power)
Initializing Metal device caps: Intel(R) Iris(TM) Graphics 540
Initialize mono
Mono path[0] = '/Applications/Unity/Hub/Editor/2021.3.11f1/Unity.app/Contents/Managed'
Mono path[1] = '/Applications/Unity/Hub/Editor/2021.3.11f1/Unity.app/Contents/MonoBleedingEdge/lib/mono/unityjit-macos'
Mono config path = '/Applications/Unity/Hub/Editor/2021.3.11f1/Unity.app/Contents/MonoBleedingEdge/etc'
Using monoOptions --debugger-agent=transport=dt_socket,embedding=1,server=y,suspend=n,address=127.0.0.1:56984
Begin MonoManager ReloadAssembly
Registering precompiled unity dll's ...
Register platform support module: /Applications/Unity/Hub/Editor/2021.3.11f1/Unity.app/Contents/PlaybackEngines/MacStandaloneSupport/UnityEditor.OSXStandalone.Extensions.dll
Register platform support module: /Applications/Unity/Hub/Editor/2021.3.11f1/PlaybackEngines/iOSSupport/UnityEditor.iOS.Extensions.dll
Registered in 0.002108 seconds.
[usbmuxd] Start listen thread
[usbmuxd] Listen thread started
[usbmuxd] Send listen message
Native extension for iOS target not found
Native extension for OSXStandalone target not found
Refreshing native plugins compatible for Editor in 267.79 ms, found 2 plugins.
Preloading 0 native plugins for Editor in 0.00 ms.
Mono: successfully reloaded assembly
- Completed reload, in  2.313 seconds
Domain Reload Profiling:
	ReloadAssembly (2314ms)
		BeginReloadAssembly (578ms)
			ExecutionOrderSort (0ms)
			DisableScriptedObjects (0ms)
			BackupInstance (0ms)
			ReleaseScriptingObjects (0ms)
			CreateAndSetChildDomain (2ms)
		EndReloadAssembly (1452ms)
			LoadAssemblies (609ms)
			RebuildTransferFunctionScriptingTraits (0ms)
			SetupTypeCache (300ms)
			ReleaseScriptCaches (0ms)
			RebuildScriptCaches (71ms)
			SetupLoadedEditorAssemblies (920ms)
				LogAssemblyErrors (0ms)
				InitializePlatformSupportModulesInManaged (277ms)
				SetLoadedEditorAssemblies (0ms)
				RefreshPlugins (268ms)
				BeforeProcessingInitializeOnLoad (2ms)
				ProcessInitializeOnLoadAttributes (280ms)
				ProcessInitializeOnLoadMethodAttributes (92ms)
				AfterProcessingInitializeOnLoad (0ms)
				EditorAssembliesLoaded (0ms)
			ExecutionOrderSort2 (0ms)
			AwakeInstancesAfterBackupRestoration (0ms)
Platform modules already initialized, skipping
Registering precompiled user dll's ...
Registered in 0.012212 seconds.
Begin MonoManager ReloadAssembly
Symbol file LoadedFromMemory doesn't match image /Users/nctutwt/Documents/GitHub/PortalxMountainTrip/PortalxMountainTrip/Library/PackageCache/com.unity.visualscripting@1.7.8/Editor/VisualScripting.Core/Dependencies/DotNetZip/Unity.VisualScripting.IonicZip.dll
Symbol file LoadedFromMemory doesn't match image /Users/nctutwt/Documents/GitHub/PortalxMountainTrip/PortalxMountainTrip/Library/PackageCache/com.unity.visualscripting@1.7.8/Editor/VisualScripting.Core/Dependencies/YamlDotNet/Unity.VisualScripting.YamlDotNet.dll
Native extension for iOS target not found
Native extension for OSXStandalone target not found
Refreshing native plugins compatible for Editor in 235.91 ms, found 2 plugins.
Preloading 0 native plugins for Editor in 0.00 ms.
Package Manager log level set to [2]
Mono: successfully reloaded assembly
- Completed reload, in  4.230 seconds
Domain Reload Profiling:
	ReloadAssembly (4233ms)
		BeginReloadAssembly (241ms)
			ExecutionOrderSort (0ms)
			DisableScriptedObjects (17ms)
			BackupInstance (0ms)
			ReleaseScriptingObjects (0ms)
			CreateAndSetChildDomain (76ms)
		EndReloadAssembly (3754ms)
			LoadAssemblies (606ms)
			RebuildTransferFunctionScriptingTraits (0ms)
			SetupTypeCache (700ms)
			ReleaseScriptCaches (1ms)
			RebuildScriptCaches (250ms)
			SetupLoadedEditorAssemblies (1970ms)
				LogAssemblyErrors (0ms)
				InitializePlatformSupportModulesInManaged (92ms)
				SetLoadedEditorAssemblies (0ms)
				RefreshPlugins (236ms)
				BeforeProcessingInitializeOnLoad (225ms)
				ProcessInitializeOnLoadAttributes (821ms)
				ProcessInitializeOnLoadMethodAttributes (576ms)
				AfterProcessingInitializeOnLoad (18ms)
				EditorAssembliesLoaded (1ms)
			ExecutionOrderSort2 (0ms)
			AwakeInstancesAfterBackupRestoration (30ms)
Platform modules already initialized, skipping
========================================================================
Worker process is ready to serve import requests
Launching external process: /Applications/Unity/Hub/Editor/2021.3.11f1/Unity.app/Contents/Tools/UnityShaderCompiler
Launched and connected shader compiler UnityShaderCompiler after 0.15 seconds
Refreshing native plugins compatible for Editor in 1.88 ms, found 2 plugins.
Preloading 0 native plugins for Editor in 0.00 ms.
Unloading 4501 Unused Serialized files (Serialized files now loaded: 0)
Unloading 66 unused Assets / (49.8 KB). Loaded Objects now: 4960.
Memory consumption went from 312.6 MB to 312.5 MB.
Total: 21.885972 ms (FindLiveObjects: 1.639797 ms CreateObjectMapping: 0.473866 ms MarkObjects: 19.527841 ms  DeleteObjects: 0.242748 ms)

AssetImportParameters requested are different than current active one (requested -> active):
  custom:video-decoder-ogg-theora: a1e56fd34408186e4bbccfd4996cb3dc -> 
  custom:container-muxer-webm: aa71ff27fc2769a1b78a27578f13a17b -> 
  custom:container-demuxer-webm: 4f35f7cbe854078d1ac9338744f61a02 -> 
  custom:video-encoder-webm-vp8: eb34c28f22e8b96e1ab97ce403110664 -> 
  custom:framework-osx-AVFoundation: e770b220cccbd017edd2c1fefb359320 -> 
  custom:audio-encoder-webm-vorbis: bf7c407c2cedff20999df2af8eb42d56 -> 
  custom:container-demuxer-ogg: 62fdf1f143b41e24485cea50d1cbac27 -> 
  custom:video-decoder-webm-vp8: 9c59270c3fd7afecdb556c50c9e8de78 -> 
  custom:audio-decoder-ogg-vorbis: bf7c407c2cedff20999df2af8eb42d56 -> 
========================================================================
Received Import Request.
  Time since last request: 3149.388379 seconds.
  path: Assets/Stencil/Prefab/Weeping_Willow_Mobile.prefab
  artifactKey: Guid(3bf336f7e4c3fb84aa0f2f884a47b506) Importer(815301076,1909f56bfc062723c751e8b465ee728b)
Start importing Assets/Stencil/Prefab/Weeping_Willow_Mobile.prefab using Guid(3bf336f7e4c3fb84aa0f2f884a47b506) Importer(815301076,1909f56bfc062723c751e8b465ee728b)  -> (artifact id: 'ba5500d89a78ae3be2dab8047f6e6f12') in 5.117939 seconds 
========================================================================
Received Import Request.
  Time since last request: 0.000106 seconds.
  path: Assets/Stencil/Prefab/Rough_Grass_Mobile_Cluster.prefab
  artifactKey: Guid(30b8385fc204da44a9017e469fd7f0b3) Importer(815301076,1909f56bfc062723c751e8b465ee728b)
Start importing Assets/Stencil/Prefab/Rough_Grass_Mobile_Cluster.prefab using Guid(30b8385fc204da44a9017e469fd7f0b3) Importer(815301076,1909f56bfc062723c751e8b465ee728b)  -> (artifact id: '8bc8714108773bdb7040892db3932a15') in 0.170992 seconds 
========================================================================
Received Import Request.
  Time since last request: 23.937535 seconds.
  path: Assets/Weeping_Willow/Weeping_Willow/Weeping_Willow_Mobile Materials/LOD2/Branches_0.mat
  artifactKey: Guid(118d369a4e996354c975adaaa0449be7) Importer(815301076,1909f56bfc062723c751e8b465ee728b)
Start importing Assets/Weeping_Willow/Weeping_Willow/Weeping_Willow_Mobile Materials/LOD2/Branches_0.mat using Guid(118d369a4e996354c975adaaa0449be7) Importer(815301076,1909f56bfc062723c751e8b465ee728b)  -> (artifact id: 'b060ba6b8c756a6c089fcc30312e4909') in 0.787399 seconds 
========================================================================
Received Import Request.
  Time since last request: 4.347542 seconds.
  path: Assets/Weeping_Willow/Weeping_Willow/WeepingWillowBark.tga
  artifactKey: Guid(69e79bf55a88739418e1c6f93b3cc700) Importer(815301076,1909f56bfc062723c751e8b465ee728b)
Start importing Assets/Weeping_Willow/Weeping_Willow/WeepingWillowBark.tga using Guid(69e79bf55a88739418e1c6f93b3cc700) Importer(815301076,1909f56bfc062723c751e8b465ee728b)  -> (artifact id: '38aec0338efe77305e6d8679770a4a9c') in 1.745158 seconds 
========================================================================
Received Import Request.
  Time since last request: 1.743780 seconds.
  path: Assets/Weeping_Willow/Weeping_Willow/Weeping_Willow_Mobile_Atlas.tga
  artifactKey: Guid(278a7d8dc768dd64ab411279e5efd492) Importer(815301076,1909f56bfc062723c751e8b465ee728b)
Start importing Assets/Weeping_Willow/Weeping_Willow/Weeping_Willow_Mobile_Atlas.tga using Guid(278a7d8dc768dd64ab411279e5efd492) Importer(815301076,1909f56bfc062723c751e8b465ee728b)  -> (artifact id: 'de416262ed42b06567873d3920907e49') in 0.067065 seconds 
========================================================================
Received Import Request.
  Time since last request: 14.172630 seconds.
  path: Assets/Flying Leaves/Willow leaves.mat
  artifactKey: Guid(5cbaaa2321f1a9a4495333b7c9699b41) Importer(815301076,1909f56bfc062723c751e8b465ee728b)
Start importing Assets/Flying Leaves/Willow leaves.mat using Guid(5cbaaa2321f1a9a4495333b7c9699b41) Importer(815301076,1909f56bfc062723c751e8b465ee728b)  -> (artifact id: 'a50d72d9a3da138543453fc27876e93c') in 0.055610 seconds 
========================================================================
Received Import Request.
  Time since last request: 38.751255 seconds.
  path: Assets/Stencil/Materials/Broadleaf_Mobile Materials/LOD1/Branches_0.mat
  artifactKey: Guid(bfc1dabf45016eb46b99df1a78054924) Importer(815301076,1909f56bfc062723c751e8b465ee728b)
Start importing Assets/Stencil/Materials/Broadleaf_Mobile Materials/LOD1/Branches_0.mat using Guid(bfc1dabf45016eb46b99df1a78054924) Importer(815301076,1909f56bfc062723c751e8b465ee728b)  -> (artifact id: 'a77fa11efc3455c31f77ab4cf8b09e6a') in 0.143002 seconds 
========================================================================
Received Import Request.
  Time since last request: 0.000087 seconds.
  path: Assets/Stencil/Materials/Broadleaf_Mobile Materials/LOD1/Leaves_1.mat
  artifactKey: Guid(6c3b3265bf0f7e547a1ada8555f850a5) Importer(815301076,1909f56bfc062723c751e8b465ee728b)
Start importing Assets/Stencil/Materials/Broadleaf_Mobile Materials/LOD1/Leaves_1.mat using Guid(6c3b3265bf0f7e547a1ada8555f850a5) Importer(815301076,1909f56bfc062723c751e8b465ee728b)  -> (artifact id: 'dfabba28642e5ee96c1dae8eceb0a578') in 0.185109 seconds 
========================================================================
Received Import Request.
  Time since last request: 13.094366 seconds.
  path: Assets/Standard Assets/Environment/SpeedTree/Broadleaf/BroadleafBark.tga
  artifactKey: Guid(2c1c27ec8c3b75a4c80a795adc9ca788) Importer(815301076,1909f56bfc062723c751e8b465ee728b)
Start importing Assets/Standard Assets/Environment/SpeedTree/Broadleaf/BroadleafBark.tga using Guid(2c1c27ec8c3b75a4c80a795adc9ca788) Importer(815301076,1909f56bfc062723c751e8b465ee728b)  -> (artifact id: 'dac433ac7639f91da93aa849f1aab684') in 0.050719 seconds 
========================================================================
Received Import Request.
  Time since last request: 2.161789 seconds.
  path: Assets/Standard Assets/Environment/SpeedTree/Broadleaf/Broadleaf_Mobile_Atlas.tga
  artifactKey: Guid(2c116325e19b8a04d916864cc540ec2d) Importer(815301076,1909f56bfc062723c751e8b465ee728b)
Start importing Assets/Standard Assets/Environment/SpeedTree/Broadleaf/Broadleaf_Mobile_Atlas.tga using Guid(2c116325e19b8a04d916864cc540ec2d) Importer(815301076,1909f56bfc062723c751e8b465ee728b)  -> (artifact id: 'e1003867c8042af52b294fb0e2e5830f') in 0.065523 seconds 
========================================================================
Received Import Request.
  Time since last request: 68.708147 seconds.
  path: Assets/Standard Assets/Environment/SpeedTree/Conifer/Conifer_Desktop 1 Materials/LOD1/Branches_0.mat
  artifactKey: Guid(8697629cb38aa2f45b919135122dff88) Importer(815301076,1909f56bfc062723c751e8b465ee728b)
Start importing Assets/Standard Assets/Environment/SpeedTree/Conifer/Conifer_Desktop 1 Materials/LOD1/Branches_0.mat using Guid(8697629cb38aa2f45b919135122dff88) Importer(815301076,1909f56bfc062723c751e8b465ee728b)  -> (artifact id: '08e4861a1b2a047eb868387951ed0f9d') in 0.110898 seconds 
========================================================================
Received Import Request.
  Time since last request: 0.000153 seconds.
  path: Assets/Standard Assets/Environment/SpeedTree/Conifer/Conifer_Desktop 1 Materials/LOD1/Leaves_3.mat
  artifactKey: Guid(ff2c58756c1a76a40a320ad34baba1f3) Importer(815301076,1909f56bfc062723c751e8b465ee728b)
Start importing Assets/Standard Assets/Environment/SpeedTree/Conifer/Conifer_Desktop 1 Materials/LOD1/Leaves_3.mat using Guid(ff2c58756c1a76a40a320ad34baba1f3) Importer(815301076,1909f56bfc062723c751e8b465ee728b)  -> (artifact id: '6614cc79f8dfacfdb68503ec6d6a4b6b') in 0.108668 seconds 
========================================================================
Received Import Request.
  Time since last request: 3.175705 seconds.
  path: Assets/Standard Assets/Environment/SpeedTree/Conifer/Conifer_Desktop 1 Materials/LOD2/Branches_0.mat
  artifactKey: Guid(e0ba036186d41b440a5c6001362ef48f) Importer(815301076,1909f56bfc062723c751e8b465ee728b)
Start importing Assets/Standard Assets/Environment/SpeedTree/Conifer/Conifer_Desktop 1 Materials/LOD2/Branches_0.mat using Guid(e0ba036186d41b440a5c6001362ef48f) Importer(815301076,1909f56bfc062723c751e8b465ee728b)  -> (artifact id: 'bb4ff9440d4661a578c3f5ab9f58d158') in 0.077624 seconds 
========================================================================
Received Import Request.
  Time since last request: 0.000118 seconds.
  path: Assets/Standard Assets/Environment/SpeedTree/Conifer/Conifer_Desktop 1 Materials/LOD2/Leaves_3.mat
  artifactKey: Guid(75041402f6bef9d469babc4a7d9cd132) Importer(815301076,1909f56bfc062723c751e8b465ee728b)
Start importing Assets/Standard Assets/Environment/SpeedTree/Conifer/Conifer_Desktop 1 Materials/LOD2/Leaves_3.mat using Guid(75041402f6bef9d469babc4a7d9cd132) Importer(815301076,1909f56bfc062723c751e8b465ee728b)  -> (artifact id: 'a7fffba1b29c043dc27a3e6204d9198a') in 0.070583 seconds 
========================================================================
Received Import Request.
  Time since last request: 2.362705 seconds.
  path: Assets/Stencil/Materials/Broadleaf_Mobile Materials/LOD0/Branches_0.mat
  artifactKey: Guid(1092dd21af768cb499771bf88709dbbd) Importer(815301076,1909f56bfc062723c751e8b465ee728b)
Start importing Assets/Stencil/Materials/Broadleaf_Mobile Materials/LOD0/Branches_0.mat using Guid(1092dd21af768cb499771bf88709dbbd) Importer(815301076,1909f56bfc062723c751e8b465ee728b)  -> (artifact id: '046a4aff0a877cb7bc2311be78cdf2ad') in 0.069021 seconds 
========================================================================
Received Import Request.
  Time since last request: 0.000153 seconds.
  path: Assets/Stencil/Materials/Broadleaf_Mobile Materials/LOD0/Leaves_2.mat
  artifactKey: Guid(9f17e3f3dfd843348b558e02f92c3a1b) Importer(815301076,1909f56bfc062723c751e8b465ee728b)
Start importing Assets/Stencil/Materials/Broadleaf_Mobile Materials/LOD0/Leaves_2.mat using Guid(9f17e3f3dfd843348b558e02f92c3a1b) Importer(815301076,1909f56bfc062723c751e8b465ee728b)  -> (artifact id: '832af9071d69de5dae178c6ce3aec4a2') in 0.099787 seconds 
========================================================================
Received Import Request.
  Time since last request: 5.267929 seconds.
  path: Assets/Stencil/Materials/Broadleaf_Mobile Materials/LOD2/Branches_0.mat
  artifactKey: Guid(cd764ab8662bea6468202df8741bcfd3) Importer(815301076,1909f56bfc062723c751e8b465ee728b)
Start importing Assets/Stencil/Materials/Broadleaf_Mobile Materials/LOD2/Branches_0.mat using Guid(cd764ab8662bea6468202df8741bcfd3) Importer(815301076,1909f56bfc062723c751e8b465ee728b)  -> (artifact id: '12846557c2d52a14a1560ba7caeaf18c') in 0.063199 seconds 
========================================================================
Received Import Request.
  Time since last request: 0.000111 seconds.
  path: Assets/Stencil/Materials/Broadleaf_Mobile Materials/LOD2/Leaves_1.mat
  artifactKey: Guid(f568ca8b20ae095418f3e2a3b341d8f6) Importer(815301076,1909f56bfc062723c751e8b465ee728b)
Start importing Assets/Stencil/Materials/Broadleaf_Mobile Materials/LOD2/Leaves_1.mat using Guid(f568ca8b20ae095418f3e2a3b341d8f6) Importer(815301076,1909f56bfc062723c751e8b465ee728b)  -> (artifact id: 'f3df870dad3f00f703bc43a0058e35f9') in 0.088493 seconds 
========================================================================
Received Prepare
Registering precompiled user dll's ...
Registered in 0.005660 seconds.
Begin MonoManager ReloadAssembly
Symbol file LoadedFromMemory doesn't match image /Users/nctutwt/Documents/GitHub/PortalxMountainTrip/PortalxMountainTrip/Library/PackageCache/com.unity.visualscripting@1.7.8/Editor/VisualScripting.Core/Dependencies/DotNetZip/Unity.VisualScripting.IonicZip.dll
Symbol file LoadedFromMemory doesn't match image /Users/nctutwt/Documents/GitHub/PortalxMountainTrip/PortalxMountainTrip/Library/PackageCache/com.unity.visualscripting@1.7.8/Editor/VisualScripting.Core/Dependencies/YamlDotNet/Unity.VisualScripting.YamlDotNet.dll
Native extension for iOS target not found
Native extension for OSXStandalone target not found
Refreshing native plugins compatible for Editor in 1.62 ms, found 2 plugins.
Preloading 0 native plugins for Editor in 0.00 ms.
Mono: successfully reloaded assembly
- Completed reload, in  2.611 seconds
Domain Reload Profiling:
	ReloadAssembly (2613ms)
		BeginReloadAssembly (576ms)
			ExecutionOrderSort (0ms)
			DisableScriptedObjects (21ms)
			BackupInstance (0ms)
			ReleaseScriptingObjects (1ms)
			CreateAndSetChildDomain (229ms)
		EndReloadAssembly (1864ms)
			LoadAssemblies (482ms)
			RebuildTransferFunctionScriptingTraits (0ms)
			SetupTypeCache (547ms)
			ReleaseScriptCaches (5ms)
			RebuildScriptCaches (115ms)
			SetupLoadedEditorAssemblies (803ms)
				LogAssemblyErrors (0ms)
				InitializePlatformSupportModulesInManaged (52ms)
				SetLoadedEditorAssemblies (1ms)
				RefreshPlugins (2ms)
				BeforeProcessingInitializeOnLoad (167ms)
				ProcessInitializeOnLoadAttributes (376ms)
				ProcessInitializeOnLoadMethodAttributes (203ms)
				AfterProcessingInitializeOnLoad (2ms)
				EditorAssembliesLoaded (1ms)
			ExecutionOrderSort2 (0ms)
			AwakeInstancesAfterBackupRestoration (10ms)
Platform modules already initialized, skipping
Refreshing native plugins compatible for Editor in 4.42 ms, found 2 plugins.
Preloading 0 native plugins for Editor in 0.00 ms.
Unloading 4463 Unused Serialized files (Serialized files now loaded: 0)
Unloading 54 unused Assets / (23.0 KB). Loaded Objects now: 5008.
Memory consumption went from 329.3 MB to 329.3 MB.
Total: 9.969849 ms (FindLiveObjects: 0.441757 ms CreateObjectMapping: 0.404749 ms MarkObjects: 9.052455 ms  DeleteObjects: 0.069428 ms)

AssetImportParameters requested are different than current active one (requested -> active):
  custom:video-decoder-ogg-theora: a1e56fd34408186e4bbccfd4996cb3dc -> 
  custom:container-muxer-webm: aa71ff27fc2769a1b78a27578f13a17b -> 
  custom:container-demuxer-webm: 4f35f7cbe854078d1ac9338744f61a02 -> 
  custom:video-encoder-webm-vp8: eb34c28f22e8b96e1ab97ce403110664 -> 
  custom:framework-osx-AVFoundation: e770b220cccbd017edd2c1fefb359320 -> 
  custom:audio-encoder-webm-vorbis: bf7c407c2cedff20999df2af8eb42d56 -> 
  custom:container-demuxer-ogg: 62fdf1f143b41e24485cea50d1cbac27 -> 
  custom:video-decoder-webm-vp8: 9c59270c3fd7afecdb556c50c9e8de78 -> 
  custom:audio-decoder-ogg-vorbis: bf7c407c2cedff20999df2af8eb42d56 -> 
========================================================================
Received Import Request.
  Time since last request: 955.934943 seconds.
  path: Assets/sky5X/BlendSkybox.mat
  artifactKey: Guid(61f6c85d9ce2a8740a5182d9a0c822b5) Importer(815301076,1909f56bfc062723c751e8b465ee728b)
Start importing Assets/sky5X/BlendSkybox.mat using Guid(61f6c85d9ce2a8740a5182d9a0c822b5) Importer(815301076,1909f56bfc062723c751e8b465ee728b)  -> (artifact id: '9cac3dc0d57d79a5a97d1a098298920f') in 0.925476 seconds 
========================================================================
Received Import Request.
  Time since last request: 4.494691 seconds.
  path: Assets/sky5X/sky5X_textures/skyX52+z.png
  artifactKey: Guid(337833f88c399624fb07b195c10dc6ed) Importer(815301076,1909f56bfc062723c751e8b465ee728b)
Start importing Assets/sky5X/sky5X_textures/skyX52+z.png using Guid(337833f88c399624fb07b195c10dc6ed) Importer(815301076,1909f56bfc062723c751e8b465ee728b)  -> (artifact id: '2f0c8c42ad810469a5aaa5e48ce64fed') in 3.277183 seconds 
========================================================================
Received Import Request.
  Time since last request: 0.003526 seconds.
  path: Assets/sky5X/sky5X_textures/skyX53+x.png
  artifactKey: Guid(2264faf4f795b6843932d09a642d442b) Importer(815301076,1909f56bfc062723c751e8b465ee728b)
Start importing Assets/sky5X/sky5X_textures/skyX53+x.png using Guid(2264faf4f795b6843932d09a642d442b) Importer(815301076,1909f56bfc062723c751e8b465ee728b)  -> (artifact id: '12e22e1be8767cb7276db48574723e9c') in 0.295674 seconds 
========================================================================
Received Import Request.
  Time since last request: 0.002914 seconds.
  path: Assets/sky5X/sky5X_textures/skyX53-z.png
  artifactKey: Guid(2f457ab648d52c3438926569eff3903b) Importer(815301076,1909f56bfc062723c751e8b465ee728b)
Start importing Assets/sky5X/sky5X_textures/skyX53-z.png using Guid(2f457ab648d52c3438926569eff3903b) Importer(815301076,1909f56bfc062723c751e8b465ee728b)  -> (artifact id: '5c89b5321fc5d6994591791d122343d7') in 0.079744 seconds 
========================================================================
Received Import Request.
  Time since last request: 0.000077 seconds.
  path: Assets/sky5X/sky5X_textures/skyX52+y.png
  artifactKey: Guid(7b732c99b3c5a79469b9ae07d0032abe) Importer(815301076,1909f56bfc062723c751e8b465ee728b)
Start importing Assets/sky5X/sky5X_textures/skyX52+y.png using Guid(7b732c99b3c5a79469b9ae07d0032abe) Importer(815301076,1909f56bfc062723c751e8b465ee728b)  -> (artifact id: '6c005aef9b43e0bbf4efbeedd23c5fa4') in 0.125139 seconds 
========================================================================
Received Import Request.
  Time since last request: 0.006516 seconds.
  path: Assets/sky5X/sky5X_textures/skyX52-y.png
  artifactKey: Guid(b5ed0d4f1b163d644bb5daa3cb634dce) Importer(815301076,1909f56bfc062723c751e8b465ee728b)
Start importing Assets/sky5X/sky5X_textures/skyX52-y.png using Guid(b5ed0d4f1b163d644bb5daa3cb634dce) Importer(815301076,1909f56bfc062723c751e8b465ee728b)  -> (artifact id: '86e277286a66656639f658a83a97b4dc') in 0.119086 seconds 
Editor requested this worker to shutdown with reason: Scaling down because of idle timeout
AssetImportWorkerClient::OnTransportError - code=2 error=End of file
AssetImportWorker is now disconnected from the server
Process exiting
