Unity Editor version:    2021.3.11f1 (0a5ca18544bf)
Branch:                  2021.3/staging
Build type:              Release
Batch mode:              YES
macOS version:           Version 12.6 (Build 21G115)
Darwin version:          21.6.0
Architecture:            x86_64
Running under Rosetta:   NO
Available memory:        8192 MB
Using pre-set license
Pro License: YES

COMMAND LINE ARGUMENTS:
/Applications/Unity/Hub/Editor/2021.3.11f1/Unity.app/Contents/MacOS/Unity
-adb2
-batchMode
-noUpm
-name
AssetImportWorker4
-projectPath
/Users/nctutwt/Documents/GitHub/PortalxMountainTrip/PortalxMountainTrip
-logFile
Logs/AssetImportWorker4.log
-srvPort
49610
Successfully changed project path to: /Users/nctutwt/Documents/GitHub/PortalxMountainTrip/PortalxMountainTrip
/Users/nctutwt/Documents/GitHub/PortalxMountainTrip/PortalxMountainTrip
[UnityMemory] Configuration Parameters - Can be set up in boot.config
    "memorysetup-bucket-allocator-granularity=16"
    "memorysetup-bucket-allocator-bucket-count=8"
    "memorysetup-bucket-allocator-block-size=33554432"
    "memorysetup-bucket-allocator-block-count=8"
    "memorysetup-main-allocator-block-size=16777216"
    "memorysetup-thread-allocator-block-size=16777216"
    "memorysetup-gfx-main-allocator-block-size=16777216"
    "memorysetup-gfx-thread-allocator-block-size=16777216"
    "memorysetup-cache-allocator-block-size=4194304"
    "memorysetup-typetree-allocator-block-size=2097152"
    "memorysetup-profiler-bucket-allocator-granularity=16"
    "memorysetup-profiler-bucket-allocator-bucket-count=8"
    "memorysetup-profiler-bucket-allocator-block-size=33554432"
    "memorysetup-profiler-bucket-allocator-block-count=8"
    "memorysetup-profiler-allocator-block-size=16777216"
    "memorysetup-profiler-editor-allocator-block-size=1048576"
    "memorysetup-temp-allocator-size-main=16777216"
    "memorysetup-job-temp-allocator-block-size=2097152"
    "memorysetup-job-temp-allocator-block-size-background=1048576"
    "memorysetup-job-temp-allocator-reduction-small-platforms=262144"
    "memorysetup-temp-allocator-size-background-worker=32768"
    "memorysetup-temp-allocator-size-job-worker=262144"
    "memorysetup-temp-allocator-size-preload-manager=33554432"
    "memorysetup-temp-allocator-size-nav-mesh-worker=65536"
    "memorysetup-temp-allocator-size-audio-worker=65536"
    "memorysetup-temp-allocator-size-cloud-worker=32768"
    "memorysetup-temp-allocator-size-gi-baking-worker=262144"
    "memorysetup-temp-allocator-size-gfx=262144"
Refreshing native plugins compatible for Editor in 590.18 ms, found 2 plugins.
Preloading 0 native plugins for Editor in 0.00 ms.
Initialize engine version: 2021.3.11f1 (0a5ca18544bf)
[Subsystems] Discovering subsystems at path /Applications/Unity/Hub/Editor/2021.3.11f1/Unity.app/Contents/Resources/UnitySubsystems
[Subsystems] Discovering subsystems at path /Users/nctutwt/Documents/GitHub/PortalxMountainTrip/PortalxMountainTrip/Assets
GfxDevice: creating device client; threaded=0; jobified=0
Color LCD preferred device: Intel(R) Iris(TM) Graphics 540 (low power)
Metal devices available: 1
0: Intel(R) Iris(TM) Graphics 540 (low power)
Using device Intel(R) Iris(TM) Graphics 540 (low power)
Initializing Metal device caps: Intel(R) Iris(TM) Graphics 540
Initialize mono
Mono path[0] = '/Applications/Unity/Hub/Editor/2021.3.11f1/Unity.app/Contents/Managed'
Mono path[1] = '/Applications/Unity/Hub/Editor/2021.3.11f1/Unity.app/Contents/MonoBleedingEdge/lib/mono/unityjit-macos'
Mono config path = '/Applications/Unity/Hub/Editor/2021.3.11f1/Unity.app/Contents/MonoBleedingEdge/etc'
Using monoOptions --debugger-agent=transport=dt_socket,embedding=1,server=y,suspend=n,address=127.0.0.1:56103
Begin MonoManager ReloadAssembly
Registering precompiled unity dll's ...
Register platform support module: /Applications/Unity/Hub/Editor/2021.3.11f1/Unity.app/Contents/PlaybackEngines/MacStandaloneSupport/UnityEditor.OSXStandalone.Extensions.dll
Register platform support module: /Applications/Unity/Hub/Editor/2021.3.11f1/PlaybackEngines/iOSSupport/UnityEditor.iOS.Extensions.dll
Registered in 0.004239 seconds.
[usbmuxd] Start listen thread
[usbmuxd] Listen thread started
[usbmuxd] Send listen message
Native extension for iOS target not found
Native extension for OSXStandalone target not found
Refreshing native plugins compatible for Editor in 280.58 ms, found 2 plugins.
Preloading 0 native plugins for Editor in 0.00 ms.
Mono: successfully reloaded assembly
- Completed reload, in  3.305 seconds
Domain Reload Profiling:
	ReloadAssembly (3310ms)
		BeginReloadAssembly (755ms)
			ExecutionOrderSort (0ms)
			DisableScriptedObjects (0ms)
			BackupInstance (0ms)
			ReleaseScriptingObjects (0ms)
			CreateAndSetChildDomain (4ms)
		EndReloadAssembly (1766ms)
			LoadAssemblies (805ms)
			RebuildTransferFunctionScriptingTraits (0ms)
			SetupTypeCache (353ms)
			ReleaseScriptCaches (0ms)
			RebuildScriptCaches (71ms)
			SetupLoadedEditorAssemblies (1156ms)
				LogAssemblyErrors (0ms)
				InitializePlatformSupportModulesInManaged (358ms)
				SetLoadedEditorAssemblies (1ms)
				RefreshPlugins (281ms)
				BeforeProcessingInitializeOnLoad (3ms)
				ProcessInitializeOnLoadAttributes (389ms)
				ProcessInitializeOnLoadMethodAttributes (125ms)
				AfterProcessingInitializeOnLoad (0ms)
				EditorAssembliesLoaded (1ms)
			ExecutionOrderSort2 (0ms)
			AwakeInstancesAfterBackupRestoration (0ms)
Platform modules already initialized, skipping
Registering precompiled user dll's ...
Registered in 0.015222 seconds.
Begin MonoManager ReloadAssembly
Symbol file LoadedFromMemory doesn't match image /Users/nctutwt/Documents/GitHub/PortalxMountainTrip/PortalxMountainTrip/Library/PackageCache/com.unity.visualscripting@1.7.8/Editor/VisualScripting.Core/Dependencies/DotNetZip/Unity.VisualScripting.IonicZip.dll
Symbol file LoadedFromMemory doesn't match image /Users/nctutwt/Documents/GitHub/PortalxMountainTrip/PortalxMountainTrip/Library/PackageCache/com.unity.visualscripting@1.7.8/Editor/VisualScripting.Core/Dependencies/YamlDotNet/Unity.VisualScripting.YamlDotNet.dll
Native extension for iOS target not found
Native extension for OSXStandalone target not found
Refreshing native plugins compatible for Editor in 314.97 ms, found 2 plugins.
Preloading 0 native plugins for Editor in 0.00 ms.
Package Manager log level set to [2]
Mono: successfully reloaded assembly
- Completed reload, in  3.643 seconds
Domain Reload Profiling:
	ReloadAssembly (3647ms)
		BeginReloadAssembly (294ms)
			ExecutionOrderSort (0ms)
			DisableScriptedObjects (15ms)
			BackupInstance (0ms)
			ReleaseScriptingObjects (0ms)
			CreateAndSetChildDomain (88ms)
		EndReloadAssembly (3001ms)
			LoadAssemblies (463ms)
			RebuildTransferFunctionScriptingTraits (0ms)
			SetupTypeCache (702ms)
			ReleaseScriptCaches (1ms)
			RebuildScriptCaches (133ms)
			SetupLoadedEditorAssemblies (1616ms)
				LogAssemblyErrors (0ms)
				InitializePlatformSupportModulesInManaged (82ms)
				SetLoadedEditorAssemblies (0ms)
				RefreshPlugins (315ms)
				BeforeProcessingInitializeOnLoad (267ms)
				ProcessInitializeOnLoadAttributes (677ms)
				ProcessInitializeOnLoadMethodAttributes (271ms)
				AfterProcessingInitializeOnLoad (2ms)
				EditorAssembliesLoaded (0ms)
			ExecutionOrderSort2 (0ms)
			AwakeInstancesAfterBackupRestoration (7ms)
Platform modules already initialized, skipping
========================================================================
Worker process is ready to serve import requests
Launching external process: /Applications/Unity/Hub/Editor/2021.3.11f1/Unity.app/Contents/Tools/UnityShaderCompiler
Launched and connected shader compiler UnityShaderCompiler after 0.13 seconds
Refreshing native plugins compatible for Editor in 2.48 ms, found 2 plugins.
Preloading 0 native plugins for Editor in 0.00 ms.
Unloading 4501 Unused Serialized files (Serialized files now loaded: 0)
Unloading 66 unused Assets / (43.3 KB). Loaded Objects now: 4960.
Memory consumption went from 312.4 MB to 312.3 MB.
Total: 14.962018 ms (FindLiveObjects: 0.556636 ms CreateObjectMapping: 0.435321 ms MarkObjects: 13.750213 ms  DeleteObjects: 0.218276 ms)

AssetImportParameters requested are different than current active one (requested -> active):
  custom:video-decoder-ogg-theora: a1e56fd34408186e4bbccfd4996cb3dc -> 
  custom:container-muxer-webm: aa71ff27fc2769a1b78a27578f13a17b -> 
  custom:container-demuxer-webm: 4f35f7cbe854078d1ac9338744f61a02 -> 
  custom:video-encoder-webm-vp8: eb34c28f22e8b96e1ab97ce403110664 -> 
  custom:framework-osx-AVFoundation: e770b220cccbd017edd2c1fefb359320 -> 
  custom:audio-encoder-webm-vorbis: bf7c407c2cedff20999df2af8eb42d56 -> 
  custom:container-demuxer-ogg: 62fdf1f143b41e24485cea50d1cbac27 -> 
  custom:video-decoder-webm-vp8: 9c59270c3fd7afecdb556c50c9e8de78 -> 
  custom:audio-decoder-ogg-vorbis: bf7c407c2cedff20999df2af8eb42d56 -> 
========================================================================
Received Import Request.
  Time since last request: 4796.443763 seconds.
  path: Assets/main 1.unity
  artifactKey: Guid(54fdc4ac621d84d9e83e6bdfe7642361) Importer(815301076,1909f56bfc062723c751e8b465ee728b)
Start importing Assets/main 1.unity using Guid(54fdc4ac621d84d9e83e6bdfe7642361) Importer(815301076,1909f56bfc062723c751e8b465ee728b)  -> (artifact id: '6a08e0a436b882220c5ea907dcc5eafa') in 0.016712 seconds 
========================================================================
Received Import Request.
  Time since last request: 72.039634 seconds.
  path: Assets/Materials
  artifactKey: Guid(8a7a7fd08f93341b6a25469649c82105) Importer(815301076,1909f56bfc062723c751e8b465ee728b)
Start importing Assets/Materials using Guid(8a7a7fd08f93341b6a25469649c82105) Importer(815301076,1909f56bfc062723c751e8b465ee728b)  -> (artifact id: '8ae3324b8e012a56537bbd3527c3b38f') in 0.001353 seconds 
========================================================================
Received Import Request.
  Time since last request: 0.060487 seconds.
  path: Assets/Materials/17022524_1386921388019433_3085742531446782216_n 拷貝.mat
  artifactKey: Guid(e62c38232ad1c46ddb8e6f04f287a40a) Importer(815301076,1909f56bfc062723c751e8b465ee728b)
Start importing Assets/Materials/17022524_1386921388019433_3085742531446782216_n 拷貝.mat using Guid(e62c38232ad1c46ddb8e6f04f287a40a) Importer(815301076,1909f56bfc062723c751e8b465ee728b)  -> (artifact id: '7e86bc7ec2f51501a39d5fb3cfac2e0c') in 0.770258 seconds 
========================================================================
Received Import Request.
  Time since last request: 7.998370 seconds.
  path: Packages/com.unity.xr.arsubsystems/package.json
  artifactKey: Guid(138de250db28475c974590f762d87650) Importer(815301076,1909f56bfc062723c751e8b465ee728b)
Start importing Packages/com.unity.xr.arsubsystems/package.json using Guid(138de250db28475c974590f762d87650) Importer(815301076,1909f56bfc062723c751e8b465ee728b)  -> (artifact id: '7c03a5233d9469857d85806827acbce5') in 1.546241 seconds 
========================================================================
Received Import Request.
  Time since last request: 2.065344 seconds.
  path: Packages/com.unity.xr.arsubsystems/Runtime
  artifactKey: Guid(d849a297add04720b454eb5b398a201c) Importer(815301076,1909f56bfc062723c751e8b465ee728b)
Start importing Packages/com.unity.xr.arsubsystems/Runtime using Guid(d849a297add04720b454eb5b398a201c) Importer(815301076,1909f56bfc062723c751e8b465ee728b)  -> (artifact id: '8546bf3399830b24ef28b2fc6f614490') in 0.002792 seconds 
========================================================================
Received Import Request.
  Time since last request: 0.111721 seconds.
  path: Packages/com.unity.xr.arsubsystems/Runtime/Unity.XR.ARSubsystems.asmdef
  artifactKey: Guid(92703082f92b41ba80f0d6912de66115) Importer(815301076,1909f56bfc062723c751e8b465ee728b)
Start importing Packages/com.unity.xr.arsubsystems/Runtime/Unity.XR.ARSubsystems.asmdef using Guid(92703082f92b41ba80f0d6912de66115) Importer(815301076,1909f56bfc062723c751e8b465ee728b)  -> (artifact id: '4b112b0a654143076190db1b16a445aa') in 0.113384 seconds 
========================================================================
Received Import Request.
  Time since last request: 7.950354 seconds.
  path: Packages/com.unity.xr.arsubsystems/Runtime/CameraSubsystem
  artifactKey: Guid(e8650c35ab94a4106bcbad4a63f6749f) Importer(815301076,1909f56bfc062723c751e8b465ee728b)
Start importing Packages/com.unity.xr.arsubsystems/Runtime/CameraSubsystem using Guid(e8650c35ab94a4106bcbad4a63f6749f) Importer(815301076,1909f56bfc062723c751e8b465ee728b)  -> (artifact id: 'f16191b7a7f045a680225b4f3702b0b6') in 0.003334 seconds 
========================================================================
Received Import Request.
  Time since last request: 2.402422 seconds.
  path: Packages/com.unity.xr.arfoundation/package.json
  artifactKey: Guid(08e6a1d1bc87fb6408c3e916a260691b) Importer(815301076,1909f56bfc062723c751e8b465ee728b)
Start importing Packages/com.unity.xr.arfoundation/package.json using Guid(08e6a1d1bc87fb6408c3e916a260691b) Importer(815301076,1909f56bfc062723c751e8b465ee728b)  -> (artifact id: 'f5ec08bbb6b157657291f930742498c7') in 0.003898 seconds 
========================================================================
Received Import Request.
  Time since last request: 2.300496 seconds.
  path: Packages/com.unity.xr.arfoundation/Materials
  artifactKey: Guid(e6b8dc4e2997217428ebdd00450ce884) Importer(815301076,1909f56bfc062723c751e8b465ee728b)
Start importing Packages/com.unity.xr.arfoundation/Materials using Guid(e6b8dc4e2997217428ebdd00450ce884) Importer(815301076,1909f56bfc062723c751e8b465ee728b)  -> (artifact id: '3ba309a02ac1f7141a69d0d9309228f6') in 0.002826 seconds 
========================================================================
Received Import Request.
  Time since last request: 0.055921 seconds.
  path: Packages/com.unity.xr.arfoundation/Materials/DebugFace.mat
  artifactKey: Guid(35bd980c8f2234e3d8b640e25a677d65) Importer(815301076,1909f56bfc062723c751e8b465ee728b)
Start importing Packages/com.unity.xr.arfoundation/Materials/DebugFace.mat using Guid(35bd980c8f2234e3d8b640e25a677d65) Importer(815301076,1909f56bfc062723c751e8b465ee728b)  -> (artifact id: '3da41836640396296a3287ec51afdf34') in 0.212837 seconds 
========================================================================
Received Import Request.
  Time since last request: 4.733398 seconds.
  path: Packages/com.unity.xr.arfoundation/Runtime
  artifactKey: Guid(ab67d34cb7e62e246a0f4c98b463ab1a) Importer(815301076,1909f56bfc062723c751e8b465ee728b)
Start importing Packages/com.unity.xr.arfoundation/Runtime using Guid(ab67d34cb7e62e246a0f4c98b463ab1a) Importer(815301076,1909f56bfc062723c751e8b465ee728b)  -> (artifact id: 'ba2eccf7cce556fd007bbead555c6e50') in 0.002378 seconds 
========================================================================
Received Import Request.
  Time since last request: 0.086005 seconds.
  path: Packages/com.unity.xr.arfoundation/Runtime/Unity.XR.ARFoundation.asmdef
  artifactKey: Guid(a9420e37d7990b54abdef6688edbe313) Importer(815301076,1909f56bfc062723c751e8b465ee728b)
Start importing Packages/com.unity.xr.arfoundation/Runtime/Unity.XR.ARFoundation.asmdef using Guid(a9420e37d7990b54abdef6688edbe313) Importer(815301076,1909f56bfc062723c751e8b465ee728b)  -> (artifact id: '87e0e78be7340bd8739ebdf75db75bcf') in 0.006080 seconds 
========================================================================
Received Import Request.
  Time since last request: 1.575731 seconds.
  path: Packages/com.unity.xr.arfoundation/Runtime/AR
  artifactKey: Guid(6086591be400b46bea7bc39a491b23a9) Importer(815301076,1909f56bfc062723c751e8b465ee728b)
Start importing Packages/com.unity.xr.arfoundation/Runtime/AR using Guid(6086591be400b46bea7bc39a491b23a9) Importer(815301076,1909f56bfc062723c751e8b465ee728b)  -> (artifact id: 'bf44cb22c0b9c024b53ef4353cd7c32f') in 0.003529 seconds 
