Unity Editor version:    2021.3.11f1 (0a5ca18544bf)
Branch:                  2021.3/staging
Build type:              Release
Batch mode:              YES
macOS version:           Version 12.6 (Build 21G115)
Darwin version:          21.6.0
Architecture:            x86_64
Running under Rosetta:   NO
Available memory:        8192 MB
Using pre-set license
Pro License: YES

COMMAND LINE ARGUMENTS:
/Applications/Unity/Hub/Editor/2021.3.11f1/Unity.app/Contents/MacOS/Unity
-adb2
-batchMode
-noUpm
-name
AssetImportWorker0
-projectPath
/Users/nctutwt/Documents/GitHub/PortalxMountainTrip/PortalxMountainTrip
-logFile
Logs/AssetImportWorker0.log
-srvPort
50266
Successfully changed project path to: /Users/nctutwt/Documents/GitHub/PortalxMountainTrip/PortalxMountainTrip
/Users/nctutwt/Documents/GitHub/PortalxMountainTrip/PortalxMountainTrip
[UnityMemory] Configuration Parameters - Can be set up in boot.config
    "memorysetup-bucket-allocator-granularity=16"
    "memorysetup-bucket-allocator-bucket-count=8"
    "memorysetup-bucket-allocator-block-size=33554432"
    "memorysetup-bucket-allocator-block-count=8"
    "memorysetup-main-allocator-block-size=16777216"
    "memorysetup-thread-allocator-block-size=16777216"
    "memorysetup-gfx-main-allocator-block-size=16777216"
    "memorysetup-gfx-thread-allocator-block-size=16777216"
    "memorysetup-cache-allocator-block-size=4194304"
    "memorysetup-typetree-allocator-block-size=2097152"
    "memorysetup-profiler-bucket-allocator-granularity=16"
    "memorysetup-profiler-bucket-allocator-bucket-count=8"
    "memorysetup-profiler-bucket-allocator-block-size=33554432"
    "memorysetup-profiler-bucket-allocator-block-count=8"
    "memorysetup-profiler-allocator-block-size=16777216"
    "memorysetup-profiler-editor-allocator-block-size=1048576"
    "memorysetup-temp-allocator-size-main=16777216"
    "memorysetup-job-temp-allocator-block-size=2097152"
    "memorysetup-job-temp-allocator-block-size-background=1048576"
    "memorysetup-job-temp-allocator-reduction-small-platforms=262144"
    "memorysetup-temp-allocator-size-background-worker=32768"
    "memorysetup-temp-allocator-size-job-worker=262144"
    "memorysetup-temp-allocator-size-preload-manager=33554432"
    "memorysetup-temp-allocator-size-nav-mesh-worker=65536"
    "memorysetup-temp-allocator-size-audio-worker=65536"
    "memorysetup-temp-allocator-size-cloud-worker=32768"
    "memorysetup-temp-allocator-size-gi-baking-worker=262144"
    "memorysetup-temp-allocator-size-gfx=262144"
Refreshing native plugins compatible for Editor in 560.37 ms, found 2 plugins.
Preloading 0 native plugins for Editor in 0.00 ms.
Initialize engine version: 2021.3.11f1 (0a5ca18544bf)
[Subsystems] Discovering subsystems at path /Applications/Unity/Hub/Editor/2021.3.11f1/Unity.app/Contents/Resources/UnitySubsystems
[Subsystems] Discovering subsystems at path /Users/nctutwt/Documents/GitHub/PortalxMountainTrip/PortalxMountainTrip/Assets
GfxDevice: creating device client; threaded=0; jobified=0
Color LCD preferred device: Intel(R) Iris(TM) Graphics 540 (low power)
Metal devices available: 1
0: Intel(R) Iris(TM) Graphics 540 (low power)
Using device Intel(R) Iris(TM) Graphics 540 (low power)
Initializing Metal device caps: Intel(R) Iris(TM) Graphics 540
Initialize mono
Mono path[0] = '/Applications/Unity/Hub/Editor/2021.3.11f1/Unity.app/Contents/Managed'
Mono path[1] = '/Applications/Unity/Hub/Editor/2021.3.11f1/Unity.app/Contents/MonoBleedingEdge/lib/mono/unityjit-macos'
Mono config path = '/Applications/Unity/Hub/Editor/2021.3.11f1/Unity.app/Contents/MonoBleedingEdge/etc'
Using monoOptions --debugger-agent=transport=dt_socket,embedding=1,server=y,suspend=n,address=127.0.0.1:56652
Begin MonoManager ReloadAssembly
Registering precompiled unity dll's ...
Register platform support module: /Applications/Unity/Hub/Editor/2021.3.11f1/Unity.app/Contents/PlaybackEngines/MacStandaloneSupport/UnityEditor.OSXStandalone.Extensions.dll
Register platform support module: /Applications/Unity/Hub/Editor/2021.3.11f1/PlaybackEngines/iOSSupport/UnityEditor.iOS.Extensions.dll
Registered in 0.002007 seconds.
[usbmuxd] Start listen thread
[usbmuxd] Listen thread started
[usbmuxd] Send listen message
[usbmuxd] Attached: 4 00008120-001444C02140C01E
Native extension for iOS target not found
Native extension for OSXStandalone target not found
Refreshing native plugins compatible for Editor in 494.25 ms, found 2 plugins.
Preloading 0 native plugins for Editor in 0.00 ms.
Mono: successfully reloaded assembly
- Completed reload, in  3.630 seconds
Domain Reload Profiling:
	ReloadAssembly (3634ms)
		BeginReloadAssembly (472ms)
			ExecutionOrderSort (0ms)
			DisableScriptedObjects (0ms)
			BackupInstance (0ms)
			ReleaseScriptingObjects (0ms)
			CreateAndSetChildDomain (2ms)
		EndReloadAssembly (2597ms)
			LoadAssemblies (474ms)
			RebuildTransferFunctionScriptingTraits (0ms)
			SetupTypeCache (801ms)
			ReleaseScriptCaches (0ms)
			RebuildScriptCaches (131ms)
			SetupLoadedEditorAssemblies (1489ms)
				LogAssemblyErrors (0ms)
				InitializePlatformSupportModulesInManaged (352ms)
				SetLoadedEditorAssemblies (0ms)
				RefreshPlugins (494ms)
				BeforeProcessingInitializeOnLoad (5ms)
				ProcessInitializeOnLoadAttributes (457ms)
				ProcessInitializeOnLoadMethodAttributes (179ms)
				AfterProcessingInitializeOnLoad (0ms)
				EditorAssembliesLoaded (0ms)
			ExecutionOrderSort2 (0ms)
			AwakeInstancesAfterBackupRestoration (0ms)
Platform modules already initialized, skipping
Registering precompiled user dll's ...
Registered in 0.011253 seconds.
Begin MonoManager ReloadAssembly
Symbol file LoadedFromMemory doesn't match image /Users/nctutwt/Documents/GitHub/PortalxMountainTrip/PortalxMountainTrip/Library/PackageCache/com.unity.visualscripting@1.7.8/Editor/VisualScripting.Core/Dependencies/DotNetZip/Unity.VisualScripting.IonicZip.dll
Symbol file LoadedFromMemory doesn't match image /Users/nctutwt/Documents/GitHub/PortalxMountainTrip/PortalxMountainTrip/Library/PackageCache/com.unity.visualscripting@1.7.8/Editor/VisualScripting.Core/Dependencies/YamlDotNet/Unity.VisualScripting.YamlDotNet.dll
Native extension for iOS target not found
Native extension for OSXStandalone target not found
Refreshing native plugins compatible for Editor in 368.57 ms, found 2 plugins.
Preloading 0 native plugins for Editor in 0.00 ms.
Package Manager log level set to [2]
Mono: successfully reloaded assembly
- Completed reload, in  4.894 seconds
Domain Reload Profiling:
	ReloadAssembly (4896ms)
		BeginReloadAssembly (428ms)
			ExecutionOrderSort (0ms)
			DisableScriptedObjects (14ms)
			BackupInstance (0ms)
			ReleaseScriptingObjects (0ms)
			CreateAndSetChildDomain (106ms)
		EndReloadAssembly (3954ms)
			LoadAssemblies (367ms)
			RebuildTransferFunctionScriptingTraits (0ms)
			SetupTypeCache (997ms)
			ReleaseScriptCaches (6ms)
			RebuildScriptCaches (220ms)
			SetupLoadedEditorAssemblies (2238ms)
				LogAssemblyErrors (0ms)
				InitializePlatformSupportModulesInManaged (81ms)
				SetLoadedEditorAssemblies (1ms)
				RefreshPlugins (369ms)
				BeforeProcessingInitializeOnLoad (432ms)
				ProcessInitializeOnLoadAttributes (905ms)
				ProcessInitializeOnLoadMethodAttributes (446ms)
				AfterProcessingInitializeOnLoad (3ms)
				EditorAssembliesLoaded (2ms)
			ExecutionOrderSort2 (0ms)
			AwakeInstancesAfterBackupRestoration (8ms)
Platform modules already initialized, skipping
========================================================================
Worker process is ready to serve import requests
Launching external process: /Applications/Unity/Hub/Editor/2021.3.11f1/Unity.app/Contents/Tools/UnityShaderCompiler
Launched and connected shader compiler UnityShaderCompiler after 0.37 seconds
Refreshing native plugins compatible for Editor in 2.94 ms, found 2 plugins.
Preloading 0 native plugins for Editor in 0.00 ms.
Unloading 4512 Unused Serialized files (Serialized files now loaded: 0)
Unloading 66 unused Assets / (48.0 KB). Loaded Objects now: 4961.
Memory consumption went from 308.3 MB to 308.2 MB.
Total: 34.753458 ms (FindLiveObjects: 1.062728 ms CreateObjectMapping: 0.744884 ms MarkObjects: 32.748142 ms  DeleteObjects: 0.196281 ms)

AssetImportParameters requested are different than current active one (requested -> active):
  custom:video-decoder-ogg-theora: a1e56fd34408186e4bbccfd4996cb3dc -> 
  custom:container-muxer-webm: aa71ff27fc2769a1b78a27578f13a17b -> 
  custom:container-demuxer-webm: 4f35f7cbe854078d1ac9338744f61a02 -> 
  custom:video-encoder-webm-vp8: eb34c28f22e8b96e1ab97ce403110664 -> 
  custom:framework-osx-AVFoundation: e770b220cccbd017edd2c1fefb359320 -> 
  custom:audio-encoder-webm-vorbis: bf7c407c2cedff20999df2af8eb42d56 -> 
  custom:container-demuxer-ogg: 62fdf1f143b41e24485cea50d1cbac27 -> 
  custom:video-decoder-webm-vp8: 9c59270c3fd7afecdb556c50c9e8de78 -> 
  custom:audio-decoder-ogg-vorbis: bf7c407c2cedff20999df2af8eb42d56 -> 
========================================================================
Received Import Request.
  Time since last request: 28058.641747 seconds.
  path: Assets/UI/LogoNoBack.png
  artifactKey: Guid(8848b7752d1af4b1ea16f5a8809e6217) Importer(815301076,1909f56bfc062723c751e8b465ee728b)
Start importing Assets/UI/LogoNoBack.png using Guid(8848b7752d1af4b1ea16f5a8809e6217) Importer(815301076,1909f56bfc062723c751e8b465ee728b)  -> (artifact id: '87d45d3c2e8ac3eeba5fa618c694e941') in 2.002178 seconds 
========================================================================
Received Import Request.
  Time since last request: 0.000114 seconds.
  path: Assets/UI/LogoJPG.jpg
  artifactKey: Guid(a6287123095c34dd8b1e5eafcab445c4) Importer(815301076,1909f56bfc062723c751e8b465ee728b)
Start importing Assets/UI/LogoJPG.jpg using Guid(a6287123095c34dd8b1e5eafcab445c4) Importer(815301076,1909f56bfc062723c751e8b465ee728b)  -> (artifact id: '2066ea24070694b415091ce7f797fc67') in 4.137827 seconds 
========================================================================
Received Import Request.
  Time since last request: 0.000120 seconds.
  path: Assets/UI/logo9.png
  artifactKey: Guid(a73b7570f75ec4cc681d7230c73f46f3) Importer(815301076,1909f56bfc062723c751e8b465ee728b)
Start importing Assets/UI/logo9.png using Guid(a73b7570f75ec4cc681d7230c73f46f3) Importer(815301076,1909f56bfc062723c751e8b465ee728b)  -> (artifact id: '80ffa8b0f684e10f34e80559174d0515') in 1.154506 seconds 
========================================================================
Received Import Request.
  Time since last request: 0.000194 seconds.
  path: Assets/UI/btnTemple.png
  artifactKey: Guid(e04295749f4fb9948a93c8a3f02da235) Importer(815301076,1909f56bfc062723c751e8b465ee728b)
Start importing Assets/UI/btnTemple.png using Guid(e04295749f4fb9948a93c8a3f02da235) Importer(815301076,1909f56bfc062723c751e8b465ee728b)  -> (artifact id: 'ec2cd3b83966b5b404048679470e63d8') in 0.129017 seconds 
========================================================================
Received Import Request.
  Time since last request: 0.000788 seconds.
  path: Assets/UI/btnMidnight.png
  artifactKey: Guid(145e81150db5de246adcb1bcc2436298) Importer(815301076,1909f56bfc062723c751e8b465ee728b)
Start importing Assets/UI/btnMidnight.png using Guid(145e81150db5de246adcb1bcc2436298) Importer(815301076,1909f56bfc062723c751e8b465ee728b)  -> (artifact id: 'f6371515ebc2121e60a5054f44ef89e7') in 0.124670 seconds 
========================================================================
Received Import Request.
  Time since last request: 0.000100 seconds.
  path: Assets/UI/btnWaterFall.png
  artifactKey: Guid(44964dda605d9a34492cd2059189e837) Importer(815301076,1909f56bfc062723c751e8b465ee728b)
Start importing Assets/UI/btnWaterFall.png using Guid(44964dda605d9a34492cd2059189e837) Importer(815301076,1909f56bfc062723c751e8b465ee728b)  -> (artifact id: '94c77f986b482dab978366b60c1445ac') in 0.099953 seconds 
========================================================================
Received Import Request.
  Time since last request: 0.000150 seconds.
  path: Assets/UI/btnDawn.png
  artifactKey: Guid(df4076ec99303534699d6118a5129357) Importer(815301076,1909f56bfc062723c751e8b465ee728b)
Start importing Assets/UI/btnDawn.png using Guid(df4076ec99303534699d6118a5129357) Importer(815301076,1909f56bfc062723c751e8b465ee728b)  -> (artifact id: 'dbcfebd90019c970100329666f4b188e') in 0.129042 seconds 
========================================================================
Received Prepare
Registering precompiled user dll's ...
Registered in 0.004098 seconds.
Begin MonoManager ReloadAssembly
Symbol file LoadedFromMemory doesn't match image /Users/nctutwt/Documents/GitHub/PortalxMountainTrip/PortalxMountainTrip/Library/PackageCache/com.unity.visualscripting@1.7.8/Editor/VisualScripting.Core/Dependencies/DotNetZip/Unity.VisualScripting.IonicZip.dll
Symbol file LoadedFromMemory doesn't match image /Users/nctutwt/Documents/GitHub/PortalxMountainTrip/PortalxMountainTrip/Library/PackageCache/com.unity.visualscripting@1.7.8/Editor/VisualScripting.Core/Dependencies/YamlDotNet/Unity.VisualScripting.YamlDotNet.dll
Native extension for iOS target not found
Native extension for OSXStandalone target not found
Refreshing native plugins compatible for Editor in 2.22 ms, found 2 plugins.
Preloading 0 native plugins for Editor in 0.00 ms.
Mono: successfully reloaded assembly
- Completed reload, in  2.604 seconds
Domain Reload Profiling:
	ReloadAssembly (2605ms)
		BeginReloadAssembly (341ms)
			ExecutionOrderSort (0ms)
			DisableScriptedObjects (13ms)
			BackupInstance (0ms)
			ReleaseScriptingObjects (0ms)
			CreateAndSetChildDomain (155ms)
		EndReloadAssembly (2036ms)
			LoadAssemblies (191ms)
			RebuildTransferFunctionScriptingTraits (0ms)
			SetupTypeCache (575ms)
			ReleaseScriptCaches (4ms)
			RebuildScriptCaches (123ms)
			SetupLoadedEditorAssemblies (1075ms)
				LogAssemblyErrors (0ms)
				InitializePlatformSupportModulesInManaged (53ms)
				SetLoadedEditorAssemblies (1ms)
				RefreshPlugins (2ms)
				BeforeProcessingInitializeOnLoad (209ms)
				ProcessInitializeOnLoadAttributes (470ms)
				ProcessInitializeOnLoadMethodAttributes (338ms)
				AfterProcessingInitializeOnLoad (2ms)
				EditorAssembliesLoaded (0ms)
			ExecutionOrderSort2 (0ms)
			AwakeInstancesAfterBackupRestoration (11ms)
Platform modules already initialized, skipping
Refreshing native plugins compatible for Editor in 9.25 ms, found 2 plugins.
Preloading 0 native plugins for Editor in 0.00 ms.
Unloading 4463 Unused Serialized files (Serialized files now loaded: 0)
Unloading 54 unused Assets / (23.0 KB). Loaded Objects now: 4975.
Memory consumption went from 319.2 MB to 319.2 MB.
Total: 15.349399 ms (FindLiveObjects: 0.511594 ms CreateObjectMapping: 0.379558 ms MarkObjects: 14.378029 ms  DeleteObjects: 0.078767 ms)

AssetImportParameters requested are different than current active one (requested -> active):
  custom:video-decoder-ogg-theora: a1e56fd34408186e4bbccfd4996cb3dc -> 
  custom:container-muxer-webm: aa71ff27fc2769a1b78a27578f13a17b -> 
  custom:container-demuxer-webm: 4f35f7cbe854078d1ac9338744f61a02 -> 
  custom:video-encoder-webm-vp8: eb34c28f22e8b96e1ab97ce403110664 -> 
  custom:framework-osx-AVFoundation: e770b220cccbd017edd2c1fefb359320 -> 
  custom:audio-encoder-webm-vorbis: bf7c407c2cedff20999df2af8eb42d56 -> 
  custom:container-demuxer-ogg: 62fdf1f143b41e24485cea50d1cbac27 -> 
  custom:video-decoder-webm-vp8: 9c59270c3fd7afecdb556c50c9e8de78 -> 
  custom:audio-decoder-ogg-vorbis: bf7c407c2cedff20999df2af8eb42d56 -> 
========================================================================
Received Prepare
Refreshing native plugins compatible for Editor in 28.42 ms, found 2 plugins.
Preloading 0 native plugins for Editor in 0.00 ms.
Unloading 54 Unused Serialized files (Serialized files now loaded: 0)
Unloading 54 unused Assets / (22.9 KB). Loaded Objects now: 4975.
Memory consumption went from 230.7 MB to 230.7 MB.
Total: 34.737049 ms (FindLiveObjects: 0.583278 ms CreateObjectMapping: 0.386480 ms MarkObjects: 33.707902 ms  DeleteObjects: 0.058173 ms)

AssetImportParameters requested are different than current active one (requested -> active):
  custom:video-decoder-ogg-theora: a1e56fd34408186e4bbccfd4996cb3dc -> 
  custom:container-muxer-webm: aa71ff27fc2769a1b78a27578f13a17b -> 
  custom:container-demuxer-webm: 4f35f7cbe854078d1ac9338744f61a02 -> 
  custom:video-encoder-webm-vp8: eb34c28f22e8b96e1ab97ce403110664 -> 
  custom:framework-osx-AVFoundation: e770b220cccbd017edd2c1fefb359320 -> 
  custom:audio-encoder-webm-vorbis: bf7c407c2cedff20999df2af8eb42d56 -> 
  custom:container-demuxer-ogg: 62fdf1f143b41e24485cea50d1cbac27 -> 
  custom:video-decoder-webm-vp8: 9c59270c3fd7afecdb556c50c9e8de78 -> 
  custom:audio-decoder-ogg-vorbis: bf7c407c2cedff20999df2af8eb42d56 -> 
========================================================================
Received Import Request.
  Time since last request: 2803.527498 seconds.
  path: Assets/Common/Icons/iOS/Icon-180.png
  artifactKey: Guid(73c9e6fc8fd374b119e143a8bc52bf28) Importer(815301076,1909f56bfc062723c751e8b465ee728b)
Start importing Assets/Common/Icons/iOS/Icon-180.png using Guid(73c9e6fc8fd374b119e143a8bc52bf28) Importer(815301076,1909f56bfc062723c751e8b465ee728b)  -> (artifact id: 'dab43616fd1c469f88797a5d365a8faa') in 0.883591 seconds 
========================================================================
Received Import Request.
  Time since last request: 5.537630 seconds.
  path: Assets/Common/Icons/iOS/Icon-167.png
  artifactKey: Guid(4cbc9362b367d44d58da2b6146f50c17) Importer(815301076,1909f56bfc062723c751e8b465ee728b)
Start importing Assets/Common/Icons/iOS/Icon-167.png using Guid(4cbc9362b367d44d58da2b6146f50c17) Importer(815301076,1909f56bfc062723c751e8b465ee728b)  -> (artifact id: '5bb151c45b3e2c953f386b85d85695de') in 0.044282 seconds 
========================================================================
Received Import Request.
  Time since last request: 0.000117 seconds.
  path: Assets/Common/Icons/iOS/Icon-76.png
  artifactKey: Guid(819aa9af392f0436686712974e387eb9) Importer(815301076,1909f56bfc062723c751e8b465ee728b)
Start importing Assets/Common/Icons/iOS/Icon-76.png using Guid(819aa9af392f0436686712974e387eb9) Importer(815301076,1909f56bfc062723c751e8b465ee728b)  -> (artifact id: '5d98501677fdcd5bfbbdda5f4dd58aae') in 0.025362 seconds 
========================================================================
Received Import Request.
  Time since last request: 17.043554 seconds.
  path: Assets/Common/Icons/iOS/Icon-80.png
  artifactKey: Guid(b36a145ee04964f5a8fbc998f53ad10f) Importer(815301076,1909f56bfc062723c751e8b465ee728b)
Start importing Assets/Common/Icons/iOS/Icon-80.png using Guid(b36a145ee04964f5a8fbc998f53ad10f) Importer(815301076,1909f56bfc062723c751e8b465ee728b)  -> (artifact id: '6377ee7f5678f8f7b861ffab6a2580d7') in 0.053392 seconds 
========================================================================
Received Import Request.
  Time since last request: 7.006118 seconds.
  path: Assets/Common/Icons/iOS/Icon-40.png
  artifactKey: Guid(b3252f95d1a3a4cd58871ff4716e5d8b) Importer(815301076,1909f56bfc062723c751e8b465ee728b)
Start importing Assets/Common/Icons/iOS/Icon-40.png using Guid(b3252f95d1a3a4cd58871ff4716e5d8b) Importer(815301076,1909f56bfc062723c751e8b465ee728b)  -> (artifact id: 'f09f89d9af2a6da4e515786104984d91') in 0.032806 seconds 
========================================================================
Received Import Request.
  Time since last request: 8.908123 seconds.
  path: Assets/Common/Icons/iOS/Icon-87.png
  artifactKey: Guid(dd034f60ad00b407089fd2248eb2bae0) Importer(815301076,1909f56bfc062723c751e8b465ee728b)
Start importing Assets/Common/Icons/iOS/Icon-87.png using Guid(dd034f60ad00b407089fd2248eb2bae0) Importer(815301076,1909f56bfc062723c751e8b465ee728b)  -> (artifact id: '4badf7141726f76fa34735875bf5eb5b') in 0.037678 seconds 
========================================================================
Received Import Request.
  Time since last request: 0.000136 seconds.
  path: Assets/Common/Icons/iOS/Icon-29.png
  artifactKey: Guid(ead39ea5b70b3401090170549ec78dda) Importer(815301076,1909f56bfc062723c751e8b465ee728b)
Start importing Assets/Common/Icons/iOS/Icon-29.png using Guid(ead39ea5b70b3401090170549ec78dda) Importer(815301076,1909f56bfc062723c751e8b465ee728b)  -> (artifact id: 'fb3014f5ec58c30aac965868efe86ad9') in 0.032327 seconds 
========================================================================
Received Import Request.
  Time since last request: 3.942732 seconds.
  path: Assets/Common/Icons/iOS/Icon-60.png
  artifactKey: Guid(83a6483f53e5f448a84f14d9e27ee822) Importer(815301076,1909f56bfc062723c751e8b465ee728b)
Start importing Assets/Common/Icons/iOS/Icon-60.png using Guid(83a6483f53e5f448a84f14d9e27ee822) Importer(815301076,1909f56bfc062723c751e8b465ee728b)  -> (artifact id: '75c51b1285ab9d6933ef829ac9d44f15') in 0.030610 seconds 
========================================================================
Received Import Request.
  Time since last request: 22.951343 seconds.
  path: Assets/Weeping_Willow/Weeping_Willow/Leaf_Map_Mobile_Bare_1_Atlas_Normal.tga
  artifactKey: Guid(eb85df4bcdabd8d4f95eb73095a22945) Importer(815301076,1909f56bfc062723c751e8b465ee728b)
Start importing Assets/Weeping_Willow/Weeping_Willow/Leaf_Map_Mobile_Bare_1_Atlas_Normal.tga using Guid(eb85df4bcdabd8d4f95eb73095a22945) Importer(815301076,1909f56bfc062723c751e8b465ee728b)  -> (artifact id: 'ef2fc1ef73365dbb261750280a45dca6') in 2.999754 seconds 
========================================================================
Received Import Request.
  Time since last request: 0.000168 seconds.
  path: Assets/Ground textures pack/Grass & rocks/normal.tga
  artifactKey: Guid(e5895469fa6440e4a876bf0672599e59) Importer(815301076,1909f56bfc062723c751e8b465ee728b)
Start importing Assets/Ground textures pack/Grass & rocks/normal.tga using Guid(e5895469fa6440e4a876bf0672599e59) Importer(815301076,1909f56bfc062723c751e8b465ee728b)  -> (artifact id: 'cd1586cf388a193e0847abc6f6ea22fb') in 0.084416 seconds 
========================================================================
Received Import Request.
  Time since last request: 0.001013 seconds.
  path: Assets/Environment/ModularAsianPalace/Textures/OldWoodPlanks_normal.tga
  artifactKey: Guid(f1b12503831f0c5459fbb1409e1503b1) Importer(815301076,1909f56bfc062723c751e8b465ee728b)
Start importing Assets/Environment/ModularAsianPalace/Textures/OldWoodPlanks_normal.tga using Guid(f1b12503831f0c5459fbb1409e1503b1) Importer(815301076,1909f56bfc062723c751e8b465ee728b)  -> (artifact id: '1cd384252b66779155f512292fe9d7b4') in 0.106948 seconds 
========================================================================
Received Import Request.
  Time since last request: 0.000092 seconds.
  path: Assets/Environment/Mountain Trees Pack/Trees/Leaves/Leaves_spec.psd
  artifactKey: Guid(4194aaf518616fc40927237fa670ced5) Importer(815301076,1909f56bfc062723c751e8b465ee728b)
Start importing Assets/Environment/Mountain Trees Pack/Trees/Leaves/Leaves_spec.psd using Guid(4194aaf518616fc40927237fa670ced5) Importer(815301076,1909f56bfc062723c751e8b465ee728b)  -> (artifact id: '1859447a21c48f7ec68de84a093fe001') in 4.664279 seconds 
========================================================================
Received Import Request.
  Time since last request: 0.000140 seconds.
  path: Assets/Environment/Mountain Trees Pack/Trees/Prefabs/MountainTreeSpruce_02_Textures/normal_specular.png
  artifactKey: Guid(3e942d7192d00f145bfe6f49e05dcc5f) Importer(815301076,1909f56bfc062723c751e8b465ee728b)
Start importing Assets/Environment/Mountain Trees Pack/Trees/Prefabs/MountainTreeSpruce_02_Textures/normal_specular.png using Guid(3e942d7192d00f145bfe6f49e05dcc5f) Importer(815301076,1909f56bfc062723c751e8b465ee728b)  -> (artifact id: '876a0745c29ed64ad182be939e3ce19a') in 0.109793 seconds 
========================================================================
Received Import Request.
  Time since last request: 0.001294 seconds.
  path: Assets/DragonTheUsurper/Textures/Albino/MetalSmoothness.png
  artifactKey: Guid(8eb27f045504083469ec30702ae82adc) Importer(815301076,1909f56bfc062723c751e8b465ee728b)
Start importing Assets/DragonTheUsurper/Textures/Albino/MetalSmoothness.png using Guid(8eb27f045504083469ec30702ae82adc) Importer(815301076,1909f56bfc062723c751e8b465ee728b)  -> (artifact id: '4aa85231aa76cb7a27c9f392efc648de') in 0.235564 seconds 
========================================================================
Received Import Request.
  Time since last request: 0.000212 seconds.
  path: Assets/Ground textures pack/Grass 03/preview.jpg
  artifactKey: Guid(9074a9b5ce95d5b4eb1a31e80b0a0a41) Importer(815301076,1909f56bfc062723c751e8b465ee728b)
Start importing Assets/Ground textures pack/Grass 03/preview.jpg using Guid(9074a9b5ce95d5b4eb1a31e80b0a0a41) Importer(815301076,1909f56bfc062723c751e8b465ee728b)  -> (artifact id: '3ad764dd7909e09a18c60175bd311aae') in 0.047209 seconds 
========================================================================
Received Import Request.
  Time since last request: 0.001505 seconds.
  path: Assets/Weeping_Willow/Weeping_Willow/Leaf_Map_Mobile_Fall_1_Atlas.tga
  artifactKey: Guid(13ba0f2d9071ed94a8b7dde458ee9a1b) Importer(815301076,1909f56bfc062723c751e8b465ee728b)
Start importing Assets/Weeping_Willow/Weeping_Willow/Leaf_Map_Mobile_Fall_1_Atlas.tga using Guid(13ba0f2d9071ed94a8b7dde458ee9a1b) Importer(815301076,1909f56bfc062723c751e8b465ee728b)  -> (artifact id: '9da07a5031f90a444ba6010a231aed9f') in 0.052575 seconds 
========================================================================
Received Import Request.
  Time since last request: 0.000085 seconds.
  path: Assets/Environment/ModularAsianPalace/Textures/OldWoodPlanks_diff.tga
  artifactKey: Guid(7b3ba7c13f8a6bb41904d7e62fba9ca5) Importer(815301076,1909f56bfc062723c751e8b465ee728b)
Start importing Assets/Environment/ModularAsianPalace/Textures/OldWoodPlanks_diff.tga using Guid(7b3ba7c13f8a6bb41904d7e62fba9ca5) Importer(815301076,1909f56bfc062723c751e8b465ee728b)  -> (artifact id: '950bf8b1e8986bb996ba2eda4f43ef9e') in 0.052240 seconds 
========================================================================
Received Import Request.
  Time since last request: 0.000150 seconds.
  path: Assets/Environment/Rocks and Boulders 2/Rocks/Source/Textures/Rock1_nmp.tif
  artifactKey: Guid(42c12cb55ddd98245a0b2c96121c8a5a) Importer(815301076,1909f56bfc062723c751e8b465ee728b)
Start importing Assets/Environment/Rocks and Boulders 2/Rocks/Source/Textures/Rock1_nmp.tif using Guid(42c12cb55ddd98245a0b2c96121c8a5a) Importer(815301076,1909f56bfc062723c751e8b465ee728b)  -> (artifact id: 'fcb4b56f7d6d8b12d67f0c21cc5c73ec') in 2.561837 seconds 
========================================================================
Received Import Request.
  Time since last request: 0.000178 seconds.
  path: Assets/Standard Assets/Environment/SpeedTree/Palm/PalmFrond_Spec.tga
  artifactKey: Guid(3e27d9cfd3a59af4ebdf7444f6f57620) Importer(815301076,1909f56bfc062723c751e8b465ee728b)
Start importing Assets/Standard Assets/Environment/SpeedTree/Palm/PalmFrond_Spec.tga using Guid(3e27d9cfd3a59af4ebdf7444f6f57620) Importer(815301076,1909f56bfc062723c751e8b465ee728b)  -> (artifact id: 'fc7952e16ef951c5e4733533d3c78625') in 0.086063 seconds 
========================================================================
Received Import Request.
  Time since last request: 0.000119 seconds.
  path: Assets/Nobiax Free Hesco/Asset Store/screenshots/preview.jpg
  artifactKey: Guid(53daf8665bfda82428a59b41d2581643) Importer(815301076,1909f56bfc062723c751e8b465ee728b)
Start importing Assets/Nobiax Free Hesco/Asset Store/screenshots/preview.jpg using Guid(53daf8665bfda82428a59b41d2581643) Importer(815301076,1909f56bfc062723c751e8b465ee728b)  -> (artifact id: '11e13e64ea56cb7c9f8dfaf0b0cda0fb') in 0.051723 seconds 
========================================================================
Received Import Request.
  Time since last request: 0.000866 seconds.
  path: Assets/Environment/Rocks and Boulders 2/Rocks/Source/Textures/neutral_nmp.tif
  artifactKey: Guid(be834ced0f6dfe5449701caebb2023c9) Importer(815301076,1909f56bfc062723c751e8b465ee728b)
Start importing Assets/Environment/Rocks and Boulders 2/Rocks/Source/Textures/neutral_nmp.tif using Guid(be834ced0f6dfe5449701caebb2023c9) Importer(815301076,1909f56bfc062723c751e8b465ee728b)  -> (artifact id: '7f15d45ced9a7367bceb9a11c011ac47') in 0.016424 seconds 
========================================================================
Received Import Request.
  Time since last request: 0.000087 seconds.
  path: Assets/Ground textures pack/Grass 04/normal.tga
  artifactKey: Guid(764d3e4236eef804e831508161d4411f) Importer(815301076,1909f56bfc062723c751e8b465ee728b)
Start importing Assets/Ground textures pack/Grass 04/normal.tga using Guid(764d3e4236eef804e831508161d4411f) Importer(815301076,1909f56bfc062723c751e8b465ee728b)  -> (artifact id: '305db4bf63b50d4e286bec955efa485c') in 0.036438 seconds 
========================================================================
Received Import Request.
  Time since last request: 0.000132 seconds.
  path: Assets/Editor/Vuforia/ImageTargetTextures/UnityAR/mountain_scaled.jpg
  artifactKey: Guid(8d0480f84fa747bbae4a2c5669477e0f) Importer(815301076,1909f56bfc062723c751e8b465ee728b)
Start importing Assets/Editor/Vuforia/ImageTargetTextures/UnityAR/mountain_scaled.jpg using Guid(8d0480f84fa747bbae4a2c5669477e0f) Importer(815301076,1909f56bfc062723c751e8b465ee728b)  -> (artifact id: '2b88932a50294112ec22eec6cda8c31c') in 0.067382 seconds 
========================================================================
Received Import Request.
  Time since last request: 0.000142 seconds.
  path: Assets/Environment/Mountain Trees Pack/Trees/Leaves/Leaves_nrm.psd
  artifactKey: Guid(99065be8d15ffc44dbfb7e7f7acc4600) Importer(815301076,1909f56bfc062723c751e8b465ee728b)
Start importing Assets/Environment/Mountain Trees Pack/Trees/Leaves/Leaves_nrm.psd using Guid(99065be8d15ffc44dbfb7e7f7acc4600) Importer(815301076,1909f56bfc062723c751e8b465ee728b)  -> (artifact id: '614ba7a896d3e108e76e1d76a1c8e371') in 0.281016 seconds 
========================================================================
Received Import Request.
  Time since last request: 0.003078 seconds.
  path: Assets/DragonTheUsurper/Textures/Red/Normal.png
  artifactKey: Guid(ef44e15367e1e1e4a931705126bee949) Importer(815301076,1909f56bfc062723c751e8b465ee728b)
Start importing Assets/DragonTheUsurper/Textures/Red/Normal.png using Guid(ef44e15367e1e1e4a931705126bee949) Importer(815301076,1909f56bfc062723c751e8b465ee728b)  -> (artifact id: '7394ef27f393b41a245f28c0c60c8803') in 0.245809 seconds 
========================================================================
Received Import Request.
  Time since last request: 0.000133 seconds.
  path: Assets/Ground textures pack/Ground & rocks 03/preview.jpg
  artifactKey: Guid(451182d55aea8cb4e90af164a14e8bee) Importer(815301076,1909f56bfc062723c751e8b465ee728b)
Start importing Assets/Ground textures pack/Ground & rocks 03/preview.jpg using Guid(451182d55aea8cb4e90af164a14e8bee) Importer(815301076,1909f56bfc062723c751e8b465ee728b)  -> (artifact id: '1ec501b73ed153201fb319c267dab8b9') in 0.075672 seconds 
========================================================================
Received Import Request.
  Time since last request: 0.021638 seconds.
  path: Assets/Ground textures pack/Ground 02/normal.tga
  artifactKey: Guid(bf5346a62bd7d0b43a30d8188cf4163e) Importer(815301076,1909f56bfc062723c751e8b465ee728b)
Start importing Assets/Ground textures pack/Ground 02/normal.tga using Guid(bf5346a62bd7d0b43a30d8188cf4163e) Importer(815301076,1909f56bfc062723c751e8b465ee728b)  -> (artifact id: '739a919ee7aa9ac7ec21c18482bc0fcf') in 0.028041 seconds 
========================================================================
Received Import Request.
  Time since last request: 0.000113 seconds.
  path: Assets/Ground textures pack/Grass 04/preview.jpg
  artifactKey: Guid(023e18c83e08fe848a850693dc1cf60a) Importer(815301076,1909f56bfc062723c751e8b465ee728b)
Start importing Assets/Ground textures pack/Grass 04/preview.jpg using Guid(023e18c83e08fe848a850693dc1cf60a) Importer(815301076,1909f56bfc062723c751e8b465ee728b)  -> (artifact id: '2fe71066ebf8851a19143ec05be9f6ce') in 0.068079 seconds 
========================================================================
Received Import Request.
  Time since last request: 0.000181 seconds.
  path: Assets/Standard Assets/Environment/SpeedTree/Palm/PalmFrond.tga
  artifactKey: Guid(b87734d3c84dd1c43bd931282e470145) Importer(815301076,1909f56bfc062723c751e8b465ee728b)
Start importing Assets/Standard Assets/Environment/SpeedTree/Palm/PalmFrond.tga using Guid(b87734d3c84dd1c43bd931282e470145) Importer(815301076,1909f56bfc062723c751e8b465ee728b)  -> (artifact id: '292f231014edc571c9998f56101130ca') in 0.097306 seconds 
========================================================================
Received Import Request.
  Time since last request: 0.000083 seconds.
  path: Assets/Jade Samurai - Mobile/Textures/M_Samurai_Diffuse.png
  artifactKey: Guid(c2e0571e709c8e743ab9522e9fea77ef) Importer(815301076,1909f56bfc062723c751e8b465ee728b)
Start importing Assets/Jade Samurai - Mobile/Textures/M_Samurai_Diffuse.png using Guid(c2e0571e709c8e743ab9522e9fea77ef) Importer(815301076,1909f56bfc062723c751e8b465ee728b)  -> (artifact id: '2fed5467687f3ec6397946e59338afe0') in 0.183862 seconds 
========================================================================
Received Import Request.
  Time since last request: 0.000186 seconds.
  path: Assets/Standard Assets/Environment/SpeedTree/Palm/PalmBark_Detail_Normal.tga
  artifactKey: Guid(bf4c945c1f5a9b74bb15ab0c7f238617) Importer(815301076,1909f56bfc062723c751e8b465ee728b)
Start importing Assets/Standard Assets/Environment/SpeedTree/Palm/PalmBark_Detail_Normal.tga using Guid(bf4c945c1f5a9b74bb15ab0c7f238617) Importer(815301076,1909f56bfc062723c751e8b465ee728b)  -> (artifact id: '7c9ef802104008c69fc8dcaeec25ddb9') in 0.139499 seconds 
========================================================================
Received Import Request.
  Time since last request: 0.000085 seconds.
  path: Assets/Standard Assets/Environment/TerrainAssets/SurfaceTextures/MudRockyNormals.bmp
  artifactKey: Guid(58a059b07b093a745b47c2191525ddce) Importer(815301076,1909f56bfc062723c751e8b465ee728b)
Start importing Assets/Standard Assets/Environment/TerrainAssets/SurfaceTextures/MudRockyNormals.bmp using Guid(58a059b07b093a745b47c2191525ddce) Importer(815301076,1909f56bfc062723c751e8b465ee728b)  -> (artifact id: '857a8aa7f4c9ac707a36aa8197e49b39') in 2.725125 seconds 
========================================================================
Received Import Request.
  Time since last request: 0.000198 seconds.
  path: Assets/Ground textures pack/Ground & rocks 03/normal.tga
  artifactKey: Guid(cff344200e51614498e78e8f88d54273) Importer(815301076,1909f56bfc062723c751e8b465ee728b)
Start importing Assets/Ground textures pack/Ground & rocks 03/normal.tga using Guid(cff344200e51614498e78e8f88d54273) Importer(815301076,1909f56bfc062723c751e8b465ee728b)  -> (artifact id: '3a63d29741da87b1d6849d6a31000283') in 0.078041 seconds 
========================================================================
Received Import Request.
  Time since last request: 0.002166 seconds.
  path: Assets/Weeping_Willow/Weeping_Willow/Leaf_Map_Mobile_Fall_1_Atlas_Billboards_Normal.tga
  artifactKey: Guid(82905f73f1b70e64b8c36ff6ae34bb93) Importer(815301076,1909f56bfc062723c751e8b465ee728b)
Start importing Assets/Weeping_Willow/Weeping_Willow/Leaf_Map_Mobile_Fall_1_Atlas_Billboards_Normal.tga using Guid(82905f73f1b70e64b8c36ff6ae34bb93) Importer(815301076,1909f56bfc062723c751e8b465ee728b)  -> (artifact id: '2fd8e005a147e6aa421415609005e6b9') in 0.082675 seconds 
========================================================================
Received Import Request.
  Time since last request: 0.004697 seconds.
  path: Assets/Environment/Rocks and Boulders 2/Rocks/Source/Textures/Rock1.tif
  artifactKey: Guid(d0692a948ca573d4cb0b93ffb1c8a033) Importer(815301076,1909f56bfc062723c751e8b465ee728b)
Start importing Assets/Environment/Rocks and Boulders 2/Rocks/Source/Textures/Rock1.tif using Guid(d0692a948ca573d4cb0b93ffb1c8a033) Importer(815301076,1909f56bfc062723c751e8b465ee728b)  -> (artifact id: 'defb0bc30de923ea7cba71790111a995') in 0.315180 seconds 
========================================================================
Received Import Request.
  Time since last request: 0.000445 seconds.
  path: Assets/Ground textures pack/Ground & rocks 02/normal.tga
  artifactKey: Guid(1ce8744130c8d5542bb1f6e380e35a7e) Importer(815301076,1909f56bfc062723c751e8b465ee728b)
Start importing Assets/Ground textures pack/Ground & rocks 02/normal.tga using Guid(1ce8744130c8d5542bb1f6e380e35a7e) Importer(815301076,1909f56bfc062723c751e8b465ee728b)  -> (artifact id: 'b63d740be274a34d5b3174a04b7b89d3') in 0.030400 seconds 
========================================================================
Received Import Request.
  Time since last request: 0.000090 seconds.
  path: Assets/Environment/Rocks and Boulders 2/Rocks/Source/Textures/Rock2_h.png
  artifactKey: Guid(7235df9ad3bd98540b629d630d1f62c5) Importer(815301076,1909f56bfc062723c751e8b465ee728b)
Start importing Assets/Environment/Rocks and Boulders 2/Rocks/Source/Textures/Rock2_h.png using Guid(7235df9ad3bd98540b629d630d1f62c5) Importer(815301076,1909f56bfc062723c751e8b465ee728b)  -> (artifact id: 'd3c3b7411a29e324ddb91fb5df5666bb') in 0.219890 seconds 
========================================================================
Received Import Request.
  Time since last request: 0.000126 seconds.
  path: Assets/Standard Assets/Environment/TerrainAssets/SurfaceTextures/MudRockyAlbedoSpecular.bmp
  artifactKey: Guid(ef5c51cfa2ce46043a41a376b560c525) Importer(815301076,1909f56bfc062723c751e8b465ee728b)
Start importing Assets/Standard Assets/Environment/TerrainAssets/SurfaceTextures/MudRockyAlbedoSpecular.bmp using Guid(ef5c51cfa2ce46043a41a376b560c525) Importer(815301076,1909f56bfc062723c751e8b465ee728b)  -> (artifact id: 'b5f3196564e5a5a8e207889aeb5b94eb') in 0.030463 seconds 
========================================================================
Received Import Request.
  Time since last request: 0.000077 seconds.
  path: Assets/Environment/Waterfall/ParticleCloudWhite.png
  artifactKey: Guid(5b303ff28ad9368468a2edd759cf458d) Importer(815301076,1909f56bfc062723c751e8b465ee728b)
Start importing Assets/Environment/Waterfall/ParticleCloudWhite.png using Guid(5b303ff28ad9368468a2edd759cf458d) Importer(815301076,1909f56bfc062723c751e8b465ee728b)  -> (artifact id: '5aaf335cee5c451aa3c4f8da2d21a712') in 0.074892 seconds 
========================================================================
Received Import Request.
  Time since last request: 0.000110 seconds.
  path: Assets/Jade Samurai - Mobile/Textures/M_Samurai_Albedo_alt.png
  artifactKey: Guid(cc2d81c651723624d9ff075f4f5c795d) Importer(815301076,1909f56bfc062723c751e8b465ee728b)
Start importing Assets/Jade Samurai - Mobile/Textures/M_Samurai_Albedo_alt.png using Guid(cc2d81c651723624d9ff075f4f5c795d) Importer(815301076,1909f56bfc062723c751e8b465ee728b)  -> (artifact id: 'e3b551f7648f7c51b75999450f5e0051') in 0.195009 seconds 
========================================================================
Received Import Request.
  Time since last request: 0.000093 seconds.
  path: Assets/Ground textures pack/Grass 02/preview.jpg
  artifactKey: Guid(c3f3938c7c9e3d746a4d01269c0e3bbe) Importer(815301076,1909f56bfc062723c751e8b465ee728b)
Start importing Assets/Ground textures pack/Grass 02/preview.jpg using Guid(c3f3938c7c9e3d746a4d01269c0e3bbe) Importer(815301076,1909f56bfc062723c751e8b465ee728b)  -> (artifact id: '7d3a727a1e8495a43ecaaa9cb216dc0b') in 0.033432 seconds 
========================================================================
Received Import Request.
  Time since last request: 0.010953 seconds.
  path: Assets/Editor/Vuforia/ImageTargetTextures/VuforiaMars_Images/Oxygen_scaled.jpg
  artifactKey: Guid(cc6daa766aade3b4cbaeeac788249a2e) Importer(815301076,1909f56bfc062723c751e8b465ee728b)
Start importing Assets/Editor/Vuforia/ImageTargetTextures/VuforiaMars_Images/Oxygen_scaled.jpg using Guid(cc6daa766aade3b4cbaeeac788249a2e) Importer(815301076,1909f56bfc062723c751e8b465ee728b)  -> (artifact id: '0cc5feae5b74996a9628f06072c26c09') in 0.054189 seconds 
========================================================================
Received Import Request.
  Time since last request: 0.000163 seconds.
  path: Packages/com.unity.purchasing/Icons/LinkBlack.png
  artifactKey: Guid(33d3dd2c39dfd49a3b2d36b20225624a) Importer(815301076,1909f56bfc062723c751e8b465ee728b)
Start importing Packages/com.unity.purchasing/Icons/LinkBlack.png using Guid(33d3dd2c39dfd49a3b2d36b20225624a) Importer(815301076,1909f56bfc062723c751e8b465ee728b)  -> (artifact id: '47c1a2cffbd67d04dd2e492109ba5e0b') in 0.020424 seconds 
========================================================================
Received Import Request.
  Time since last request: 0.000089 seconds.
  path: Assets/Jade Samurai - Mobile/Textures/M_Samurai_Albedo.png
  artifactKey: Guid(e21d38d469b4eee4d82c80c61aedf1e2) Importer(815301076,1909f56bfc062723c751e8b465ee728b)
Start importing Assets/Jade Samurai - Mobile/Textures/M_Samurai_Albedo.png using Guid(e21d38d469b4eee4d82c80c61aedf1e2) Importer(815301076,1909f56bfc062723c751e8b465ee728b)  -> (artifact id: '72ff10c7ded8713e6e281727c2681892') in 0.265402 seconds 
========================================================================
Received Import Request.
  Time since last request: 0.000161 seconds.
  path: Assets/Ground textures pack/Ground & moss/normal.tga
  artifactKey: Guid(a5c98dee3744c1944a469568d41d8eb4) Importer(815301076,1909f56bfc062723c751e8b465ee728b)
Start importing Assets/Ground textures pack/Ground & moss/normal.tga using Guid(a5c98dee3744c1944a469568d41d8eb4) Importer(815301076,1909f56bfc062723c751e8b465ee728b)  -> (artifact id: '920d093ceced7f88d03e9e85c7a3ef0e') in 0.029112 seconds 
========================================================================
Received Import Request.
  Time since last request: 0.000306 seconds.
  path: Assets/Weeping_Willow/Weeping_Willow/Leaf_Map_Mobile_Fall_1_Atlas_Billboards.tga
  artifactKey: Guid(1f561fcacc1d9b74fa4e536fa36902f8) Importer(815301076,1909f56bfc062723c751e8b465ee728b)
Start importing Assets/Weeping_Willow/Weeping_Willow/Leaf_Map_Mobile_Fall_1_Atlas_Billboards.tga using Guid(1f561fcacc1d9b74fa4e536fa36902f8) Importer(815301076,1909f56bfc062723c751e8b465ee728b)  -> (artifact id: '7cc8821fa9e2a8b691a6227d90eade30') in 0.081411 seconds 
========================================================================
Received Import Request.
  Time since last request: 0.000104 seconds.
  path: Assets/Jade Samurai - Mobile/Textures/M_Samurai_AO.png
  artifactKey: Guid(249d6e2fd73e4a542b4096b508e2828c) Importer(815301076,1909f56bfc062723c751e8b465ee728b)
Start importing Assets/Jade Samurai - Mobile/Textures/M_Samurai_AO.png using Guid(249d6e2fd73e4a542b4096b508e2828c) Importer(815301076,1909f56bfc062723c751e8b465ee728b)  -> (artifact id: '4dc9ee587181b5b3519de26d7d5b83be') in 0.148283 seconds 
========================================================================
Received Import Request.
  Time since last request: 0.007827 seconds.
  path: Assets/Standard Assets/Environment/SpeedTree/Palm/PalmFrond_Normal.tga
  artifactKey: Guid(c4a7fc95fd5ac3942b8e85ec6c60a1fa) Importer(815301076,1909f56bfc062723c751e8b465ee728b)
Start importing Assets/Standard Assets/Environment/SpeedTree/Palm/PalmFrond_Normal.tga using Guid(c4a7fc95fd5ac3942b8e85ec6c60a1fa) Importer(815301076,1909f56bfc062723c751e8b465ee728b)  -> (artifact id: '7bcf386e8e74b48556de5068b2cdaf07') in 0.061914 seconds 
========================================================================
Received Import Request.
  Time since last request: 0.000132 seconds.
  path: Assets/DragonTheUsurper/Textures/Blue/Normal.png
  artifactKey: Guid(655852d26a1285e4d84c0a21b901148a) Importer(815301076,1909f56bfc062723c751e8b465ee728b)
Start importing Assets/DragonTheUsurper/Textures/Blue/Normal.png using Guid(655852d26a1285e4d84c0a21b901148a) Importer(815301076,1909f56bfc062723c751e8b465ee728b)  -> (artifact id: 'edc61c2de43510b8b591a5019677d10a') in 0.229884 seconds 
========================================================================
Received Import Request.
  Time since last request: 0.000172 seconds.
  path: Assets/DragonTheUsurper/Textures/Dark/MetalSmooth.png
  artifactKey: Guid(49e7ec9ad8cd2c844a4fc81e264a14f4) Importer(815301076,1909f56bfc062723c751e8b465ee728b)
Start importing Assets/DragonTheUsurper/Textures/Dark/MetalSmooth.png using Guid(49e7ec9ad8cd2c844a4fc81e264a14f4) Importer(815301076,1909f56bfc062723c751e8b465ee728b)  -> (artifact id: 'ce9d41481776af0bebd0b7e4c88153ee') in 0.320687 seconds 
========================================================================
Received Import Request.
  Time since last request: 0.000089 seconds.
  path: Assets/Ground textures pack/Lava/normal.tga
  artifactKey: Guid(d9327a0e08e4ab54284a5f31a7e7db5a) Importer(815301076,1909f56bfc062723c751e8b465ee728b)
Start importing Assets/Ground textures pack/Lava/normal.tga using Guid(d9327a0e08e4ab54284a5f31a7e7db5a) Importer(815301076,1909f56bfc062723c751e8b465ee728b)  -> (artifact id: '6977510ecf90cf90801a3cdc9e5b6190') in 0.025896 seconds 
========================================================================
Received Import Request.
  Time since last request: 0.003497 seconds.
  path: Assets/Jade Samurai - Mobile/Textures/M_Samurai_Metal.tga
  artifactKey: Guid(53c41d2620f9ec840aa967b9e877979b) Importer(815301076,1909f56bfc062723c751e8b465ee728b)
Start importing Assets/Jade Samurai - Mobile/Textures/M_Samurai_Metal.tga using Guid(53c41d2620f9ec840aa967b9e877979b) Importer(815301076,1909f56bfc062723c751e8b465ee728b)  -> (artifact id: '3b4ea5059f30ba4d654ad8b53dab9e92') in 0.146051 seconds 
========================================================================
Received Import Request.
  Time since last request: 0.000203 seconds.
  path: Assets/Jade Samurai - Mobile/Textures/M_Samurai_IDMask.png
  artifactKey: Guid(c5de7b2abb83d6e42bee1970581a1670) Importer(815301076,1909f56bfc062723c751e8b465ee728b)
Start importing Assets/Jade Samurai - Mobile/Textures/M_Samurai_IDMask.png using Guid(c5de7b2abb83d6e42bee1970581a1670) Importer(815301076,1909f56bfc062723c751e8b465ee728b)  -> (artifact id: 'f4c4c62f061183c5cf7773287ec322a5') in 0.096417 seconds 
========================================================================
Received Import Request.
  Time since last request: 0.000129 seconds.
  path: Assets/Ground textures pack/Ground 01/normal.tga
  artifactKey: Guid(f49b46ff67c24a84ba0cdb7301ab7337) Importer(815301076,1909f56bfc062723c751e8b465ee728b)
Start importing Assets/Ground textures pack/Ground 01/normal.tga using Guid(f49b46ff67c24a84ba0cdb7301ab7337) Importer(815301076,1909f56bfc062723c751e8b465ee728b)  -> (artifact id: '88a4e85ccf247f455ae647ae46fbfc56') in 0.047545 seconds 
========================================================================
Received Import Request.
  Time since last request: 0.000094 seconds.
  path: Assets/Ground textures pack/Ground & moss/preview.jpg
  artifactKey: Guid(89b1108068912fd4e81b047cbe3a5182) Importer(815301076,1909f56bfc062723c751e8b465ee728b)
Start importing Assets/Ground textures pack/Ground & moss/preview.jpg using Guid(89b1108068912fd4e81b047cbe3a5182) Importer(815301076,1909f56bfc062723c751e8b465ee728b)  -> (artifact id: '6bf901a77a8a016c4f33c3d3748a34e9') in 0.063080 seconds 
========================================================================
Received Import Request.
  Time since last request: 0.000103 seconds.
  path: Assets/Ground textures pack/Ground & weeds/normal.tga
  artifactKey: Guid(aaf8aa487d001f44f9726eb6ee77d298) Importer(815301076,1909f56bfc062723c751e8b465ee728b)
Start importing Assets/Ground textures pack/Ground & weeds/normal.tga using Guid(aaf8aa487d001f44f9726eb6ee77d298) Importer(815301076,1909f56bfc062723c751e8b465ee728b)  -> (artifact id: '7e015d421f2fefad4c9486d1e9866bf6') in 0.072324 seconds 
========================================================================
Received Import Request.
  Time since last request: 0.000097 seconds.
  path: Assets/Ground textures pack/Ground & rocks 01/normal.tga
  artifactKey: Guid(7d7d59aaca791d54c9726e6b4e1feb61) Importer(815301076,1909f56bfc062723c751e8b465ee728b)
Start importing Assets/Ground textures pack/Ground & rocks 01/normal.tga using Guid(7d7d59aaca791d54c9726e6b4e1feb61) Importer(815301076,1909f56bfc062723c751e8b465ee728b)  -> (artifact id: 'ddc1aa6b809c8eff676ac89c2e8ebf6c') in 0.026447 seconds 
========================================================================
Received Import Request.
  Time since last request: 0.000086 seconds.
  path: Assets/Environment/Rocks and Boulders 2/Rocks/Source/Textures/Rock1_ao.png
  artifactKey: Guid(ddad99722f2103e4c9a909f6cedf8ea3) Importer(815301076,1909f56bfc062723c751e8b465ee728b)
Start importing Assets/Environment/Rocks and Boulders 2/Rocks/Source/Textures/Rock1_ao.png using Guid(ddad99722f2103e4c9a909f6cedf8ea3) Importer(815301076,1909f56bfc062723c751e8b465ee728b)  -> (artifact id: '558af4abc0bb953502360c358ef5ef0b') in 0.181094 seconds 
========================================================================
Received Import Request.
  Time since last request: 0.000256 seconds.
  path: Assets/Jade Samurai - Mobile/Textures/M_Samurai_SkinMask.png
  artifactKey: Guid(bbf309194e738ee43a676a2228923ab4) Importer(815301076,1909f56bfc062723c751e8b465ee728b)
Start importing Assets/Jade Samurai - Mobile/Textures/M_Samurai_SkinMask.png using Guid(bbf309194e738ee43a676a2228923ab4) Importer(815301076,1909f56bfc062723c751e8b465ee728b)  -> (artifact id: 'da311d212438848145dabed8a0f74778') in 0.054852 seconds 
========================================================================
Received Import Request.
  Time since last request: 0.000114 seconds.
  path: Assets/Ground textures pack/Grass & dead leafs 01/preview.jpg
  artifactKey: Guid(9f425c22a471a47459e192cb7dafd4c5) Importer(815301076,1909f56bfc062723c751e8b465ee728b)
Start importing Assets/Ground textures pack/Grass & dead leafs 01/preview.jpg using Guid(9f425c22a471a47459e192cb7dafd4c5) Importer(815301076,1909f56bfc062723c751e8b465ee728b)  -> (artifact id: '93a7410a341e0e3f205f6f014d57b1c7') in 0.050539 seconds 
========================================================================
Received Import Request.
  Time since last request: 0.000091 seconds.
  path: Assets/Environment/ModularAsianPalace/Textures/OldWoodPlanks_spec.psd
  artifactKey: Guid(97b049d0c9537f64b8ccb6c74a83c92a) Importer(815301076,1909f56bfc062723c751e8b465ee728b)
Start importing Assets/Environment/ModularAsianPalace/Textures/OldWoodPlanks_spec.psd using Guid(97b049d0c9537f64b8ccb6c74a83c92a) Importer(815301076,1909f56bfc062723c751e8b465ee728b)  -> (artifact id: '222e399077e1f2ee8c7fc8d0c74014d9') in 0.087201 seconds 
========================================================================
Received Import Request.
  Time since last request: 0.000100 seconds.
  path: Assets/Editor/Vuforia/ImageTargetTextures/VuforiaMars_Images/MarsBox.Back_scaled.jpg
  artifactKey: Guid(cd759bcce9643934392e470cd9d0d179) Importer(815301076,1909f56bfc062723c751e8b465ee728b)
Start importing Assets/Editor/Vuforia/ImageTargetTextures/VuforiaMars_Images/MarsBox.Back_scaled.jpg using Guid(cd759bcce9643934392e470cd9d0d179) Importer(815301076,1909f56bfc062723c751e8b465ee728b)  -> (artifact id: '6379f9f23f5adc2ca6d84854d0419505') in 0.051624 seconds 
========================================================================
Received Import Request.
  Time since last request: 0.000264 seconds.
  path: Packages/com.unity.xr.arkit/Tests/Editor/Assets/one.png
  artifactKey: Guid(78e805609261e4e10abef2031776309c) Importer(815301076,1909f56bfc062723c751e8b465ee728b)
Start importing Packages/com.unity.xr.arkit/Tests/Editor/Assets/one.png using Guid(78e805609261e4e10abef2031776309c) Importer(815301076,1909f56bfc062723c751e8b465ee728b)  -> (artifact id: '8f630cba3642fcc38bd0e224889c7060') in 0.065755 seconds 
========================================================================
Received Import Request.
  Time since last request: 0.006093 seconds.
  path: Assets/Standard Assets/Environment/SpeedTree/Palm/Palm_Desktop_Atlas_Specular.tga
  artifactKey: Guid(6af82a665aaf44c41874a383a4225c48) Importer(815301076,1909f56bfc062723c751e8b465ee728b)
Start importing Assets/Standard Assets/Environment/SpeedTree/Palm/Palm_Desktop_Atlas_Specular.tga using Guid(6af82a665aaf44c41874a383a4225c48) Importer(815301076,1909f56bfc062723c751e8b465ee728b)  -> (artifact id: '8077c5a9767cda97ac7c24cb48b76d5f') in 0.068376 seconds 
========================================================================
Received Import Request.
  Time since last request: 0.000085 seconds.
  path: Assets/Environment/Rocks and Boulders 2/Rocks/Source/Textures/Rock2_ao.png
  artifactKey: Guid(e33cfde976023144c9866837549818a7) Importer(815301076,1909f56bfc062723c751e8b465ee728b)
Start importing Assets/Environment/Rocks and Boulders 2/Rocks/Source/Textures/Rock2_ao.png using Guid(e33cfde976023144c9866837549818a7) Importer(815301076,1909f56bfc062723c751e8b465ee728b)  -> (artifact id: 'f50898b1f4c1061346f551df6d8bff89') in 0.232855 seconds 
========================================================================
Received Import Request.
  Time since last request: 0.013936 seconds.
  path: Assets/Weeping_Willow/Weeping_Willow/Leaf_Map_Mobile_Fall_1_Atlas_Normal.tga
  artifactKey: Guid(6cb40d97a39025b4abb26b4f6d985483) Importer(815301076,1909f56bfc062723c751e8b465ee728b)
Start importing Assets/Weeping_Willow/Weeping_Willow/Leaf_Map_Mobile_Fall_1_Atlas_Normal.tga using Guid(6cb40d97a39025b4abb26b4f6d985483) Importer(815301076,1909f56bfc062723c751e8b465ee728b)  -> (artifact id: 'c83be8c9d5442ec14f389472a4ff28d6') in 0.086679 seconds 
========================================================================
Received Import Request.
  Time since last request: 0.001488 seconds.
  path: Packages/com.unity.purchasing/Icons/LinkWhite.png
  artifactKey: Guid(e679a29ca22bc4fa0bd848bd79a42b79) Importer(815301076,1909f56bfc062723c751e8b465ee728b)
Start importing Packages/com.unity.purchasing/Icons/LinkWhite.png using Guid(e679a29ca22bc4fa0bd848bd79a42b79) Importer(815301076,1909f56bfc062723c751e8b465ee728b)  -> (artifact id: '2610bcdb9d3c52bc501ebbace8efbaad') in 0.015142 seconds 
========================================================================
Received Import Request.
  Time since last request: 0.000086 seconds.
  path: Assets/Environment/ModularAsianPalace/Textures/OldWood_spec.psd
  artifactKey: Guid(6cb97b4ac9cf7ed46baa2118228c9217) Importer(815301076,1909f56bfc062723c751e8b465ee728b)
Start importing Assets/Environment/ModularAsianPalace/Textures/OldWood_spec.psd using Guid(6cb97b4ac9cf7ed46baa2118228c9217) Importer(815301076,1909f56bfc062723c751e8b465ee728b)  -> (artifact id: 'd40d80ecdd69dbdf106d49754b015d43') in 0.072173 seconds 
========================================================================
Received Import Request.
  Time since last request: 0.000090 seconds.
  path: Assets/Ground textures pack/Dry ground/normal.tga
  artifactKey: Guid(af579c7a89d15d24eb8c925a43a236cf) Importer(815301076,1909f56bfc062723c751e8b465ee728b)
Start importing Assets/Ground textures pack/Dry ground/normal.tga using Guid(af579c7a89d15d24eb8c925a43a236cf) Importer(815301076,1909f56bfc062723c751e8b465ee728b)  -> (artifact id: '90e9a4c4c2e1d9a19835b03fd46f38f7') in 0.039905 seconds 
========================================================================
Received Import Request.
  Time since last request: 0.000095 seconds.
  path: Assets/Standard Assets/Environment/SpeedTree/Palm/PalmBark.tga
  artifactKey: Guid(dd49a2ed5943a014e8d933ff5381281a) Importer(815301076,1909f56bfc062723c751e8b465ee728b)
Start importing Assets/Standard Assets/Environment/SpeedTree/Palm/PalmBark.tga using Guid(dd49a2ed5943a014e8d933ff5381281a) Importer(815301076,1909f56bfc062723c751e8b465ee728b)  -> (artifact id: 'b67f8925439c74c408245ffbe61d9bed') in 0.032113 seconds 
========================================================================
Received Import Request.
  Time since last request: 15.917500 seconds.
  path: Assets/Common/Icons/iOS/Icon-20.png
  artifactKey: Guid(f9da296bf616b458d98a63f8f7557004) Importer(815301076,1909f56bfc062723c751e8b465ee728b)
Start importing Assets/Common/Icons/iOS/Icon-20.png using Guid(f9da296bf616b458d98a63f8f7557004) Importer(815301076,1909f56bfc062723c751e8b465ee728b)  -> (artifact id: 'dfdc891ebbbff3b768f27deed63e7dd3') in 0.064683 seconds 
========================================================================
Received Import Request.
  Time since last request: 15.945070 seconds.
  path: Assets/Common/Icons/iOS/Icon-1024.png
  artifactKey: Guid(50f07d81dcf4c4fbb8b2c326e7d4b6bb) Importer(815301076,1909f56bfc062723c751e8b465ee728b)
Start importing Assets/Common/Icons/iOS/Icon-1024.png using Guid(50f07d81dcf4c4fbb8b2c326e7d4b6bb) Importer(815301076,1909f56bfc062723c751e8b465ee728b)  -> (artifact id: '904807714a5d9b3ede3ec19beb04ed7a') in 0.151270 seconds 
========================================================================
Received Prepare
Refreshing native plugins compatible for Editor in 84.19 ms, found 2 plugins.
Preloading 0 native plugins for Editor in 0.00 ms.
Unloading 54 Unused Serialized files (Serialized files now loaded: 0)
Unloading 67 unused Assets / (24.5 KB). Loaded Objects now: 4990.
Memory consumption went from 249.1 MB to 249.1 MB.
Total: 34.912038 ms (FindLiveObjects: 0.692078 ms CreateObjectMapping: 0.371974 ms MarkObjects: 33.690896 ms  DeleteObjects: 0.155730 ms)

AssetImportParameters requested are different than current active one (requested -> active):
  custom:video-decoder-ogg-theora: a1e56fd34408186e4bbccfd4996cb3dc -> 
  custom:container-muxer-webm: aa71ff27fc2769a1b78a27578f13a17b -> 
  custom:container-demuxer-webm: 4f35f7cbe854078d1ac9338744f61a02 -> 
  custom:video-encoder-webm-vp8: eb34c28f22e8b96e1ab97ce403110664 -> 
  custom:framework-osx-AVFoundation: e770b220cccbd017edd2c1fefb359320 -> 
  custom:audio-encoder-webm-vorbis: bf7c407c2cedff20999df2af8eb42d56 -> 
  custom:container-demuxer-ogg: 62fdf1f143b41e24485cea50d1cbac27 -> 
  custom:video-decoder-webm-vp8: 9c59270c3fd7afecdb556c50c9e8de78 -> 
  custom:audio-decoder-ogg-vorbis: bf7c407c2cedff20999df2af8eb42d56 -> 
========================================================================
Received Import Request.
  Time since last request: 778.075868 seconds.
  path: Assets/sky5X/sky5X_textures/skyX53-x.png
  artifactKey: Guid(9526bf9c85a76e140bba2b7054b6d9b4) Importer(815301076,1909f56bfc062723c751e8b465ee728b)
Start importing Assets/sky5X/sky5X_textures/skyX53-x.png using Guid(9526bf9c85a76e140bba2b7054b6d9b4) Importer(815301076,1909f56bfc062723c751e8b465ee728b)  -> (artifact id: '3d0b64a958d1cb16b96d057f030bebc1') in 0.209576 seconds 
[usbmuxd] Detached: 4 00008120-001444C02140C01E
========================================================================
Received Prepare
Refreshing native plugins compatible for Editor in 120.42 ms, found 2 plugins.
Preloading 0 native plugins for Editor in 0.00 ms.
Unloading 54 Unused Serialized files (Serialized files now loaded: 0)
Unloading 54 unused Assets / (22.9 KB). Loaded Objects now: 4990.
Memory consumption went from 248.5 MB to 248.5 MB.
Total: 65.864639 ms (FindLiveObjects: 0.583291 ms CreateObjectMapping: 0.424690 ms MarkObjects: 64.801977 ms  DeleteObjects: 0.053195 ms)

AssetImportParameters requested are different than current active one (requested -> active):
  custom:video-decoder-ogg-theora: a1e56fd34408186e4bbccfd4996cb3dc -> 
  custom:container-muxer-webm: aa71ff27fc2769a1b78a27578f13a17b -> 
  custom:container-demuxer-webm: 4f35f7cbe854078d1ac9338744f61a02 -> 
  custom:video-encoder-webm-vp8: eb34c28f22e8b96e1ab97ce403110664 -> 
  custom:framework-osx-AVFoundation: e770b220cccbd017edd2c1fefb359320 -> 
  custom:audio-encoder-webm-vorbis: bf7c407c2cedff20999df2af8eb42d56 -> 
  custom:container-demuxer-ogg: 62fdf1f143b41e24485cea50d1cbac27 -> 
  custom:video-decoder-webm-vp8: 9c59270c3fd7afecdb556c50c9e8de78 -> 
  custom:audio-decoder-ogg-vorbis: bf7c407c2cedff20999df2af8eb42d56 -> 
========================================================================
Received Import Request.
  Time since last request: 8424.200605 seconds.
  path: Assets/17022524_1386921388019433_3085742531446782216_n .jpg
  artifactKey: Guid(7ab5eba84c8ef41dbbbe9fcf89390583) Importer(815301076,1909f56bfc062723c751e8b465ee728b)
Start importing Assets/17022524_1386921388019433_3085742531446782216_n .jpg using Guid(7ab5eba84c8ef41dbbbe9fcf89390583) Importer(815301076,1909f56bfc062723c751e8b465ee728b)  -> (artifact id: 'b8ee4815d70413ba82ea987ca1192e24') in 0.060076 seconds 
========================================================================
Received Import Request.
  Time since last request: 3.756380 seconds.
  path: Assets/Traveller.cs
  artifactKey: Guid(0cfb175ecf3be6c48a2346d818fd5412) Importer(815301076,1909f56bfc062723c751e8b465ee728b)
Start importing Assets/Traveller.cs using Guid(0cfb175ecf3be6c48a2346d818fd5412) Importer(815301076,1909f56bfc062723c751e8b465ee728b)  -> (artifact id: '110090946f1a43fd41a1bcdfcd2b5bdf') in 2.457725 seconds 
========================================================================
Received Import Request.
  Time since last request: 8.721860 seconds.
  path: Assets/Teleport.cs
  artifactKey: Guid(2d77f745dec2c95488373a26addea8a5) Importer(815301076,1909f56bfc062723c751e8b465ee728b)
Start importing Assets/Teleport.cs using Guid(2d77f745dec2c95488373a26addea8a5) Importer(815301076,1909f56bfc062723c751e8b465ee728b)  -> (artifact id: '4922df529943c3087e3acda09628e3fa') in 0.002147 seconds 
========================================================================
Received Import Request.
  Time since last request: 2.141271 seconds.
  path: Assets/WindController.cs
  artifactKey: Guid(ddeae75120aeb214eacd8a59f04a510f) Importer(815301076,1909f56bfc062723c751e8b465ee728b)
Start importing Assets/WindController.cs using Guid(ddeae75120aeb214eacd8a59f04a510f) Importer(815301076,1909f56bfc062723c751e8b465ee728b)  -> (artifact id: '4b427c6a7ecd4be57cdc940b0bfafe8d') in 0.001532 seconds 
========================================================================
Received Import Request.
  Time since last request: 2.428595 seconds.
  path: Assets/Window.cs
  artifactKey: Guid(9f92d0c9dd4b44549beac8839b1db488) Importer(815301076,1909f56bfc062723c751e8b465ee728b)
Start importing Assets/Window.cs using Guid(9f92d0c9dd4b44549beac8839b1db488) Importer(815301076,1909f56bfc062723c751e8b465ee728b)  -> (artifact id: '7b64e75cfcad8647c2d634f3480f8f86') in 0.001884 seconds 
========================================================================
Received Import Request.
  Time since last request: 2.163911 seconds.
  path: Assets/XRSwitch.cs
  artifactKey: Guid(3ae447e9b31e04835a65f1a27f348109) Importer(815301076,1909f56bfc062723c751e8b465ee728b)
Start importing Assets/XRSwitch.cs using Guid(3ae447e9b31e04835a65f1a27f348109) Importer(815301076,1909f56bfc062723c751e8b465ee728b)  -> (artifact id: '16b256defeb0bca873a98b738cd38b4d') in 0.002483 seconds 
========================================================================
Received Import Request.
  Time since last request: 7.730466 seconds.
  path: Assets/PlaneDetecter.cs
  artifactKey: Guid(abbbd182b132c4deabb49719aeff5d58) Importer(815301076,1909f56bfc062723c751e8b465ee728b)
Start importing Assets/PlaneDetecter.cs using Guid(abbbd182b132c4deabb49719aeff5d58) Importer(815301076,1909f56bfc062723c751e8b465ee728b)  -> (artifact id: 'd54e4ea0a18f9f3e2d71630f62965e32') in 0.002007 seconds 
========================================================================
Received Import Request.
  Time since last request: 3.903060 seconds.
  path: Assets/PosFollow.cs
  artifactKey: Guid(7f175e496f4594717b7c7bd8805089fe) Importer(815301076,1909f56bfc062723c751e8b465ee728b)
Start importing Assets/PosFollow.cs using Guid(7f175e496f4594717b7c7bd8805089fe) Importer(815301076,1909f56bfc062723c751e8b465ee728b)  -> (artifact id: 'f9aee73faa4debfbdd3bfb8a55b0658e') in 0.001878 seconds 
========================================================================
Received Import Request.
  Time since last request: 11.833425 seconds.
  path: Assets/MRConsole.cs
  artifactKey: Guid(2b3731772edca0445984c7f37d506739) Importer(815301076,1909f56bfc062723c751e8b465ee728b)
Start importing Assets/MRConsole.cs using Guid(2b3731772edca0445984c7f37d506739) Importer(815301076,1909f56bfc062723c751e8b465ee728b)  -> (artifact id: '1ffed143fa780d83d688de6d6886db43') in 0.002046 seconds 
========================================================================
Received Import Request.
  Time since last request: 8.620890 seconds.
  path: Assets/JoystickConsole.cs
  artifactKey: Guid(dd3a67f448610412895380b46fe86abd) Importer(815301076,1909f56bfc062723c751e8b465ee728b)
Start importing Assets/JoystickConsole.cs using Guid(dd3a67f448610412895380b46fe86abd) Importer(815301076,1909f56bfc062723c751e8b465ee728b)  -> (artifact id: 'e074ce093bf681747081a309d5fde94c') in 0.001783 seconds 
========================================================================
Received Import Request.
  Time since last request: 3.359354 seconds.
  path: Assets/GateFrame.cs
  artifactKey: Guid(c9961c453d2f3fd489ba1d9335dd5e74) Importer(815301076,1909f56bfc062723c751e8b465ee728b)
Start importing Assets/GateFrame.cs using Guid(c9961c453d2f3fd489ba1d9335dd5e74) Importer(815301076,1909f56bfc062723c751e8b465ee728b)  -> (artifact id: '3a9a57b9311d765e16603e94932a5d45') in 0.001781 seconds 
========================================================================
Received Import Request.
  Time since last request: 34.346900 seconds.
  path: Assets/InterdimensionalTransport.cs
  artifactKey: Guid(8acc6831019ebb049b4ac2c007f1447f) Importer(815301076,1909f56bfc062723c751e8b465ee728b)
Start importing Assets/InterdimensionalTransport.cs using Guid(8acc6831019ebb049b4ac2c007f1447f) Importer(815301076,1909f56bfc062723c751e8b465ee728b)  -> (artifact id: '92453492a09b8f9041969951624d61a0') in 0.001986 seconds 
========================================================================
Received Import Request.
  Time since last request: 55.828625 seconds.
  path: Assets/AttachConsole.cs
  artifactKey: Guid(b78797670c2f049bbb734e9854e1d849) Importer(815301076,1909f56bfc062723c751e8b465ee728b)
Start importing Assets/AttachConsole.cs using Guid(b78797670c2f049bbb734e9854e1d849) Importer(815301076,1909f56bfc062723c751e8b465ee728b)  -> (artifact id: '13a3b6d3751b8571eb8cfcf2512b7a68') in 0.001837 seconds 
========================================================================
Received Prepare
Registering precompiled user dll's ...
Registered in 0.003404 seconds.
Begin MonoManager ReloadAssembly
Symbol file LoadedFromMemory doesn't match image /Users/nctutwt/Documents/GitHub/PortalxMountainTrip/PortalxMountainTrip/Library/PackageCache/com.unity.visualscripting@1.7.8/Editor/VisualScripting.Core/Dependencies/DotNetZip/Unity.VisualScripting.IonicZip.dll
Symbol file LoadedFromMemory doesn't match image /Users/nctutwt/Documents/GitHub/PortalxMountainTrip/PortalxMountainTrip/Library/PackageCache/com.unity.visualscripting@1.7.8/Editor/VisualScripting.Core/Dependencies/YamlDotNet/Unity.VisualScripting.YamlDotNet.dll
Native extension for iOS target not found
Native extension for OSXStandalone target not found
Refreshing native plugins compatible for Editor in 2.95 ms, found 2 plugins.
Preloading 0 native plugins for Editor in 0.00 ms.
Mono: successfully reloaded assembly
- Completed reload, in  4.435 seconds
Domain Reload Profiling:
	ReloadAssembly (4437ms)
		BeginReloadAssembly (825ms)
			ExecutionOrderSort (0ms)
			DisableScriptedObjects (39ms)
			BackupInstance (0ms)
			ReleaseScriptingObjects (0ms)
			CreateAndSetChildDomain (282ms)
		EndReloadAssembly (3300ms)
			LoadAssemblies (672ms)
			RebuildTransferFunctionScriptingTraits (0ms)
			SetupTypeCache (959ms)
			ReleaseScriptCaches (4ms)
			RebuildScriptCaches (282ms)
			SetupLoadedEditorAssemblies (1495ms)
				LogAssemblyErrors (0ms)
				InitializePlatformSupportModulesInManaged (190ms)
				SetLoadedEditorAssemblies (2ms)
				RefreshPlugins (3ms)
				BeforeProcessingInitializeOnLoad (275ms)
				ProcessInitializeOnLoadAttributes (585ms)
				ProcessInitializeOnLoadMethodAttributes (437ms)
				AfterProcessingInitializeOnLoad (2ms)
				EditorAssembliesLoaded (1ms)
			ExecutionOrderSort2 (0ms)
			AwakeInstancesAfterBackupRestoration (17ms)
Platform modules already initialized, skipping
Refreshing native plugins compatible for Editor in 7.18 ms, found 2 plugins.
Preloading 0 native plugins for Editor in 0.00 ms.
Unloading 4464 Unused Serialized files (Serialized files now loaded: 0)
Unloading 54 unused Assets / (23.0 KB). Loaded Objects now: 4993.
Memory consumption went from 340.0 MB to 340.0 MB.
Total: 18.208100 ms (FindLiveObjects: 0.557983 ms CreateObjectMapping: 0.448540 ms MarkObjects: 17.147180 ms  DeleteObjects: 0.052992 ms)

AssetImportParameters requested are different than current active one (requested -> active):
  custom:video-decoder-ogg-theora: a1e56fd34408186e4bbccfd4996cb3dc -> 
  custom:container-muxer-webm: aa71ff27fc2769a1b78a27578f13a17b -> 
  custom:container-demuxer-webm: 4f35f7cbe854078d1ac9338744f61a02 -> 
  custom:video-encoder-webm-vp8: eb34c28f22e8b96e1ab97ce403110664 -> 
  custom:framework-osx-AVFoundation: e770b220cccbd017edd2c1fefb359320 -> 
  custom:audio-encoder-webm-vorbis: bf7c407c2cedff20999df2af8eb42d56 -> 
  custom:container-demuxer-ogg: 62fdf1f143b41e24485cea50d1cbac27 -> 
  custom:video-decoder-webm-vp8: 9c59270c3fd7afecdb556c50c9e8de78 -> 
  custom:audio-decoder-ogg-vorbis: bf7c407c2cedff20999df2af8eb42d56 -> 
========================================================================
Received Import Request.
  Time since last request: 1215.139929 seconds.
  path: Assets/Environment
  artifactKey: Guid(fb45d187e276c2241a48cf280f0e1a15) Importer(815301076,1909f56bfc062723c751e8b465ee728b)
Start importing Assets/Environment using Guid(fb45d187e276c2241a48cf280f0e1a15) Importer(815301076,1909f56bfc062723c751e8b465ee728b)  -> (artifact id: '51f9e655acfbe6a07392c65b97b97d0e') in 0.020105 seconds 
========================================================================
Received Import Request.
  Time since last request: 0.100443 seconds.
  path: Assets/Environment/New Terrain.asset
  artifactKey: Guid(72fbbbf111a299a4eb22e67cd148072e) Importer(815301076,1909f56bfc062723c751e8b465ee728b)
Start importing Assets/Environment/New Terrain.asset using Guid(72fbbbf111a299a4eb22e67cd148072e) Importer(815301076,1909f56bfc062723c751e8b465ee728b)  -> (artifact id: 'aad17a2dbbe7b8aa5bb19e9c37e8b2f9') in 1.414214 seconds 
========================================================================
Received Import Request.
  Time since last request: 42.592025 seconds.
  path: Assets/Environment/Rocks and Boulders 2/Rocks/Source/Materials/Unity 5/Rock1.mat
  artifactKey: Guid(3501b3c43e42cb742bee51c3354f081f) Importer(815301076,1909f56bfc062723c751e8b465ee728b)
Start importing Assets/Environment/Rocks and Boulders 2/Rocks/Source/Materials/Unity 5/Rock1.mat using Guid(3501b3c43e42cb742bee51c3354f081f) Importer(815301076,1909f56bfc062723c751e8b465ee728b)  -> (artifact id: 'a43babe8f8c5ddb3b9b9cab1cc74218c') in 3.771252 seconds 
========================================================================
Received Import Request.
  Time since last request: 0.000452 seconds.
  path: Assets/Environment/Rocks and Boulders 2/Rocks/Source/Materials/Unity 5/Rock4_snow.mat
  artifactKey: Guid(30af34461be7726449e2774a5285f6d9) Importer(815301076,1909f56bfc062723c751e8b465ee728b)
Start importing Assets/Environment/Rocks and Boulders 2/Rocks/Source/Materials/Unity 5/Rock4_snow.mat using Guid(30af34461be7726449e2774a5285f6d9) Importer(815301076,1909f56bfc062723c751e8b465ee728b)  -> (artifact id: 'fb49766f2c9046cbd43122753a7ee087') in 2.743354 seconds 
========================================================================
Received Import Request.
  Time since last request: 0.000297 seconds.
  path: Assets/Environment/Rocks and Boulders 2/Rocks/Source/Materials/Unity 5/Rock3.mat
  artifactKey: Guid(4ec38644468fc2b47b9a0a6515c38542) Importer(815301076,1909f56bfc062723c751e8b465ee728b)
Start importing Assets/Environment/Rocks and Boulders 2/Rocks/Source/Materials/Unity 5/Rock3.mat using Guid(4ec38644468fc2b47b9a0a6515c38542) Importer(815301076,1909f56bfc062723c751e8b465ee728b)  -> (artifact id: '175ae39e86b116bd24c9dffae7eee335') in 1.514203 seconds 
========================================================================
Received Import Request.
  Time since last request: 0.000112 seconds.
  path: Assets/Environment/Rocks and Boulders 2/Rocks/Source/Materials/Unity 5/Rock5_snow.mat
  artifactKey: Guid(dd2bef3ed7cae834ba9189533d31bd5f) Importer(815301076,1909f56bfc062723c751e8b465ee728b)
Start importing Assets/Environment/Rocks and Boulders 2/Rocks/Source/Materials/Unity 5/Rock5_snow.mat using Guid(dd2bef3ed7cae834ba9189533d31bd5f) Importer(815301076,1909f56bfc062723c751e8b465ee728b)  -> (artifact id: '3289da8a355766a5ac6bda1a3beeacec') in 1.172319 seconds 
========================================================================
Received Import Request.
  Time since last request: 0.000194 seconds.
  path: Assets/Environment/Rocks and Boulders 2/Rocks/Source/Materials/Unity 5/Rock4.mat
  artifactKey: Guid(4f55ff57442728d46a34aa4aea8cb82c) Importer(815301076,1909f56bfc062723c751e8b465ee728b)
Start importing Assets/Environment/Rocks and Boulders 2/Rocks/Source/Materials/Unity 5/Rock4.mat using Guid(4f55ff57442728d46a34aa4aea8cb82c) Importer(815301076,1909f56bfc062723c751e8b465ee728b)  -> (artifact id: '5cecd3aed04d17f57c8dfad03bd540d1') in 0.928038 seconds 
========================================================================
Received Import Request.
  Time since last request: 11.060426 seconds.
  path: Assets/Environment/Waterfall/Waterfall.mat
  artifactKey: Guid(95f918b38a546de41b1f85ce8b2305fd) Importer(815301076,1909f56bfc062723c751e8b465ee728b)
Start importing Assets/Environment/Waterfall/Waterfall.mat using Guid(95f918b38a546de41b1f85ce8b2305fd) Importer(815301076,1909f56bfc062723c751e8b465ee728b)  -> (artifact id: '3297b3f66c786b80c61c927736862561') in 0.079856 seconds 
========================================================================
Received Import Request.
  Time since last request: 4.109914 seconds.
  path: Assets/Environment/Waterfall/tex.jpg
  artifactKey: Guid(c463d419264fb43489ceb9845d145022) Importer(815301076,1909f56bfc062723c751e8b465ee728b)
Start importing Assets/Environment/Waterfall/tex.jpg using Guid(c463d419264fb43489ceb9845d145022) Importer(815301076,1909f56bfc062723c751e8b465ee728b)  -> (artifact id: '493a62a4b855fbeef5e7b48372e1b4f7') in 0.077201 seconds 
Editor requested this worker to shutdown with reason: Scaling down because of idle timeout
AssetImportWorker is now disconnected from the server
Process exiting
