Using pre-set license
Built from '2021.3/staging' branch; Version is '2021.3.11f1 (0a5ca18544bf) revision 679073'; Using compiler version '192829333'; Build Type 'Release'
OS: 'Windows 11  (10.0.22621) 64bit Core' Language: 'zh' Physical Memory: 16004 MB
BatchMode: 1, IsHumanControllingUs: 0, StartBugReporterOnCrash: 0, Is64bit: 1, IsPro: 1

COMMAND LINE ARGUMENTS:
C:\Program Files\Unity\Hub\Editor\2021.3.11f1\Editor\Unity.exe
-adb2
-batchMode
-noUpm
-name
AssetImportWorker8
-projectPath
C:/Github/PortalxMountainTrip/PortalxMountainTrip
-logFile
Logs/AssetImportWorker8.log
-srvPort
57054
Successfully changed project path to: C:/Github/PortalxMountainTrip/PortalxMountainTrip
C:/Github/PortalxMountainTrip/PortalxMountainTrip
[UnityMemory] Configuration Parameters - Can be set up in boot.config
    "memorysetup-bucket-allocator-granularity=16"
    "memorysetup-bucket-allocator-bucket-count=8"
    "memorysetup-bucket-allocator-block-size=33554432"
    "memorysetup-bucket-allocator-block-count=8"
    "memorysetup-main-allocator-block-size=16777216"
    "memorysetup-thread-allocator-block-size=16777216"
    "memorysetup-gfx-main-allocator-block-size=16777216"
    "memorysetup-gfx-thread-allocator-block-size=16777216"
    "memorysetup-cache-allocator-block-size=4194304"
    "memorysetup-typetree-allocator-block-size=2097152"
    "memorysetup-profiler-bucket-allocator-granularity=16"
    "memorysetup-profiler-bucket-allocator-bucket-count=8"
    "memorysetup-profiler-bucket-allocator-block-size=33554432"
    "memorysetup-profiler-bucket-allocator-block-count=8"
    "memorysetup-profiler-allocator-block-size=16777216"
    "memorysetup-profiler-editor-allocator-block-size=1048576"
    "memorysetup-temp-allocator-size-main=16777216"
    "memorysetup-job-temp-allocator-block-size=2097152"
    "memorysetup-job-temp-allocator-block-size-background=1048576"
    "memorysetup-job-temp-allocator-reduction-small-platforms=262144"
    "memorysetup-temp-allocator-size-background-worker=32768"
    "memorysetup-temp-allocator-size-job-worker=262144"
    "memorysetup-temp-allocator-size-preload-manager=33554432"
    "memorysetup-temp-allocator-size-nav-mesh-worker=65536"
    "memorysetup-temp-allocator-size-audio-worker=65536"
    "memorysetup-temp-allocator-size-cloud-worker=32768"
    "memorysetup-temp-allocator-size-gi-baking-worker=262144"
    "memorysetup-temp-allocator-size-gfx=262144"
Refreshing native plugins compatible for Editor in 115.57 ms, found 3 plugins.
Preloading 0 native plugins for Editor in 0.00 ms.
Initialize engine version: 2021.3.11f1 (0a5ca18544bf)
[Subsystems] Discovering subsystems at path C:/Program Files/Unity/Hub/Editor/2021.3.11f1/Editor/Data/Resources/UnitySubsystems
[Subsystems] Discovering subsystems at path C:/Github/PortalxMountainTrip/PortalxMountainTrip/Assets
GfxDevice: creating device client; threaded=0; jobified=0
Direct3D:
    Version:  Direct3D 11.0 [level 11.1]
    Renderer: NVIDIA GeForce RTX 3060 Laptop GPU (ID=0x2520)
    Vendor:   NVIDIA
    VRAM:     6023 MB
    Driver:   31.0.15.1740
Initialize mono
Mono path[0] = 'C:/Program Files/Unity/Hub/Editor/2021.3.11f1/Editor/Data/Managed'
Mono path[1] = 'C:/Program Files/Unity/Hub/Editor/2021.3.11f1/Editor/Data/MonoBleedingEdge/lib/mono/unityjit-win32'
Mono config path = 'C:/Program Files/Unity/Hub/Editor/2021.3.11f1/Editor/Data/MonoBleedingEdge/etc'
Using monoOptions --debugger-agent=transport=dt_socket,embedding=1,server=y,suspend=n,address=127.0.0.1:56040
Begin MonoManager ReloadAssembly
Registering precompiled unity dll's ...
Register platform support module: C:/Program Files/Unity/Hub/Editor/2021.3.11f1/Editor/Data/PlaybackEngines/AndroidPlayer/UnityEditor.Android.Extensions.dll
Register platform support module: C:/Program Files/Unity/Hub/Editor/2021.3.11f1/Editor/Data/PlaybackEngines/WindowsStandaloneSupport/UnityEditor.WindowsStandalone.Extensions.dll
Register platform support module: C:/Program Files/Unity/Hub/Editor/2021.3.11f1/Editor/Data/PlaybackEngines/LinuxStandaloneSupport/UnityEditor.LinuxStandalone.Extensions.dll
Registered in 0.004004 seconds.
Native extension for LinuxStandalone target not found
Native extension for WindowsStandalone target not found
Native extension for Android target not found
Refreshing native plugins compatible for Editor in 79.71 ms, found 3 plugins.
Preloading 0 native plugins for Editor in 0.00 ms.
Mono: successfully reloaded assembly
- Completed reload, in  0.836 seconds
Domain Reload Profiling:
	ReloadAssembly (836ms)
		BeginReloadAssembly (63ms)
			ExecutionOrderSort (0ms)
			DisableScriptedObjects (0ms)
			BackupInstance (0ms)
			ReleaseScriptingObjects (0ms)
			CreateAndSetChildDomain (1ms)
		EndReloadAssembly (562ms)
			LoadAssemblies (61ms)
			RebuildTransferFunctionScriptingTraits (0ms)
			SetupTypeCache (220ms)
			ReleaseScriptCaches (0ms)
			RebuildScriptCaches (18ms)
			SetupLoadedEditorAssemblies (287ms)
				LogAssemblyErrors (0ms)
				InitializePlatformSupportModulesInManaged (108ms)
				SetLoadedEditorAssemblies (0ms)
				RefreshPlugins (80ms)
				BeforeProcessingInitializeOnLoad (1ms)
				ProcessInitializeOnLoadAttributes (70ms)
				ProcessInitializeOnLoadMethodAttributes (29ms)
				AfterProcessingInitializeOnLoad (0ms)
				EditorAssembliesLoaded (0ms)
			ExecutionOrderSort2 (0ms)
			AwakeInstancesAfterBackupRestoration (0ms)
Platform modules already initialized, skipping
Registering precompiled user dll's ...
Registered in 0.004748 seconds.
Android Extension - Scanning For ADB Devices 660 ms
Begin MonoManager ReloadAssembly
Symbol file LoadedFromMemory doesn't match image C:\Github\PortalxMountainTrip\PortalxMountainTrip\Library\PackageCache\com.unity.visualscripting@1.7.8\Editor\VisualScripting.Core\Dependencies\DotNetZip\Unity.VisualScripting.IonicZip.dll
Symbol file LoadedFromMemory doesn't match image C:\Github\PortalxMountainTrip\PortalxMountainTrip\Library\PackageCache\com.unity.visualscripting@1.7.8\Editor\VisualScripting.Core\Dependencies\YamlDotNet\Unity.VisualScripting.YamlDotNet.dll
Native extension for LinuxStandalone target not found
Native extension for WindowsStandalone target not found
Native extension for Android target not found
Refreshing native plugins compatible for Editor in 75.74 ms, found 3 plugins.
Preloading 0 native plugins for Editor in 0.00 ms.
Package Manager log level set to [2]
Mono: successfully reloaded assembly
- Completed reload, in  0.943 seconds
Domain Reload Profiling:
	ReloadAssembly (944ms)
		BeginReloadAssembly (82ms)
			ExecutionOrderSort (0ms)
			DisableScriptedObjects (3ms)
			BackupInstance (0ms)
			ReleaseScriptingObjects (0ms)
			CreateAndSetChildDomain (15ms)
		EndReloadAssembly (790ms)
			LoadAssemblies (69ms)
			RebuildTransferFunctionScriptingTraits (0ms)
			SetupTypeCache (159ms)
			ReleaseScriptCaches (1ms)
			RebuildScriptCaches (40ms)
			SetupLoadedEditorAssemblies (493ms)
				LogAssemblyErrors (0ms)
				InitializePlatformSupportModulesInManaged (16ms)
				SetLoadedEditorAssemblies (0ms)
				RefreshPlugins (76ms)
				BeforeProcessingInitializeOnLoad (75ms)
				ProcessInitializeOnLoadAttributes (243ms)
				ProcessInitializeOnLoadMethodAttributes (80ms)
				AfterProcessingInitializeOnLoad (3ms)
				EditorAssembliesLoaded (0ms)
			ExecutionOrderSort2 (0ms)
			AwakeInstancesAfterBackupRestoration (5ms)
Platform modules already initialized, skipping
========================================================================
Worker process is ready to serve import requests
Launched and connected shader compiler UnityShaderCompiler.exe after 0.08 seconds
Refreshing native plugins compatible for Editor in 1.00 ms, found 3 plugins.
Preloading 0 native plugins for Editor in 0.00 ms.
Unloading 4506 Unused Serialized files (Serialized files now loaded: 0)
Unloading 66 unused Assets / (64.6 KB). Loaded Objects now: 4962.
Memory consumption went from 174.4 MB to 174.3 MB.
Total: 5.098500 ms (FindLiveObjects: 0.253300 ms CreateObjectMapping: 0.126200 ms MarkObjects: 4.578700 ms  DeleteObjects: 0.139400 ms)

AssetImportParameters requested are different than current active one (requested -> active):
  custom:video-decoder-ogg-theora: a1e56fd34408186e4bbccfd4996cb3dc -> 
  custom:container-muxer-webm: aa71ff27fc2769a1b78a27578f13a17b -> 
  custom:container-demuxer-webm: 4f35f7cbe854078d1ac9338744f61a02 -> 
  custom:video-encoder-webm-vp8: eb34c28f22e8b96e1ab97ce403110664 -> 
  custom:video-codec-MediaFoundation-h265: 746d11721c4dcdbdad8f713fa42b33f4 -> 
  custom:audio-encoder-webm-vorbis: bf7c407c2cedff20999df2af8eb42d56 -> 
  custom:framework-win-MediaFoundation: 216162199b28c13a410421893ffa2e32 -> 
  custom:container-demuxer-ogg: 62fdf1f143b41e24485cea50d1cbac27 -> 
  custom:video-decoder-webm-vp8: 9c59270c3fd7afecdb556c50c9e8de78 -> 
  custom:audio-decoder-ogg-vorbis: bf7c407c2cedff20999df2af8eb42d56 -> 
========================================================================
Received Import Request.
  Time since last request: 445979.592373 seconds.
  path: Assets/Environment/Free_SpeedTrees/Broadleaves_Desktop_Normal.tga
  artifactKey: Guid(ca83d5eb2956aee4e9773b061b826d27) Importer(815301076,1909f56bfc062723c751e8b465ee728b)
Start importing Assets/Environment/Free_SpeedTrees/Broadleaves_Desktop_Normal.tga using Guid(ca83d5eb2956aee4e9773b061b826d27) Importer(815301076,1909f56bfc062723c751e8b465ee728b)  -> (artifact id: '60eebf147a1e219484af88a0a3c6ceb3') in 0.094652 seconds 
========================================================================
Received Import Request.
  Time since last request: 0.000032 seconds.
  path: Packages/com.unity.textmeshpro/Editor Resources/Textures/btn_AlignMiddle_Light.psd
  artifactKey: Guid(066619c9c9c84f89acb1b48c11a7efe2) Importer(815301076,1909f56bfc062723c751e8b465ee728b)
Start importing Packages/com.unity.textmeshpro/Editor Resources/Textures/btn_AlignMiddle_Light.psd using Guid(066619c9c9c84f89acb1b48c11a7efe2) Importer(815301076,1909f56bfc062723c751e8b465ee728b)  -> (artifact id: 'f62f4620fecbdd376753e9f24a214b02') in 0.025160 seconds 
========================================================================
Received Import Request.
  Time since last request: 0.000192 seconds.
  path: Packages/com.unity.textmeshpro/Editor Resources/Textures/btn_AlignJustified.psd
  artifactKey: Guid(92027f7f8cfc4feaa477da0dc38d3d46) Importer(815301076,1909f56bfc062723c751e8b465ee728b)
Start importing Packages/com.unity.textmeshpro/Editor Resources/Textures/btn_AlignJustified.psd using Guid(92027f7f8cfc4feaa477da0dc38d3d46) Importer(815301076,1909f56bfc062723c751e8b465ee728b)  -> (artifact id: '93d518232643a7d67f92a7817cc969c3') in 0.016721 seconds 
========================================================================
Received Import Request.
  Time since last request: 0.000024 seconds.
  path: Packages/com.unity.textmeshpro/Editor Resources/Textures/btn_AlignBottom.psd
  artifactKey: Guid(ca51b19024094d1b87f3e07edb0a75fb) Importer(815301076,1909f56bfc062723c751e8b465ee728b)
Start importing Packages/com.unity.textmeshpro/Editor Resources/Textures/btn_AlignBottom.psd using Guid(ca51b19024094d1b87f3e07edb0a75fb) Importer(815301076,1909f56bfc062723c751e8b465ee728b)  -> (artifact id: 'a8246dc72f887b07478719e841c9dc75') in 0.018621 seconds 
========================================================================
Received Import Request.
  Time since last request: 0.000025 seconds.
  path: Packages/com.unity.textmeshpro/Editor Resources/Textures/btn_AlignTop_Light.psd
  artifactKey: Guid(ed041e68439749a69d0efa0e3d896c2e) Importer(815301076,1909f56bfc062723c751e8b465ee728b)
Start importing Packages/com.unity.textmeshpro/Editor Resources/Textures/btn_AlignTop_Light.psd using Guid(ed041e68439749a69d0efa0e3d896c2e) Importer(815301076,1909f56bfc062723c751e8b465ee728b)  -> (artifact id: '01c15bdb6b286609294a011fb55cfdc0') in 0.016914 seconds 
========================================================================
Received Import Request.
  Time since last request: 0.000091 seconds.
  path: Assets/Standard Assets/Environment/SpeedTree/Broadleaf/Broadleaves_Mobile_Normal.tga
  artifactKey: Guid(7bdd8cb386e0b554b84cb783663bb4fc) Importer(815301076,1909f56bfc062723c751e8b465ee728b)
Start importing Assets/Standard Assets/Environment/SpeedTree/Broadleaf/Broadleaves_Mobile_Normal.tga using Guid(7bdd8cb386e0b554b84cb783663bb4fc) Importer(815301076,1909f56bfc062723c751e8b465ee728b)  -> (artifact id: '9535c0c2f21718d92b05216661130516') in 0.030719 seconds 
========================================================================
Received Import Request.
  Time since last request: 0.000018 seconds.
  path: Assets/UI/btnDawn.png
  artifactKey: Guid(df4076ec99303534699d6118a5129357) Importer(815301076,1909f56bfc062723c751e8b465ee728b)
Start importing Assets/UI/btnDawn.png using Guid(df4076ec99303534699d6118a5129357) Importer(815301076,1909f56bfc062723c751e8b465ee728b)  -> (artifact id: '9b7c714f5c5253eb8a09309fa2950d43') in 0.089584 seconds 
========================================================================
Received Import Request.
  Time since last request: 0.476915 seconds.
  path: Assets/UI/btnMorning.png
  artifactKey: Guid(b2140ad87a3e1884e98d8ee0750926f8) Importer(815301076,1909f56bfc062723c751e8b465ee728b)
Start importing Assets/UI/btnMorning.png using Guid(b2140ad87a3e1884e98d8ee0750926f8) Importer(815301076,1909f56bfc062723c751e8b465ee728b)  -> (artifact id: '3b644ab5eb1f28742a4523da619b9328') in 0.045179 seconds 
========================================================================
Received Import Request.
  Time since last request: 0.000029 seconds.
  path: Assets/Standard Assets/CrossPlatformInput/Sprites/ButtonBrakeUpSprite.png
  artifactKey: Guid(827c9cd4a3943534f909ac6473e17288) Importer(815301076,1909f56bfc062723c751e8b465ee728b)
Start importing Assets/Standard Assets/CrossPlatformInput/Sprites/ButtonBrakeUpSprite.png using Guid(827c9cd4a3943534f909ac6473e17288) Importer(815301076,1909f56bfc062723c751e8b465ee728b)  -> (artifact id: 'a9de47d7cf8fab315f69a79558a40365') in 0.030030 seconds 
========================================================================
Received Import Request.
  Time since last request: 0.000031 seconds.
  path: Assets/Standard Assets/CrossPlatformInput/Sprites/ButtonArrowOverSprite.png
  artifactKey: Guid(49b611e658efbf443b686a4036f74fe3) Importer(815301076,1909f56bfc062723c751e8b465ee728b)
Start importing Assets/Standard Assets/CrossPlatformInput/Sprites/ButtonArrowOverSprite.png using Guid(49b611e658efbf443b686a4036f74fe3) Importer(815301076,1909f56bfc062723c751e8b465ee728b)  -> (artifact id: '0db6fcaa0394dcf112c07a8092e73092') in 0.028745 seconds 
========================================================================
Received Import Request.
  Time since last request: 0.000034 seconds.
  path: Assets/Weeping_Willow/Weeping_Willow/Cap_01_Normal.tga
  artifactKey: Guid(8cfb5eb0b22ed8e42b3c8e1137aecf85) Importer(815301076,1909f56bfc062723c751e8b465ee728b)
Start importing Assets/Weeping_Willow/Weeping_Willow/Cap_01_Normal.tga using Guid(8cfb5eb0b22ed8e42b3c8e1137aecf85) Importer(815301076,1909f56bfc062723c751e8b465ee728b)  -> (artifact id: '2f9aa43613f9e0d1c1d666c0b356b1d0') in 0.024525 seconds 
========================================================================
Received Import Request.
  Time since last request: 0.000023 seconds.
  path: Assets/Standard Assets/CrossPlatformInput/Sprites/ButtonTimescaleSlowUpSprite.png
  artifactKey: Guid(9d7c6e4896067aa4fa512a00f692ac1c) Importer(815301076,1909f56bfc062723c751e8b465ee728b)
Start importing Assets/Standard Assets/CrossPlatformInput/Sprites/ButtonTimescaleSlowUpSprite.png using Guid(9d7c6e4896067aa4fa512a00f692ac1c) Importer(815301076,1909f56bfc062723c751e8b465ee728b)  -> (artifact id: '1dbc9ffc72930f40c04b8e9b40b714d6') in 0.029708 seconds 
========================================================================
Received Import Request.
  Time since last request: 0.000036 seconds.
  path: Assets/Standard Assets/CrossPlatformInput/Sprites/ButtonArrowUpSprite.png
  artifactKey: Guid(4db017495c69e8140a56a0e2b669e3f8) Importer(815301076,1909f56bfc062723c751e8b465ee728b)
Start importing Assets/Standard Assets/CrossPlatformInput/Sprites/ButtonArrowUpSprite.png using Guid(4db017495c69e8140a56a0e2b669e3f8) Importer(815301076,1909f56bfc062723c751e8b465ee728b)  -> (artifact id: '67126af4bcfd27e1786aadb60433ef3b') in 0.028345 seconds 
========================================================================
Received Import Request.
  Time since last request: 0.000043 seconds.
  path: Assets/Standard Assets/Environment/SpeedTree/Broadleaf/Cap_02.tga
  artifactKey: Guid(ee07ea8cb1a00c844b4048d37dcfe712) Importer(815301076,1909f56bfc062723c751e8b465ee728b)
Start importing Assets/Standard Assets/Environment/SpeedTree/Broadleaf/Cap_02.tga using Guid(ee07ea8cb1a00c844b4048d37dcfe712) Importer(815301076,1909f56bfc062723c751e8b465ee728b)  -> (artifact id: '9b903c918e59fb665cc92aa29443b601') in 0.024074 seconds 
========================================================================
Received Import Request.
  Time since last request: 0.000022 seconds.
  path: Assets/UI/btnWaterFall.png
  artifactKey: Guid(44964dda605d9a34492cd2059189e837) Importer(815301076,1909f56bfc062723c751e8b465ee728b)
Start importing Assets/UI/btnWaterFall.png using Guid(44964dda605d9a34492cd2059189e837) Importer(815301076,1909f56bfc062723c751e8b465ee728b)  -> (artifact id: '11ebf0cb79dacc39e5d344e3abccd1c5') in 0.044980 seconds 
========================================================================
Received Import Request.
  Time since last request: 0.214704 seconds.
  path: Assets/ShipCargo/Textures/CargoAlbedoMap.png
  artifactKey: Guid(d36f237a5e1a9c244a9aec25b1ea32c3) Importer(815301076,1909f56bfc062723c751e8b465ee728b)
Start importing Assets/ShipCargo/Textures/CargoAlbedoMap.png using Guid(d36f237a5e1a9c244a9aec25b1ea32c3) Importer(815301076,1909f56bfc062723c751e8b465ee728b)  -> (artifact id: 'c9198ee4be6e96fdbc6ff65d463350d0') in 0.043835 seconds 
========================================================================
Received Import Request.
  Time since last request: 0.000049 seconds.
  path: Packages/com.unity.collab-proxy/Editor/Collaborate/Assets/Icons/choose-mine-light.png
  artifactKey: Guid(2c0bdcbf152ceb64ba9b01cc370a9092) Importer(815301076,1909f56bfc062723c751e8b465ee728b)
Start importing Packages/com.unity.collab-proxy/Editor/Collaborate/Assets/Icons/choose-mine-light.png using Guid(2c0bdcbf152ceb64ba9b01cc370a9092) Importer(815301076,1909f56bfc062723c751e8b465ee728b)  -> (artifact id: '4176e010894df594ee7472c4c1d4a0bb') in 0.017549 seconds 
========================================================================
Received Import Request.
  Time since last request: 0.000022 seconds.
  path: Packages/com.unity.collab-proxy/Editor/Collaborate/Assets/Icons/collaborate-dark@2x.png
  artifactKey: Guid(158d9c687149a0e499002e08c9420c70) Importer(815301076,1909f56bfc062723c751e8b465ee728b)
Start importing Packages/com.unity.collab-proxy/Editor/Collaborate/Assets/Icons/collaborate-dark@2x.png using Guid(158d9c687149a0e499002e08c9420c70) Importer(815301076,1909f56bfc062723c751e8b465ee728b)  -> (artifact id: 'c80e7c266dc47d30cb894527090b6485') in 0.019792 seconds 
========================================================================
Received Import Request.
  Time since last request: 0.000038 seconds.
  path: Assets/Standard Assets/Environment/TerrainAssets/SurfaceTextures/CliffAlbedoSpecular.psd
  artifactKey: Guid(18214e9d6af6248559d501391856f1c7) Importer(815301076,1909f56bfc062723c751e8b465ee728b)
Start importing Assets/Standard Assets/Environment/TerrainAssets/SurfaceTextures/CliffAlbedoSpecular.psd using Guid(18214e9d6af6248559d501391856f1c7) Importer(815301076,1909f56bfc062723c751e8b465ee728b)  -> (artifact id: '272cd115d0107a6f554526ad8b1943ec') in 0.021116 seconds 
========================================================================
Received Import Request.
  Time since last request: 0.000031 seconds.
  path: Packages/com.unity.collab-proxy/Editor/Collaborate/Assets/Icons/collaborate-available-changes-dark@2x.png
  artifactKey: Guid(1a2cea5a396ff5d4a8f740bd5d8726b0) Importer(815301076,1909f56bfc062723c751e8b465ee728b)
Start importing Packages/com.unity.collab-proxy/Editor/Collaborate/Assets/Icons/collaborate-available-changes-dark@2x.png using Guid(1a2cea5a396ff5d4a8f740bd5d8726b0) Importer(815301076,1909f56bfc062723c751e8b465ee728b)  -> (artifact id: 'daba519ac9e3f88e9149c0b1cc204f7d') in 0.019164 seconds 
========================================================================
Received Import Request.
  Time since last request: 0.000023 seconds.
  path: Assets/Environment/Free_SpeedTrees/ClippedFrond.tga
  artifactKey: Guid(92b189208338b724f828f66e4eb40478) Importer(815301076,1909f56bfc062723c751e8b465ee728b)
Start importing Assets/Environment/Free_SpeedTrees/ClippedFrond.tga using Guid(92b189208338b724f828f66e4eb40478) Importer(815301076,1909f56bfc062723c751e8b465ee728b)  -> (artifact id: '617d772aa000d8d6cb0f47bbcff8463e') in 0.019999 seconds 
========================================================================
Received Import Request.
  Time since last request: 0.449117 seconds.
  path: Packages/com.unity.collab-proxy/Editor/Collaborate/Assets/Icons/collaborate-done-dark@2x.png
  artifactKey: Guid(fba4512e3548e0548b2cf4f11913e257) Importer(815301076,1909f56bfc062723c751e8b465ee728b)
Start importing Packages/com.unity.collab-proxy/Editor/Collaborate/Assets/Icons/collaborate-done-dark@2x.png using Guid(fba4512e3548e0548b2cf4f11913e257) Importer(815301076,1909f56bfc062723c751e8b465ee728b)  -> (artifact id: 'b0a28826b697de6526a064436493d88d') in 0.018591 seconds 
========================================================================
Received Import Request.
  Time since last request: 0.000026 seconds.
  path: Packages/com.unity.collab-proxy/Editor/Collaborate/Assets/Icons/collaborate-incoming-dark.png
  artifactKey: Guid(4f1f02bee0a5ae24aac00a40a212299a) Importer(815301076,1909f56bfc062723c751e8b465ee728b)
Start importing Packages/com.unity.collab-proxy/Editor/Collaborate/Assets/Icons/collaborate-incoming-dark.png using Guid(4f1f02bee0a5ae24aac00a40a212299a) Importer(815301076,1909f56bfc062723c751e8b465ee728b)  -> (artifact id: 'c210c0c50e57a6c91f1df4d59e7fce98') in 0.017501 seconds 
========================================================================
Received Import Request.
  Time since last request: 0.010448 seconds.
  path: Packages/com.unity.collab-proxy/Editor/Collaborate/Assets/Icons/collaborate-incoming-light.png
  artifactKey: Guid(0919e5a835eb86343b8b1722ea1d32a8) Importer(815301076,1909f56bfc062723c751e8b465ee728b)
Start importing Packages/com.unity.collab-proxy/Editor/Collaborate/Assets/Icons/collaborate-incoming-light.png using Guid(0919e5a835eb86343b8b1722ea1d32a8) Importer(815301076,1909f56bfc062723c751e8b465ee728b)  -> (artifact id: 'ed2ee8f023c7f42bc8c46bfcf17fef33') in 0.024695 seconds 
========================================================================
Received Import Request.
  Time since last request: 0.000021 seconds.
  path: Packages/com.unity.collab-proxy/Editor/Collaborate/Assets/Icons/collaborate-offline-light.png
  artifactKey: Guid(5baffe5f7a6366344b7819fa35e7e030) Importer(815301076,1909f56bfc062723c751e8b465ee728b)
Start importing Packages/com.unity.collab-proxy/Editor/Collaborate/Assets/Icons/collaborate-offline-light.png using Guid(5baffe5f7a6366344b7819fa35e7e030) Importer(815301076,1909f56bfc062723c751e8b465ee728b)  -> (artifact id: 'ebdf7df742fd47d0acc5a2e73799ff15') in 0.020915 seconds 
========================================================================
Received Import Request.
  Time since last request: 2.312914 seconds.
  path: Packages/com.unity.collab-proxy/Editor/Collaborate/Assets/Icons/collaborate-progress-dark@2x.png
  artifactKey: Guid(116a8defb66aa304d97c1fd15f044486) Importer(815301076,1909f56bfc062723c751e8b465ee728b)
Start importing Packages/com.unity.collab-proxy/Editor/Collaborate/Assets/Icons/collaborate-progress-dark@2x.png using Guid(116a8defb66aa304d97c1fd15f044486) Importer(815301076,1909f56bfc062723c751e8b465ee728b)  -> (artifact id: '6803371e789d6ef6d1f7f87ba58e8265') in 0.015500 seconds 
========================================================================
Received Import Request.
  Time since last request: 0.000038 seconds.
  path: Assets/Environment/Mountain/snow_mountain/colour.bmp
  artifactKey: Guid(9b0d6cb11b3bbcb4ca46e76efeb4593f) Importer(815301076,1909f56bfc062723c751e8b465ee728b)
Start importing Assets/Environment/Mountain/snow_mountain/colour.bmp using Guid(9b0d6cb11b3bbcb4ca46e76efeb4593f) Importer(815301076,1909f56bfc062723c751e8b465ee728b)  -> (artifact id: 'eefb6a3ed91b639018e29e6372b26aa9') in 0.035323 seconds 
========================================================================
Received Import Request.
  Time since last request: 0.447763 seconds.
  path: Assets/Environment/ModularAsianPalace/Textures/ConcreteDirty_normal.tga
  artifactKey: Guid(eba1ca2d81ff93744a52bb5ff04a2670) Importer(815301076,1909f56bfc062723c751e8b465ee728b)
Start importing Assets/Environment/ModularAsianPalace/Textures/ConcreteDirty_normal.tga using Guid(eba1ca2d81ff93744a52bb5ff04a2670) Importer(815301076,1909f56bfc062723c751e8b465ee728b)  -> (artifact id: 'd037c3ed8f6d1fa73159aabc302c1042') in 0.063981 seconds 
========================================================================
Received Import Request.
  Time since last request: 0.000037 seconds.
  path: Packages/com.unity.collab-proxy/Editor/Collaborate/Assets/Icons/conflicted-file-light.png
  artifactKey: Guid(159b6ffcecc70b54a991cab02c8be883) Importer(815301076,1909f56bfc062723c751e8b465ee728b)
Start importing Packages/com.unity.collab-proxy/Editor/Collaborate/Assets/Icons/conflicted-file-light.png using Guid(159b6ffcecc70b54a991cab02c8be883) Importer(815301076,1909f56bfc062723c751e8b465ee728b)  -> (artifact id: '4d201eadb51f24f94335b38db6e6489a') in 0.016903 seconds 
========================================================================
Received Import Request.
  Time since last request: 0.000023 seconds.
  path: Assets/Standard Assets/Environment/SpeedTree/Conifer/Conifer_Needles_Desktop_Normal.tga
  artifactKey: Guid(ab89d7e9dbd9462458ecef029ee60f6e) Importer(815301076,1909f56bfc062723c751e8b465ee728b)
Start importing Assets/Standard Assets/Environment/SpeedTree/Conifer/Conifer_Needles_Desktop_Normal.tga using Guid(ab89d7e9dbd9462458ecef029ee60f6e) Importer(815301076,1909f56bfc062723c751e8b465ee728b)  -> (artifact id: 'e34d6b71a4dee74fc136b16b71c5ce10') in 0.041157 seconds 
========================================================================
Received Import Request.
  Time since last request: 0.000023 seconds.
  path: Packages/com.unity.collab-proxy/Editor/PlasticSCM/Assets/Images/d_expertbuhoshe.png
  artifactKey: Guid(8325d4ef0a6eb3d43952aff8a06d9f45) Importer(815301076,1909f56bfc062723c751e8b465ee728b)
Start importing Packages/com.unity.collab-proxy/Editor/PlasticSCM/Assets/Images/d_expertbuhoshe.png using Guid(8325d4ef0a6eb3d43952aff8a06d9f45) Importer(815301076,1909f56bfc062723c751e8b465ee728b)  -> (artifact id: '16696a8a3c30b845408530c4233901d7') in 0.037419 seconds 
========================================================================
Received Import Request.
  Time since last request: 0.000033 seconds.
  path: Packages/com.unity.collab-proxy/Editor/PlasticSCM/Assets/Images/d_genericbuhoshe3.png
  artifactKey: Guid(9bb60d9b0987c3747b57516cc172d0c7) Importer(815301076,1909f56bfc062723c751e8b465ee728b)
Start importing Packages/com.unity.collab-proxy/Editor/PlasticSCM/Assets/Images/d_genericbuhoshe3.png using Guid(9bb60d9b0987c3747b57516cc172d0c7) Importer(815301076,1909f56bfc062723c751e8b465ee728b)  -> (artifact id: '7e9540d36375e5c4cc8f9a0b4d0d83fa') in 0.028386 seconds 
========================================================================
Received Import Request.
  Time since last request: 0.000088 seconds.
  path: Packages/com.unity.collab-proxy/Editor/PlasticSCM/Assets/Images/d_genericbuho3.png
  artifactKey: Guid(9e9474494461bd048803b48e391ef0f6) Importer(815301076,1909f56bfc062723c751e8b465ee728b)
Start importing Packages/com.unity.collab-proxy/Editor/PlasticSCM/Assets/Images/d_genericbuho3.png using Guid(9e9474494461bd048803b48e391ef0f6) Importer(815301076,1909f56bfc062723c751e8b465ee728b)  -> (artifact id: '5ba2bfda4f6f085b8fd22f67e393577f') in 0.035081 seconds 
========================================================================
Received Import Request.
  Time since last request: 0.000021 seconds.
  path: Packages/com.unity.collab-proxy/Editor/PlasticSCM/Assets/Images/d_colorbuho.png
  artifactKey: Guid(3a0c527d7f890d64a9b56b086e6e766a) Importer(815301076,1909f56bfc062723c751e8b465ee728b)
Start importing Packages/com.unity.collab-proxy/Editor/PlasticSCM/Assets/Images/d_colorbuho.png using Guid(3a0c527d7f890d64a9b56b086e6e766a) Importer(815301076,1909f56bfc062723c751e8b465ee728b)  -> (artifact id: 'c367b289d206bf1b9e79d4d55212c04f') in 0.031526 seconds 
========================================================================
Received Import Request.
  Time since last request: 0.000020 seconds.
  path: Packages/com.unity.collab-proxy/Editor/PlasticSCM/Assets/Images/d_genericbuho1.png
  artifactKey: Guid(43ad51e043491b94d8f6c62d55ac5ede) Importer(815301076,1909f56bfc062723c751e8b465ee728b)
Start importing Packages/com.unity.collab-proxy/Editor/PlasticSCM/Assets/Images/d_genericbuho1.png using Guid(43ad51e043491b94d8f6c62d55ac5ede) Importer(815301076,1909f56bfc062723c751e8b465ee728b)  -> (artifact id: '818113c24c2d0f094fd3401ba0d880cc') in 0.029869 seconds 
========================================================================
Received Import Request.
  Time since last request: 0.000022 seconds.
  path: Packages/com.unity.collab-proxy/Editor/PlasticSCM/Assets/Images/d_cloudbuhochristmas.png
  artifactKey: Guid(70632ddfe8e71b04b8f90ef7e29a9e98) Importer(815301076,1909f56bfc062723c751e8b465ee728b)
Start importing Packages/com.unity.collab-proxy/Editor/PlasticSCM/Assets/Images/d_cloudbuhochristmas.png using Guid(70632ddfe8e71b04b8f90ef7e29a9e98) Importer(815301076,1909f56bfc062723c751e8b465ee728b)  -> (artifact id: '668e18679b3e3eb56e8a239a96aaca57') in 0.029296 seconds 
========================================================================
Received Import Request.
  Time since last request: 0.097214 seconds.
  path: Packages/com.unity.collab-proxy/Editor/PlasticSCM/Assets/Images/d_iconaddedoverlay.png
  artifactKey: Guid(73d124bf77e463c45942d14136745d9f) Importer(815301076,1909f56bfc062723c751e8b465ee728b)
Start importing Packages/com.unity.collab-proxy/Editor/PlasticSCM/Assets/Images/d_iconaddedoverlay.png using Guid(73d124bf77e463c45942d14136745d9f) Importer(815301076,1909f56bfc062723c751e8b465ee728b)  -> (artifact id: 'f49faca0f6cd9317bbeaec93dfdb900f') in 0.024926 seconds 
========================================================================
Received Import Request.
  Time since last request: 0.000028 seconds.
  path: Packages/com.unity.collab-proxy/Editor/PlasticSCM/Assets/Images/d_iconconflicted@2x.png
  artifactKey: Guid(65f0e363b74cf5845ab8c3fbc14f39ac) Importer(815301076,1909f56bfc062723c751e8b465ee728b)
Start importing Packages/com.unity.collab-proxy/Editor/PlasticSCM/Assets/Images/d_iconconflicted@2x.png using Guid(65f0e363b74cf5845ab8c3fbc14f39ac) Importer(815301076,1909f56bfc062723c751e8b465ee728b)  -> (artifact id: '13bf1fd121590bf890da7ff5dcac650b') in 0.039471 seconds 
========================================================================
Received Import Request.
  Time since last request: 0.000033 seconds.
  path: Packages/com.unity.collab-proxy/Editor/PlasticSCM/Assets/Images/d_iconcheckedoutlocaloverlay@2x.png
  artifactKey: Guid(8d98ab6168c3e91439339f1908b8fe97) Importer(815301076,1909f56bfc062723c751e8b465ee728b)
Start importing Packages/com.unity.collab-proxy/Editor/PlasticSCM/Assets/Images/d_iconcheckedoutlocaloverlay@2x.png using Guid(8d98ab6168c3e91439339f1908b8fe97) Importer(815301076,1909f56bfc062723c751e8b465ee728b)  -> (artifact id: '092bd2e89174de6a763553cc4a40050b') in 0.026834 seconds 
========================================================================
Received Import Request.
  Time since last request: 0.000119 seconds.
  path: Packages/com.unity.collab-proxy/Editor/PlasticSCM/Assets/Images/d_iconlockedlocaloverlay@2x.png
  artifactKey: Guid(ae53a7884da90e94eb5dfeab594b746c) Importer(815301076,1909f56bfc062723c751e8b465ee728b)
Start importing Packages/com.unity.collab-proxy/Editor/PlasticSCM/Assets/Images/d_iconlockedlocaloverlay@2x.png using Guid(ae53a7884da90e94eb5dfeab594b746c) Importer(815301076,1909f56bfc062723c751e8b465ee728b)  -> (artifact id: '21944901d6477a16f68c6785ee5648ef') in 0.029022 seconds 
========================================================================
Received Import Request.
  Time since last request: 0.000036 seconds.
  path: Packages/com.unity.collab-proxy/Editor/PlasticSCM/Assets/Images/d_icondeletedremote@2x.png
  artifactKey: Guid(626b9cddb29049e4cac50cd87b419945) Importer(815301076,1909f56bfc062723c751e8b465ee728b)
Start importing Packages/com.unity.collab-proxy/Editor/PlasticSCM/Assets/Images/d_icondeletedremote@2x.png using Guid(626b9cddb29049e4cac50cd87b419945) Importer(815301076,1909f56bfc062723c751e8b465ee728b)  -> (artifact id: '359490fe2a95fa660f8c65ab38855554') in 0.023139 seconds 
========================================================================
Received Import Request.
  Time since last request: 0.621524 seconds.
  path: Packages/com.unity.collab-proxy/Editor/PlasticSCM/Assets/Images/d_iconoutofsync@2x.png
  artifactKey: Guid(f82dfc5fc3c5a8f4080a3550427019c8) Importer(815301076,1909f56bfc062723c751e8b465ee728b)
Start importing Packages/com.unity.collab-proxy/Editor/PlasticSCM/Assets/Images/d_iconoutofsync@2x.png using Guid(f82dfc5fc3c5a8f4080a3550427019c8) Importer(815301076,1909f56bfc062723c751e8b465ee728b)  -> (artifact id: 'e7b553ae7b64065bc42325d6a4e0dada') in 0.022471 seconds 
========================================================================
Received Import Request.
  Time since last request: 0.000024 seconds.
  path: Packages/com.unity.collab-proxy/Editor/PlasticSCM/Assets/Images/d_iconundo.png
  artifactKey: Guid(691dc543ff5b9ca44bf846657ba04161) Importer(815301076,1909f56bfc062723c751e8b465ee728b)
Start importing Packages/com.unity.collab-proxy/Editor/PlasticSCM/Assets/Images/d_iconundo.png using Guid(691dc543ff5b9ca44bf846657ba04161) Importer(815301076,1909f56bfc062723c751e8b465ee728b)  -> (artifact id: '09240f519b274b65287a4b3c2dc650ac') in 0.022677 seconds 
========================================================================
Received Import Request.
  Time since last request: 0.000021 seconds.
  path: Packages/com.unity.collab-proxy/Editor/PlasticSCM/Assets/Images/d_ignoredoverlay@2x.png
  artifactKey: Guid(68fafd0a2acc3774988418f657bf7b68) Importer(815301076,1909f56bfc062723c751e8b465ee728b)
Start importing Packages/com.unity.collab-proxy/Editor/PlasticSCM/Assets/Images/d_ignoredoverlay@2x.png using Guid(68fafd0a2acc3774988418f657bf7b68) Importer(815301076,1909f56bfc062723c751e8b465ee728b)  -> (artifact id: 'c408ebe6e0ea2e7a33f7b6576b55d89c') in 0.024436 seconds 
========================================================================
Received Import Request.
  Time since last request: 0.000024 seconds.
  path: Packages/com.unity.collab-proxy/Editor/PlasticSCM/Assets/Images/d_stevejobsbuhochristmas.png
  artifactKey: Guid(08c91a7677e66844281a99aaf6ea36f1) Importer(815301076,1909f56bfc062723c751e8b465ee728b)
Start importing Packages/com.unity.collab-proxy/Editor/PlasticSCM/Assets/Images/d_stevejobsbuhochristmas.png using Guid(08c91a7677e66844281a99aaf6ea36f1) Importer(815301076,1909f56bfc062723c751e8b465ee728b)  -> (artifact id: 'ef877b7ed18a9be8a601b27b15065d02') in 0.031947 seconds 
========================================================================
Received Import Request.
  Time since last request: 0.000026 seconds.
  path: Packages/com.unity.collab-proxy/Editor/PlasticSCM/Assets/Images/d_step2.png
  artifactKey: Guid(897c3a3f5c4038345a7143573bbb4a40) Importer(815301076,1909f56bfc062723c751e8b465ee728b)
Start importing Packages/com.unity.collab-proxy/Editor/PlasticSCM/Assets/Images/d_step2.png using Guid(897c3a3f5c4038345a7143573bbb4a40) Importer(815301076,1909f56bfc062723c751e8b465ee728b)  -> (artifact id: '13272cd8cdfcb11b800244136b6a8acb') in 0.025663 seconds 
========================================================================
Received Import Request.
  Time since last request: 0.000020 seconds.
  path: Packages/com.unity.collab-proxy/Editor/PlasticSCM/Assets/Images/d_step1.png
  artifactKey: Guid(38236a82ff44aaa4b972248479d5f970) Importer(815301076,1909f56bfc062723c751e8b465ee728b)
Start importing Packages/com.unity.collab-proxy/Editor/PlasticSCM/Assets/Images/d_step1.png using Guid(38236a82ff44aaa4b972248479d5f970) Importer(815301076,1909f56bfc062723c751e8b465ee728b)  -> (artifact id: 'a36a5715fced59cb33fc13f70e6ce323') in 0.026974 seconds 
========================================================================
Received Import Request.
  Time since last request: 0.000029 seconds.
  path: Packages/com.unity.collab-proxy/Editor/PlasticSCM/Assets/Images/d_loading.png
  artifactKey: Guid(d58e94bfb1bac774dbb8ca9c2597ef2e) Importer(815301076,1909f56bfc062723c751e8b465ee728b)
Start importing Packages/com.unity.collab-proxy/Editor/PlasticSCM/Assets/Images/d_loading.png using Guid(d58e94bfb1bac774dbb8ca9c2597ef2e) Importer(815301076,1909f56bfc062723c751e8b465ee728b)  -> (artifact id: '6515f3ee5682a84ae0d63e224c0552f2') in 0.021407 seconds 
========================================================================
Received Import Request.
  Time since last request: 0.000035 seconds.
  path: Packages/com.unity.collab-proxy/Editor/PlasticSCM/Assets/Images/d_secondarytabclosehover.png
  artifactKey: Guid(6a9d211bea1bc4a429d86cbb2d0b0a3e) Importer(815301076,1909f56bfc062723c751e8b465ee728b)
Start importing Packages/com.unity.collab-proxy/Editor/PlasticSCM/Assets/Images/d_secondarytabclosehover.png using Guid(6a9d211bea1bc4a429d86cbb2d0b0a3e) Importer(815301076,1909f56bfc062723c751e8b465ee728b)  -> (artifact id: 'e72d1c27b00cfb1746e41d7a49b33e61') in 0.023385 seconds 
========================================================================
Received Import Request.
  Time since last request: 0.244642 seconds.
  path: Packages/com.unity.timeline/Editor/StyleSheets/Images/Icons/d_TimelineCollapseMarkerButtonDisabled.png
  artifactKey: Guid(40947ddc2dd4f0d499a92d0f3675c4e8) Importer(815301076,1909f56bfc062723c751e8b465ee728b)
Start importing Packages/com.unity.timeline/Editor/StyleSheets/Images/Icons/d_TimelineCollapseMarkerButtonDisabled.png using Guid(40947ddc2dd4f0d499a92d0f3675c4e8) Importer(815301076,1909f56bfc062723c751e8b465ee728b)  -> (artifact id: '946ca92fec6487547aa64e862bcd4a1d') in 0.026402 seconds 
========================================================================
Received Import Request.
  Time since last request: 0.000018 seconds.
  path: Packages/com.unity.timeline/Editor/StyleSheets/Images/Icons/d_TimelineEditModeReplaceON.png
  artifactKey: Guid(7b4b3cedf598c954cb2f38d6e2e34c0d) Importer(815301076,1909f56bfc062723c751e8b465ee728b)
Start importing Packages/com.unity.timeline/Editor/StyleSheets/Images/Icons/d_TimelineEditModeReplaceON.png using Guid(7b4b3cedf598c954cb2f38d6e2e34c0d) Importer(815301076,1909f56bfc062723c751e8b465ee728b)  -> (artifact id: '1dab3b73d7b0dfe2a687441c91ab4a96') in 0.019804 seconds 
========================================================================
Received Import Request.
  Time since last request: 0.000022 seconds.
  path: Packages/com.unity.timeline/Editor/StyleSheets/Images/Icons/d_TimelineEditModeRippleOFF.png
  artifactKey: Guid(411e6f19c19fa0546af83aeb59c2ed4b) Importer(815301076,1909f56bfc062723c751e8b465ee728b)
Start importing Packages/com.unity.timeline/Editor/StyleSheets/Images/Icons/d_TimelineEditModeRippleOFF.png using Guid(411e6f19c19fa0546af83aeb59c2ed4b) Importer(815301076,1909f56bfc062723c751e8b465ee728b)  -> (artifact id: '7c54a880dedee2b8342aece662c996c8') in 0.020555 seconds 
========================================================================
Received Import Request.
  Time since last request: 0.000027 seconds.
  path: Packages/com.unity.timeline/Editor/StyleSheets/Images/Icons/d_TrackLockButtonEnabled@2x.png
  artifactKey: Guid(2c85066ea99cfbe4f90294bf295ce543) Importer(815301076,1909f56bfc062723c751e8b465ee728b)
Start importing Packages/com.unity.timeline/Editor/StyleSheets/Images/Icons/d_TrackLockButtonEnabled@2x.png using Guid(2c85066ea99cfbe4f90294bf295ce543) Importer(815301076,1909f56bfc062723c751e8b465ee728b)  -> (artifact id: '84afec39567d770ef6d25b4b5b1a98fd') in 0.023666 seconds 
========================================================================
Received Import Request.
  Time since last request: 0.000037 seconds.
  path: Packages/com.unity.timeline/Editor/StyleSheets/Images/Icons/d_TrackCurvesButtonEnabled@2x.png
  artifactKey: Guid(43ed4593c5ddda0439fcc1bdaf8309fe) Importer(815301076,1909f56bfc062723c751e8b465ee728b)
Start importing Packages/com.unity.timeline/Editor/StyleSheets/Images/Icons/d_TrackCurvesButtonEnabled@2x.png using Guid(43ed4593c5ddda0439fcc1bdaf8309fe) Importer(815301076,1909f56bfc062723c751e8b465ee728b)  -> (artifact id: '223b6403237647bba98dc58541d32689') in 0.024418 seconds 
========================================================================
Received Import Request.
  Time since last request: 0.419129 seconds.
  path: Packages/com.unity.timeline/Editor/StyleSheets/Images/Icons/d_TrackMarkerButtonEnabled@2x.png
  artifactKey: Guid(6192986415256ca47a97a97507406f5e) Importer(815301076,1909f56bfc062723c751e8b465ee728b)
Start importing Packages/com.unity.timeline/Editor/StyleSheets/Images/Icons/d_TrackMarkerButtonEnabled@2x.png using Guid(6192986415256ca47a97a97507406f5e) Importer(815301076,1909f56bfc062723c751e8b465ee728b)  -> (artifact id: 'a9ef6a7e2118210dff197db0ffc41de2') in 0.021876 seconds 
========================================================================
Received Import Request.
  Time since last request: 0.000018 seconds.
  path: Packages/com.unity.timeline/Editor/StyleSheets/Images/Icons/d_TrackRecordButtonDisabled@2x.png
  artifactKey: Guid(db15c78579dee4a4db85f392634c8ecc) Importer(815301076,1909f56bfc062723c751e8b465ee728b)
Start importing Packages/com.unity.timeline/Editor/StyleSheets/Images/Icons/d_TrackRecordButtonDisabled@2x.png using Guid(db15c78579dee4a4db85f392634c8ecc) Importer(815301076,1909f56bfc062723c751e8b465ee728b)  -> (artifact id: '7764a91dce891a619e5f0fe86dd4c791') in 0.021142 seconds 
========================================================================
Received Import Request.
  Time since last request: 0.000032 seconds.
  path: Packages/com.unity.timeline/Editor/StyleSheets/Images/Icons/d_TrackRecordButtonEnabled.png
  artifactKey: Guid(0e5ba0f04df278944a8f5a62f64f5aa6) Importer(815301076,1909f56bfc062723c751e8b465ee728b)
Start importing Packages/com.unity.timeline/Editor/StyleSheets/Images/Icons/d_TrackRecordButtonEnabled.png using Guid(0e5ba0f04df278944a8f5a62f64f5aa6) Importer(815301076,1909f56bfc062723c751e8b465ee728b)  -> (artifact id: '90fd48db1f31a3870e017e7298f02d16') in 0.020195 seconds 
========================================================================
Received Import Request.
  Time since last request: 0.000021 seconds.
  path: Assets/Ground textures pack/Ground & rocks 01/diffuse.tga
  artifactKey: Guid(1d1ca9b1ff6a5ce4bbac09d301d51462) Importer(815301076,1909f56bfc062723c751e8b465ee728b)
Start importing Assets/Ground textures pack/Ground & rocks 01/diffuse.tga using Guid(1d1ca9b1ff6a5ce4bbac09d301d51462) Importer(815301076,1909f56bfc062723c751e8b465ee728b)  -> (artifact id: '7247a72fe5048cf5c029f33e0e174d37') in 0.023335 seconds 
========================================================================
Received Import Request.
  Time since last request: 0.000028 seconds.
  path: Assets/Ground textures pack/Grass & dead leafs 01/diffuse.tga
  artifactKey: Guid(46c9b2c471a59f24cbe88eae93a32f60) Importer(815301076,1909f56bfc062723c751e8b465ee728b)
Start importing Assets/Ground textures pack/Grass & dead leafs 01/diffuse.tga using Guid(46c9b2c471a59f24cbe88eae93a32f60) Importer(815301076,1909f56bfc062723c751e8b465ee728b)  -> (artifact id: 'c2b98426a1334e483c2e87334c4167f0') in 0.023536 seconds 
========================================================================
Received Import Request.
  Time since last request: 0.000033 seconds.
  path: Assets/Ground textures pack/Dry ground/diffuse.tga
  artifactKey: Guid(f5d1de47f0f760544a5596ceb8cc895f) Importer(815301076,1909f56bfc062723c751e8b465ee728b)
Start importing Assets/Ground textures pack/Dry ground/diffuse.tga using Guid(f5d1de47f0f760544a5596ceb8cc895f) Importer(815301076,1909f56bfc062723c751e8b465ee728b)  -> (artifact id: 'a75dd10b06882457bc7b8ecfb6b8e807') in 0.022749 seconds 
========================================================================
Received Import Request.
  Time since last request: 0.000028 seconds.
  path: Assets/Editor/Vuforia/VuforiaMars_ModelTarget/ddcf29fe83b64ee984697b36afc5e823_preview.jpg
  artifactKey: Guid(030b942b7542514662ec8582abb1c243) Importer(815301076,1909f56bfc062723c751e8b465ee728b)
Start importing Assets/Editor/Vuforia/VuforiaMars_ModelTarget/ddcf29fe83b64ee984697b36afc5e823_preview.jpg using Guid(030b942b7542514662ec8582abb1c243) Importer(815301076,1909f56bfc062723c751e8b465ee728b)  -> (artifact id: '467443a5a76de3ef09c5b0fb0760de01') in 0.058181 seconds 
========================================================================
Received Import Request.
  Time since last request: 0.157031 seconds.
  path: Assets/Ground textures pack/Ground & rocks 03/diffuse.tga
  artifactKey: Guid(117cca91456049f4692a3becee93522e) Importer(815301076,1909f56bfc062723c751e8b465ee728b)
Start importing Assets/Ground textures pack/Ground & rocks 03/diffuse.tga using Guid(117cca91456049f4692a3becee93522e) Importer(815301076,1909f56bfc062723c751e8b465ee728b)  -> (artifact id: '33c06da2e125e628d4d818a32ba9caa4') in 0.018949 seconds 
========================================================================
Received Import Request.
  Time since last request: 0.000019 seconds.
  path: Assets/Environment/Donkey/Texture/DonkeyBump.bmp
  artifactKey: Guid(e78d6d4a07c99614c9fe9d2247e4f997) Importer(815301076,1909f56bfc062723c751e8b465ee728b)
Start importing Assets/Environment/Donkey/Texture/DonkeyBump.bmp using Guid(e78d6d4a07c99614c9fe9d2247e4f997) Importer(815301076,1909f56bfc062723c751e8b465ee728b)  -> (artifact id: '210c2864428bb66f06cc917962d5f6cf') in 0.085831 seconds 
========================================================================
Received Import Request.
  Time since last request: 0.000034 seconds.
  path: Assets/DragonTheUsurper/Textures/Dark/Emission.png
  artifactKey: Guid(157a341b0113ac4408df32c0f570c8d6) Importer(815301076,1909f56bfc062723c751e8b465ee728b)
Start importing Assets/DragonTheUsurper/Textures/Dark/Emission.png using Guid(157a341b0113ac4408df32c0f570c8d6) Importer(815301076,1909f56bfc062723c751e8b465ee728b)  -> (artifact id: '110da4659309457b259eab7b6e106084') in 0.066849 seconds 
========================================================================
Received Import Request.
  Time since last request: 0.000054 seconds.
  path: Packages/com.unity.services.core/Editor/Core/UiHelpers/Images/ExternalLinkIcon.png
  artifactKey: Guid(dcfa8e537229b4e8db4c6bc39a906c89) Importer(815301076,1909f56bfc062723c751e8b465ee728b)
Start importing Packages/com.unity.services.core/Editor/Core/UiHelpers/Images/ExternalLinkIcon.png using Guid(dcfa8e537229b4e8db4c6bc39a906c89) Importer(815301076,1909f56bfc062723c751e8b465ee728b)  -> (artifact id: '8328fd63ada133bc70e304145b4cce22') in 0.021085 seconds 
========================================================================
Received Import Request.
  Time since last request: 0.000080 seconds.
  path: Assets/Environment/Donkey/Texture/DonkeyHair_Opac.bmp
  artifactKey: Guid(0c138cf3f8cf66c4c99cea5789a1ebed) Importer(815301076,1909f56bfc062723c751e8b465ee728b)
Start importing Assets/Environment/Donkey/Texture/DonkeyHair_Opac.bmp using Guid(0c138cf3f8cf66c4c99cea5789a1ebed) Importer(815301076,1909f56bfc062723c751e8b465ee728b)  -> (artifact id: 'b62fa3c9b797c9e3d671593b1a2d5ebe') in 0.060109 seconds 
========================================================================
Received Import Request.
  Time since last request: 0.090780 seconds.
  path: Assets/Environment/Bird Flocks/Included Assets/Unluck Software Feather Particles/Textures/FeatherWorkfile.tif
  artifactKey: Guid(4e22e18f88d06b347b31dfdba8263bb7) Importer(815301076,1909f56bfc062723c751e8b465ee728b)
Start importing Assets/Environment/Bird Flocks/Included Assets/Unluck Software Feather Particles/Textures/FeatherWorkfile.tif using Guid(4e22e18f88d06b347b31dfdba8263bb7) Importer(815301076,1909f56bfc062723c751e8b465ee728b)  -> (artifact id: '81c8994f957018b68593f046aca68123') in 0.031907 seconds 
========================================================================
Received Import Request.
  Time since last request: 0.000020 seconds.
  path: Assets/Common/Icons/Android/AdaptiveIcons/ForeGround_x108.png
  artifactKey: Guid(71bdaccaa006c43bf9b5eaa2ef7bad56) Importer(815301076,1909f56bfc062723c751e8b465ee728b)
Start importing Assets/Common/Icons/Android/AdaptiveIcons/ForeGround_x108.png using Guid(71bdaccaa006c43bf9b5eaa2ef7bad56) Importer(815301076,1909f56bfc062723c751e8b465ee728b)  -> (artifact id: '096bf39598033f59206aa1dcd1a763e9') in 0.022112 seconds 
========================================================================
Received Import Request.
  Time since last request: 0.009786 seconds.
  path: Assets/Common/Icons/Android/AdaptiveIcons/ForeGround_x432.png
  artifactKey: Guid(44f5763023bff4d3dbfb13b858cff6ce) Importer(815301076,1909f56bfc062723c751e8b465ee728b)
Start importing Assets/Common/Icons/Android/AdaptiveIcons/ForeGround_x432.png using Guid(44f5763023bff4d3dbfb13b858cff6ce) Importer(815301076,1909f56bfc062723c751e8b465ee728b)  -> (artifact id: 'e24918da4e6ddb753086f40c2c56919e') in 0.028883 seconds 
========================================================================
Received Import Request.
  Time since last request: 0.000024 seconds.
  path: Assets/Environment/Grass/Grass3.psd
  artifactKey: Guid(3d4e750d5e259f342b33be52d1b7548b) Importer(815301076,1909f56bfc062723c751e8b465ee728b)
Start importing Assets/Environment/Grass/Grass3.psd using Guid(3d4e750d5e259f342b33be52d1b7548b) Importer(815301076,1909f56bfc062723c751e8b465ee728b)  -> (artifact id: 'cd310bf36ac68acba7fba18bb732f3fa') in 0.018546 seconds 
========================================================================
Received Import Request.
  Time since last request: 0.247503 seconds.
  path: Assets/Environment/Grass/Grass5.psd
  artifactKey: Guid(a8ce61d7887379348997e845141b7d5a) Importer(815301076,1909f56bfc062723c751e8b465ee728b)
Start importing Assets/Environment/Grass/Grass5.psd using Guid(a8ce61d7887379348997e845141b7d5a) Importer(815301076,1909f56bfc062723c751e8b465ee728b)  -> (artifact id: 'd51fc27234c2095ec6d8deea5364ef82') in 0.027009 seconds 
========================================================================
Received Import Request.
  Time since last request: 0.040014 seconds.
  path: Assets/Mobile_Grass_Package/Thick_Grass/GrassBlade.tga
  artifactKey: Guid(98277e3d9e17b0f488243611e0b8da29) Importer(815301076,1909f56bfc062723c751e8b465ee728b)
Start importing Assets/Mobile_Grass_Package/Thick_Grass/GrassBlade.tga using Guid(98277e3d9e17b0f488243611e0b8da29) Importer(815301076,1909f56bfc062723c751e8b465ee728b)  -> (artifact id: '51905082dc07ac30f0c1e999cf0d26d1') in 0.026086 seconds 
========================================================================
Received Import Request.
  Time since last request: 0.000021 seconds.
  path: Assets/Standard Assets/Environment/TerrainAssets/BillboardTextures/GrassFrond02AlbedoAlpha.psd
  artifactKey: Guid(d6cdc79ec19714fcd980ca3f6ac01a0a) Importer(815301076,1909f56bfc062723c751e8b465ee728b)
Start importing Assets/Standard Assets/Environment/TerrainAssets/BillboardTextures/GrassFrond02AlbedoAlpha.psd using Guid(d6cdc79ec19714fcd980ca3f6ac01a0a) Importer(815301076,1909f56bfc062723c751e8b465ee728b)  -> (artifact id: '77735db472e425d59c94d5a09d6bb2c6') in 0.019754 seconds 
========================================================================
Received Import Request.
  Time since last request: 0.000061 seconds.
  path: Assets/Environment/Bird Flocks/Skyboxes/Textures/graysky0003.tif
  artifactKey: Guid(8f5f641a81058ba429113f7b14ff02d7) Importer(815301076,1909f56bfc062723c751e8b465ee728b)
Start importing Assets/Environment/Bird Flocks/Skyboxes/Textures/graysky0003.tif using Guid(8f5f641a81058ba429113f7b14ff02d7) Importer(815301076,1909f56bfc062723c751e8b465ee728b)  -> (artifact id: '59797c8e0abece5ba1e849e59510beb7') in 0.028276 seconds 
========================================================================
Received Import Request.
  Time since last request: 0.000053 seconds.
  path: Assets/Environment/Bird Flocks/Skyboxes/Textures/graysky0001.tif
  artifactKey: Guid(4ec6200c430708a4c8c924efeda08845) Importer(815301076,1909f56bfc062723c751e8b465ee728b)
Start importing Assets/Environment/Bird Flocks/Skyboxes/Textures/graysky0001.tif using Guid(4ec6200c430708a4c8c924efeda08845) Importer(815301076,1909f56bfc062723c751e8b465ee728b)  -> (artifact id: 'b6f21275e1729e24b646b533efc6d3b9') in 0.029466 seconds 
========================================================================
Received Import Request.
  Time since last request: 0.277924 seconds.
  path: Assets/Environment/ADG_Textures/ground_vol1/ground1/ground1_Height.tga
  artifactKey: Guid(2a92ec3b24546c447ae2a5f5da6f3db8) Importer(815301076,1909f56bfc062723c751e8b465ee728b)
Start importing Assets/Environment/ADG_Textures/ground_vol1/ground1/ground1_Height.tga using Guid(2a92ec3b24546c447ae2a5f5da6f3db8) Importer(815301076,1909f56bfc062723c751e8b465ee728b)  -> (artifact id: 'cc185764d538dd5c6cb89c36b84021df') in 0.034015 seconds 
========================================================================
Received Import Request.
  Time since last request: 0.000022 seconds.
  path: Assets/Environment/ADG_Textures/ground_vol1/ground3/ground3_Normal.tga
  artifactKey: Guid(c138e91626b4607499e005102913a875) Importer(815301076,1909f56bfc062723c751e8b465ee728b)
Start importing Assets/Environment/ADG_Textures/ground_vol1/ground3/ground3_Normal.tga using Guid(c138e91626b4607499e005102913a875) Importer(815301076,1909f56bfc062723c751e8b465ee728b)  -> (artifact id: 'a2f7df14cb602577fa70b9091eff948a') in 0.028948 seconds 
========================================================================
Received Import Request.
  Time since last request: 0.000026 seconds.
  path: Assets/Environment/ADG_Textures/ground_vol1/ground6/ground6_Diffuse.tga
  artifactKey: Guid(6dff70b1f69dbc640b854ad550b78c39) Importer(815301076,1909f56bfc062723c751e8b465ee728b)
Start importing Assets/Environment/ADG_Textures/ground_vol1/ground6/ground6_Diffuse.tga using Guid(6dff70b1f69dbc640b854ad550b78c39) Importer(815301076,1909f56bfc062723c751e8b465ee728b)  -> (artifact id: 'ae45d967b5e1fee26a46cd69b3d62378') in 0.030011 seconds 
========================================================================
Received Import Request.
  Time since last request: 0.000140 seconds.
  path: Assets/Environment/ADG_Textures/ground_vol1/ground7/ground7_Ambient_Occlusion.tga
  artifactKey: Guid(39069846104692045a9ba8eda0dbad6d) Importer(815301076,1909f56bfc062723c751e8b465ee728b)
Start importing Assets/Environment/ADG_Textures/ground_vol1/ground7/ground7_Ambient_Occlusion.tga using Guid(39069846104692045a9ba8eda0dbad6d) Importer(815301076,1909f56bfc062723c751e8b465ee728b)  -> (artifact id: '150a939a4715a82a72a9a1238902374d') in 0.061685 seconds 
========================================================================
Received Import Request.
  Time since last request: 0.000025 seconds.
  path: Assets/Environment/ADG_Textures/ground_vol1/ground5/ground5_Metallic.tga
  artifactKey: Guid(8d63b7caa4e75dd4aa5e84f4b97befa6) Importer(815301076,1909f56bfc062723c751e8b465ee728b)
Start importing Assets/Environment/ADG_Textures/ground_vol1/ground5/ground5_Metallic.tga using Guid(8d63b7caa4e75dd4aa5e84f4b97befa6) Importer(815301076,1909f56bfc062723c751e8b465ee728b)  -> (artifact id: '243e1e925629379c58bb9c917749ffa2') in 0.073761 seconds 
========================================================================
Received Import Request.
  Time since last request: 0.000030 seconds.
  path: Assets/Environment/ADG_Textures/ground_vol1/ground7/ground7_Diffuse.tga
  artifactKey: Guid(3d6ea8373013b3546a620f84802e06f6) Importer(815301076,1909f56bfc062723c751e8b465ee728b)
Start importing Assets/Environment/ADG_Textures/ground_vol1/ground7/ground7_Diffuse.tga using Guid(3d6ea8373013b3546a620f84802e06f6) Importer(815301076,1909f56bfc062723c751e8b465ee728b)  -> (artifact id: '5500c989e4872985813e16b850ab47b5') in 0.031704 seconds 
========================================================================
Received Import Request.
  Time since last request: 0.000042 seconds.
  path: Assets/Environment/ADG_Textures/ground_vol1/ground5/ground5_Ambient_Occlusion.tga
  artifactKey: Guid(03e262b3b2775504b8e1534cce498347) Importer(815301076,1909f56bfc062723c751e8b465ee728b)
Start importing Assets/Environment/ADG_Textures/ground_vol1/ground5/ground5_Ambient_Occlusion.tga using Guid(03e262b3b2775504b8e1534cce498347) Importer(815301076,1909f56bfc062723c751e8b465ee728b)  -> (artifact id: '3c265772055999267bb6224b101b3a56') in 0.065754 seconds 
========================================================================
Received Import Request.
  Time since last request: 0.050769 seconds.
  path: Assets/Environment/ADG_Textures/ground_vol1/ground8/ground8_Metallic.tga
  artifactKey: Guid(a08e6063e7e3b4a45b860146c8c613dc) Importer(815301076,1909f56bfc062723c751e8b465ee728b)
Start importing Assets/Environment/ADG_Textures/ground_vol1/ground8/ground8_Metallic.tga using Guid(a08e6063e7e3b4a45b860146c8c613dc) Importer(815301076,1909f56bfc062723c751e8b465ee728b)  -> (artifact id: '093b9e7d64255525ac0f718f7b195ec3') in 0.066507 seconds 
========================================================================
Received Import Request.
  Time since last request: 0.000035 seconds.
  path: Assets/Environment/ADG_Textures/ground_vol1/ground13/ground13_Height.tga
  artifactKey: Guid(b7ef56f6ca2ab724e9fcf1949a7a1638) Importer(815301076,1909f56bfc062723c751e8b465ee728b)
Start importing Assets/Environment/ADG_Textures/ground_vol1/ground13/ground13_Height.tga using Guid(b7ef56f6ca2ab724e9fcf1949a7a1638) Importer(815301076,1909f56bfc062723c751e8b465ee728b)  -> (artifact id: '1eb7758890593186d5972ccbd9e1104e') in 0.053329 seconds 
========================================================================
Received Import Request.
  Time since last request: 0.000034 seconds.
  path: Assets/Environment/ADG_Textures/ground_vol1/ground14/ground14_Height.tga
  artifactKey: Guid(019c9c14a59c63f40aa359f74a836a1f) Importer(815301076,1909f56bfc062723c751e8b465ee728b)
Start importing Assets/Environment/ADG_Textures/ground_vol1/ground14/ground14_Height.tga using Guid(019c9c14a59c63f40aa359f74a836a1f) Importer(815301076,1909f56bfc062723c751e8b465ee728b)  -> (artifact id: 'd865d1871bff04d75a7529d97679b16b') in 0.063023 seconds 
========================================================================
Received Import Request.
  Time since last request: 0.000044 seconds.
  path: Assets/Environment/ADG_Textures/ground_vol1/ground9/ground9_Metallic.tga
  artifactKey: Guid(e0fd2876c23733c4ebf4f3771c51dd3f) Importer(815301076,1909f56bfc062723c751e8b465ee728b)
Start importing Assets/Environment/ADG_Textures/ground_vol1/ground9/ground9_Metallic.tga using Guid(e0fd2876c23733c4ebf4f3771c51dd3f) Importer(815301076,1909f56bfc062723c751e8b465ee728b)  -> (artifact id: 'ee3763b6f8d36171a22fbe7a40dfeb1f') in 0.076615 seconds 
========================================================================
Received Import Request.
  Time since last request: 0.000032 seconds.
  path: Assets/Environment/ADG_Textures/ground_vol1/ground10/ground10_Height.tga
  artifactKey: Guid(4410fd6b36868554398d61186f5d8f01) Importer(815301076,1909f56bfc062723c751e8b465ee728b)
Start importing Assets/Environment/ADG_Textures/ground_vol1/ground10/ground10_Height.tga using Guid(4410fd6b36868554398d61186f5d8f01) Importer(815301076,1909f56bfc062723c751e8b465ee728b)  -> (artifact id: 'ae38daa880ae22b97dc41e6e75b43c79') in 0.058909 seconds 
========================================================================
Received Import Request.
  Time since last request: 0.000049 seconds.
  path: Assets/Environment/ADG_Textures/ground_vol1/ground11/ground11_Diffuse.tga
  artifactKey: Guid(c43f9982d7a1d574f8ad78bdc6fa59b6) Importer(815301076,1909f56bfc062723c751e8b465ee728b)
Start importing Assets/Environment/ADG_Textures/ground_vol1/ground11/ground11_Diffuse.tga using Guid(c43f9982d7a1d574f8ad78bdc6fa59b6) Importer(815301076,1909f56bfc062723c751e8b465ee728b)  -> (artifact id: 'b89e715f5dab3c761414408946a2c3a2') in 0.060678 seconds 
========================================================================
Received Import Request.
  Time since last request: 0.000024 seconds.
  path: Assets/Environment/ADG_Textures/ground_vol1/ground14/ground14_Metallic.tga
  artifactKey: Guid(65f04b330297cc244aaa78ae4015f466) Importer(815301076,1909f56bfc062723c751e8b465ee728b)
Start importing Assets/Environment/ADG_Textures/ground_vol1/ground14/ground14_Metallic.tga using Guid(65f04b330297cc244aaa78ae4015f466) Importer(815301076,1909f56bfc062723c751e8b465ee728b)  -> (artifact id: '05801089de6c923be9c854a61fec3b62') in 0.071126 seconds 
========================================================================
Received Import Request.
  Time since last request: 0.000043 seconds.
  path: Assets/Common/Icons/Android/Icon-48.png
  artifactKey: Guid(6fae8ff752f494bacb3c562bed7dea2d) Importer(815301076,1909f56bfc062723c751e8b465ee728b)
Start importing Assets/Common/Icons/Android/Icon-48.png using Guid(6fae8ff752f494bacb3c562bed7dea2d) Importer(815301076,1909f56bfc062723c751e8b465ee728b)  -> (artifact id: 'dc25d989da8f2ce20f44d2fa553c0fd4') in 0.018955 seconds 
========================================================================
Received Import Request.
  Time since last request: 0.000038 seconds.
  path: Assets/Editor/Vuforia/ImageTargetTextures/UnityAR/ground_marker_scaled.jpg
  artifactKey: Guid(853b726ac35b41b08ad57b17d0f91b8f) Importer(815301076,1909f56bfc062723c751e8b465ee728b)
Start importing Assets/Editor/Vuforia/ImageTargetTextures/UnityAR/ground_marker_scaled.jpg using Guid(853b726ac35b41b08ad57b17d0f91b8f) Importer(815301076,1909f56bfc062723c751e8b465ee728b)  -> (artifact id: '3509fb6a2fe590eb1310e9b38f157824') in 0.023489 seconds 
========================================================================
Received Import Request.
  Time since last request: 0.000021 seconds.
  path: Assets/Environment/TL_Grass_02/Source Files/Ground_Grass_1024_02_DIF.png
  artifactKey: Guid(bfc6677034197fb4c978625a0f08483e) Importer(815301076,1909f56bfc062723c751e8b465ee728b)
Start importing Assets/Environment/TL_Grass_02/Source Files/Ground_Grass_1024_02_DIF.png using Guid(bfc6677034197fb4c978625a0f08483e) Importer(815301076,1909f56bfc062723c751e8b465ee728b)  -> (artifact id: 'e7f3edc441352d36430bb3297b7dff3e') in 0.031461 seconds 
========================================================================
Received Import Request.
  Time since last request: 0.000038 seconds.
  path: Assets/Common/Icons/iOS/Icon-20.png
  artifactKey: Guid(f9da296bf616b458d98a63f8f7557004) Importer(815301076,1909f56bfc062723c751e8b465ee728b)
Start importing Assets/Common/Icons/iOS/Icon-20.png using Guid(f9da296bf616b458d98a63f8f7557004) Importer(815301076,1909f56bfc062723c751e8b465ee728b)  -> (artifact id: '7aaffee8f03cd361c8a6991799b9b801') in 0.026180 seconds 
========================================================================
Received Import Request.
  Time since last request: 0.000025 seconds.
  path: Assets/Common/Icons/iOS/Icon-167.png
  artifactKey: Guid(4cbc9362b367d44d58da2b6146f50c17) Importer(815301076,1909f56bfc062723c751e8b465ee728b)
Start importing Assets/Common/Icons/iOS/Icon-167.png using Guid(4cbc9362b367d44d58da2b6146f50c17) Importer(815301076,1909f56bfc062723c751e8b465ee728b)  -> (artifact id: 'db6f5e47f80cec9d4c4c52d523885995') in 0.018998 seconds 
========================================================================
Received Import Request.
  Time since last request: 0.000039 seconds.
  path: Assets/Common/Icons/iOS/Icon-40.png
  artifactKey: Guid(b3252f95d1a3a4cd58871ff4716e5d8b) Importer(815301076,1909f56bfc062723c751e8b465ee728b)
Start importing Assets/Common/Icons/iOS/Icon-40.png using Guid(b3252f95d1a3a4cd58871ff4716e5d8b) Importer(815301076,1909f56bfc062723c751e8b465ee728b)  -> (artifact id: '52529d8dda5f9404c88d86006e5946ec') in 0.020765 seconds 
========================================================================
Received Import Request.
  Time since last request: 0.000037 seconds.
  path: Assets/Environment/TL_Grass_02/Source Files/Ground_Grass_1024_02_NRM.png
  artifactKey: Guid(f821a21d337a37140b7fd52af26ab3df) Importer(815301076,1909f56bfc062723c751e8b465ee728b)
Start importing Assets/Environment/TL_Grass_02/Source Files/Ground_Grass_1024_02_NRM.png using Guid(f821a21d337a37140b7fd52af26ab3df) Importer(815301076,1909f56bfc062723c751e8b465ee728b)  -> (artifact id: 'f95c341a8514b7976d4f74df7c0a68c5') in 0.029025 seconds 
========================================================================
Received Import Request.
  Time since last request: 0.071856 seconds.
  path: Assets/Common/Icons/iOS/Icon-196.png
  artifactKey: Guid(38c9f8f898d5a461397639d3a61e1428) Importer(815301076,1909f56bfc062723c751e8b465ee728b)
Start importing Assets/Common/Icons/iOS/Icon-196.png using Guid(38c9f8f898d5a461397639d3a61e1428) Importer(815301076,1909f56bfc062723c751e8b465ee728b)  -> (artifact id: 'b990871e5bc3a6a24a1f91fce043d6e7') in 0.029330 seconds 
========================================================================
Received Import Request.
  Time since last request: 0.000025 seconds.
  path: Packages/com.unity.collab-proxy/Editor/PlasticSCM/Assets/Images/iconaddedoverlay@2x.png
  artifactKey: Guid(74ef721fef79c44489d4e3edb0ab0c01) Importer(815301076,1909f56bfc062723c751e8b465ee728b)
Start importing Packages/com.unity.collab-proxy/Editor/PlasticSCM/Assets/Images/iconaddedoverlay@2x.png using Guid(74ef721fef79c44489d4e3edb0ab0c01) Importer(815301076,1909f56bfc062723c751e8b465ee728b)  -> (artifact id: '358f4055b5338e339e1209d3eba605db') in 0.028360 seconds 
========================================================================
Received Import Request.
  Time since last request: 0.000023 seconds.
  path: Packages/com.unity.collab-proxy/Editor/PlasticSCM/Assets/Images/iconclosebutton.png
  artifactKey: Guid(13527793884104b46b7446fd7464c3ed) Importer(815301076,1909f56bfc062723c751e8b465ee728b)
Start importing Packages/com.unity.collab-proxy/Editor/PlasticSCM/Assets/Images/iconclosebutton.png using Guid(13527793884104b46b7446fd7464c3ed) Importer(815301076,1909f56bfc062723c751e8b465ee728b)  -> (artifact id: 'a69ea380376a2758dbbb21229a41d253') in 0.026255 seconds 
========================================================================
Received Import Request.
  Time since last request: 0.000033 seconds.
  path: Packages/com.unity.collab-proxy/Editor/PlasticSCM/Assets/Images/icondeletedremoteoverlay.png
  artifactKey: Guid(cc3a9f4e86314f746aa1a97505d6323b) Importer(815301076,1909f56bfc062723c751e8b465ee728b)
Start importing Packages/com.unity.collab-proxy/Editor/PlasticSCM/Assets/Images/icondeletedremoteoverlay.png using Guid(cc3a9f4e86314f746aa1a97505d6323b) Importer(815301076,1909f56bfc062723c751e8b465ee728b)  -> (artifact id: '0581c66b2b033e61ac7f2f61b758b336') in 0.026114 seconds 
========================================================================
Received Import Request.
  Time since last request: 0.000032 seconds.
  path: Packages/com.unity.collab-proxy/Editor/PlasticSCM/Assets/Images/iconconflictresolvedoverlay.png
  artifactKey: Guid(0a78c2b019ae1e5448f50d83adcfd965) Importer(815301076,1909f56bfc062723c751e8b465ee728b)
Start importing Packages/com.unity.collab-proxy/Editor/PlasticSCM/Assets/Images/iconconflictresolvedoverlay.png using Guid(0a78c2b019ae1e5448f50d83adcfd965) Importer(815301076,1909f56bfc062723c751e8b465ee728b)  -> (artifact id: 'dd4bb7938caf6c40f64ec6d10f698616') in 0.023172 seconds 
========================================================================
Received Import Request.
  Time since last request: 0.000034 seconds.
  path: Packages/com.unity.collab-proxy/Editor/PlasticSCM/Assets/Images/icondeletedlocaloverlay.png
  artifactKey: Guid(e251dfd24b5610d4d8ea65a237cc9d97) Importer(815301076,1909f56bfc062723c751e8b465ee728b)
Start importing Packages/com.unity.collab-proxy/Editor/PlasticSCM/Assets/Images/icondeletedlocaloverlay.png using Guid(e251dfd24b5610d4d8ea65a237cc9d97) Importer(815301076,1909f56bfc062723c751e8b465ee728b)  -> (artifact id: 'b806b7927b30a5fb26de94eeb3015448') in 0.021916 seconds 
========================================================================
Received Import Request.
  Time since last request: 0.223920 seconds.
  path: Packages/com.unity.collab-proxy/Editor/PlasticSCM/Assets/Images/iconemptygravatar.png
  artifactKey: Guid(91976e8b9ce0f0341838727acd55621c) Importer(815301076,1909f56bfc062723c751e8b465ee728b)
Start importing Packages/com.unity.collab-proxy/Editor/PlasticSCM/Assets/Images/iconemptygravatar.png using Guid(91976e8b9ce0f0341838727acd55621c) Importer(815301076,1909f56bfc062723c751e8b465ee728b)  -> (artifact id: 'c5f9f610ed404d2359b198d97a9f2987') in 0.024476 seconds 
========================================================================
Received Import Request.
  Time since last request: 0.000033 seconds.
  path: Packages/com.unity.collab-proxy/Editor/PlasticSCM/Assets/Images/iconmergelink.png
  artifactKey: Guid(120bf54dff785a0429b068b814e9c12a) Importer(815301076,1909f56bfc062723c751e8b465ee728b)
Start importing Packages/com.unity.collab-proxy/Editor/PlasticSCM/Assets/Images/iconmergelink.png using Guid(120bf54dff785a0429b068b814e9c12a) Importer(815301076,1909f56bfc062723c751e8b465ee728b)  -> (artifact id: '399784059f4456e607f2c91a83b3f86b') in 0.023028 seconds 
========================================================================
Received Import Request.
  Time since last request: 0.030957 seconds.
  path: Packages/com.unity.collab-proxy/Editor/PlasticSCM/Assets/Images/iconoutofsync@2x.png
  artifactKey: Guid(d7094718bdac022428dd29244922d06b) Importer(815301076,1909f56bfc062723c751e8b465ee728b)
Start importing Packages/com.unity.collab-proxy/Editor/PlasticSCM/Assets/Images/iconoutofsync@2x.png using Guid(d7094718bdac022428dd29244922d06b) Importer(815301076,1909f56bfc062723c751e8b465ee728b)  -> (artifact id: '75afeceb67c2ead6bce5a3f7d7661db6') in 0.026514 seconds 
========================================================================
Received Import Request.
  Time since last request: 0.000042 seconds.
  path: Packages/com.unity.collab-proxy/Editor/PlasticSCM/Assets/Images/iconplasticnotifyconflict@2x.png
  artifactKey: Guid(6e0a54826ffc3ee46b0aa3e1c1575a69) Importer(815301076,1909f56bfc062723c751e8b465ee728b)
Start importing Packages/com.unity.collab-proxy/Editor/PlasticSCM/Assets/Images/iconplasticnotifyconflict@2x.png using Guid(6e0a54826ffc3ee46b0aa3e1c1575a69) Importer(815301076,1909f56bfc062723c751e8b465ee728b)  -> (artifact id: 'f7117ee0fc2754fd9a080997014abc7f') in 0.028314 seconds 
========================================================================
Received Import Request.
  Time since last request: 0.000021 seconds.
  path: Packages/com.unity.collab-proxy/Editor/PlasticSCM/Assets/Images/iconprivateoverlay.png
  artifactKey: Guid(9d6e2d7ce65565b4a93d524fe7a05d0b) Importer(815301076,1909f56bfc062723c751e8b465ee728b)
Start importing Packages/com.unity.collab-proxy/Editor/PlasticSCM/Assets/Images/iconprivateoverlay.png using Guid(9d6e2d7ce65565b4a93d524fe7a05d0b) Importer(815301076,1909f56bfc062723c751e8b465ee728b)  -> (artifact id: 'e1b9bdb4a4ac9d7459e0b5d88f629906') in 0.024949 seconds 
========================================================================
Received Import Request.
  Time since last request: 1.390960 seconds.
  path: Packages/com.unity.collab-proxy/Editor/PlasticSCM/Assets/Images/ignored.png
  artifactKey: Guid(595bc97bc8e1e0b46bd4c2148ba3723a) Importer(815301076,1909f56bfc062723c751e8b465ee728b)
Start importing Packages/com.unity.collab-proxy/Editor/PlasticSCM/Assets/Images/ignored.png using Guid(595bc97bc8e1e0b46bd4c2148ba3723a) Importer(815301076,1909f56bfc062723c751e8b465ee728b)  -> (artifact id: '9d3fce4c96ad3b66859a0f80098a9e7d') in 0.021915 seconds 
========================================================================
Received Import Request.
  Time since last request: 0.000019 seconds.
  path: Assets/Common/Icons/UWP/LargeTile.scale-200.png
  artifactKey: Guid(36f30904fd6d601448721d9b73ae2a8f) Importer(815301076,1909f56bfc062723c751e8b465ee728b)
Start importing Assets/Common/Icons/UWP/LargeTile.scale-200.png using Guid(36f30904fd6d601448721d9b73ae2a8f) Importer(815301076,1909f56bfc062723c751e8b465ee728b)  -> (artifact id: 'd12c8d9621b91f26abd33da15ee8f48a') in 0.024875 seconds 
========================================================================
Received Import Request.
  Time since last request: 0.239092 seconds.
  path: Assets/Weeping_Willow/Weeping_Willow/Leaf_Map_Hero_1_Atlas.tga
  artifactKey: Guid(c4a40e5325a09ba4fbdd42782ca06ccf) Importer(815301076,1909f56bfc062723c751e8b465ee728b)
Start importing Assets/Weeping_Willow/Weeping_Willow/Leaf_Map_Hero_1_Atlas.tga using Guid(c4a40e5325a09ba4fbdd42782ca06ccf) Importer(815301076,1909f56bfc062723c751e8b465ee728b)  -> (artifact id: '535053f07278589b19da70ade49bad34') in 0.022038 seconds 
========================================================================
Received Import Request.
  Time since last request: 0.000044 seconds.
  path: Assets/Weeping_Willow/Weeping_Willow/Leaf_Map_Hero_Fall_Atlas_Specular.tga
  artifactKey: Guid(ac3457471518c2e449501f11a10d430f) Importer(815301076,1909f56bfc062723c751e8b465ee728b)
Start importing Assets/Weeping_Willow/Weeping_Willow/Leaf_Map_Hero_Fall_Atlas_Specular.tga using Guid(ac3457471518c2e449501f11a10d430f) Importer(815301076,1909f56bfc062723c751e8b465ee728b)  -> (artifact id: '5cccdd74255150f9b5f707b97efd3a95') in 0.026870 seconds 
========================================================================
Received Import Request.
  Time since last request: 0.000023 seconds.
  path: Assets/Weeping_Willow/Weeping_Willow/Leaf_Map_Hero_Fall_Atlas_Normal.tga
  artifactKey: Guid(2898441168d6f434a8d60fc2b1c64201) Importer(815301076,1909f56bfc062723c751e8b465ee728b)
Start importing Assets/Weeping_Willow/Weeping_Willow/Leaf_Map_Hero_Fall_Atlas_Normal.tga using Guid(2898441168d6f434a8d60fc2b1c64201) Importer(815301076,1909f56bfc062723c751e8b465ee728b)  -> (artifact id: 'eb3dcdb423cee60d949f5c5e816fad4f') in 0.026340 seconds 
========================================================================
Received Import Request.
  Time since last request: 0.000054 seconds.
  path: Assets/Weeping_Willow/Weeping_Willow/Leaf_Map_Mobile_Bare_1_Atlas.tga
  artifactKey: Guid(26567691c858173459ece5092218e4b4) Importer(815301076,1909f56bfc062723c751e8b465ee728b)
Start importing Assets/Weeping_Willow/Weeping_Willow/Leaf_Map_Mobile_Bare_1_Atlas.tga using Guid(26567691c858173459ece5092218e4b4) Importer(815301076,1909f56bfc062723c751e8b465ee728b)  -> (artifact id: '3ff36275719939ff1e39764df584d99b') in 0.031345 seconds 
========================================================================
Received Import Request.
  Time since last request: 0.000053 seconds.
  path: Assets/Environment/Mountain Trees Pack/Trees/Leaves/Leaves_spec.psd
  artifactKey: Guid(4194aaf518616fc40927237fa670ced5) Importer(815301076,1909f56bfc062723c751e8b465ee728b)
Start importing Assets/Environment/Mountain Trees Pack/Trees/Leaves/Leaves_spec.psd using Guid(4194aaf518616fc40927237fa670ced5) Importer(815301076,1909f56bfc062723c751e8b465ee728b)  -> (artifact id: 'e17a1a1e6cf8e4c2aa375ccaef88bec4') in 0.110855 seconds 
========================================================================
Received Import Request.
  Time since last request: 0.000026 seconds.
  path: Assets/Weeping_Willow/Weeping_Willow/Leaf_Map_Mobile_Fall_1_Atlas_Normal.tga
  artifactKey: Guid(6cb40d97a39025b4abb26b4f6d985483) Importer(815301076,1909f56bfc062723c751e8b465ee728b)
Start importing Assets/Weeping_Willow/Weeping_Willow/Leaf_Map_Mobile_Fall_1_Atlas_Normal.tga using Guid(6cb40d97a39025b4abb26b4f6d985483) Importer(815301076,1909f56bfc062723c751e8b465ee728b)  -> (artifact id: '6de54a0ac4c846784e6feb930273f637') in 0.024758 seconds 
========================================================================
Received Import Request.
  Time since last request: 0.463442 seconds.
  path: Packages/com.unity.collab-proxy/Editor/Collaborate/Assets/Icons/loading-dark@2x.png
  artifactKey: Guid(d021820613d286f48915c2de657245d5) Importer(815301076,1909f56bfc062723c751e8b465ee728b)
Start importing Packages/com.unity.collab-proxy/Editor/Collaborate/Assets/Icons/loading-dark@2x.png using Guid(d021820613d286f48915c2de657245d5) Importer(815301076,1909f56bfc062723c751e8b465ee728b)  -> (artifact id: '0d25fe853fba2223db6f8f068ecab0d3') in 0.020356 seconds 
========================================================================
Received Import Request.
  Time since last request: 0.000017 seconds.
  path: Assets/UI/LogoNoBack.png
  artifactKey: Guid(8848b7752d1af4b1ea16f5a8809e6217) Importer(815301076,1909f56bfc062723c751e8b465ee728b)
Start importing Assets/UI/LogoNoBack.png using Guid(8848b7752d1af4b1ea16f5a8809e6217) Importer(815301076,1909f56bfc062723c751e8b465ee728b)  -> (artifact id: '61658f073215a01cbbfd620db16ea841') in 0.279008 seconds 
========================================================================
Received Import Request.
  Time since last request: 0.000037 seconds.
  path: Packages/com.unity.collab-proxy/Editor/Collaborate/Assets/Icons/merge-conflicts-light@2x.png
  artifactKey: Guid(56adf392a7d080448ab9b85e27356d2e) Importer(815301076,1909f56bfc062723c751e8b465ee728b)
Start importing Packages/com.unity.collab-proxy/Editor/Collaborate/Assets/Icons/merge-conflicts-light@2x.png using Guid(56adf392a7d080448ab9b85e27356d2e) Importer(815301076,1909f56bfc062723c751e8b465ee728b)  -> (artifact id: '56d10429ddbdd574a68e523f696e4dcc') in 0.021373 seconds 
========================================================================
Received Import Request.
  Time since last request: 0.000038 seconds.
  path: Assets/Editor/Vuforia/ImageTargetTextures/VuforiaMars_Images/MarsBox.Back_scaled.jpg
  artifactKey: Guid(cd759bcce9643934392e470cd9d0d179) Importer(815301076,1909f56bfc062723c751e8b465ee728b)
Start importing Assets/Editor/Vuforia/ImageTargetTextures/VuforiaMars_Images/MarsBox.Back_scaled.jpg using Guid(cd759bcce9643934392e470cd9d0d179) Importer(815301076,1909f56bfc062723c751e8b465ee728b)  -> (artifact id: 'c47384162f1a8b320fd8dd0f34bb26a9') in 0.020230 seconds 
========================================================================
Received Import Request.
  Time since last request: 0.000040 seconds.
  path: Packages/com.unity.collab-proxy/Editor/Collaborate/Assets/Icons/merge-conflicts-dark@2x.png
  artifactKey: Guid(7dc96f2ba3659a64eb632128d0705ddc) Importer(815301076,1909f56bfc062723c751e8b465ee728b)
Start importing Packages/com.unity.collab-proxy/Editor/Collaborate/Assets/Icons/merge-conflicts-dark@2x.png using Guid(7dc96f2ba3659a64eb632128d0705ddc) Importer(815301076,1909f56bfc062723c751e8b465ee728b)  -> (artifact id: '892fbf26782a386d36d3f267c8fdd7c3') in 0.022173 seconds 
========================================================================
Received Import Request.
  Time since last request: 0.000068 seconds.
  path: Assets/Jade Samurai - Mobile/Textures/M_Samurai_Diffuse_alt.png
  artifactKey: Guid(4dd11e8d5c56d7440adf2475524e553e) Importer(815301076,1909f56bfc062723c751e8b465ee728b)
Start importing Assets/Jade Samurai - Mobile/Textures/M_Samurai_Diffuse_alt.png using Guid(4dd11e8d5c56d7440adf2475524e553e) Importer(815301076,1909f56bfc062723c751e8b465ee728b)  -> (artifact id: '8156e8f06b200c9033bf76c85323866a') in 0.058641 seconds 
========================================================================
Received Import Request.
  Time since last request: 0.165797 seconds.
  path: Packages/com.unity.collab-proxy/Editor/Collaborate/Assets/Icons/more-vert-dark@2x.png
  artifactKey: Guid(366c5b350c052f34aa6909c6563fb9e9) Importer(815301076,1909f56bfc062723c751e8b465ee728b)
Start importing Packages/com.unity.collab-proxy/Editor/Collaborate/Assets/Icons/more-vert-dark@2x.png using Guid(366c5b350c052f34aa6909c6563fb9e9) Importer(815301076,1909f56bfc062723c751e8b465ee728b)  -> (artifact id: '1833454f66ed0b38fe6c7bae039e4657') in 0.016108 seconds 
========================================================================
Received Import Request.
  Time since last request: 0.000021 seconds.
  path: Assets/Ground textures pack/Grass & dead leafs 01/normal.tga
  artifactKey: Guid(ae0e7acc3616ba441a70994eb662f6e3) Importer(815301076,1909f56bfc062723c751e8b465ee728b)
Start importing Assets/Ground textures pack/Grass & dead leafs 01/normal.tga using Guid(ae0e7acc3616ba441a70994eb662f6e3) Importer(815301076,1909f56bfc062723c751e8b465ee728b)  -> (artifact id: 'ecbbb5fb186f498db6193711776a14c9') in 0.021258 seconds 
========================================================================
Received Import Request.
  Time since last request: 0.000024 seconds.
  path: Assets/Environment/Rocks and Boulders 2/Rocks/Source/Textures/neutral.tif
  artifactKey: Guid(55e05e8c1ca5996429a39a50faa136c4) Importer(815301076,1909f56bfc062723c751e8b465ee728b)
Start importing Assets/Environment/Rocks and Boulders 2/Rocks/Source/Textures/neutral.tif using Guid(55e05e8c1ca5996429a39a50faa136c4) Importer(815301076,1909f56bfc062723c751e8b465ee728b)  -> (artifact id: 'd640f0f0f1ee225fb701b310ce1e3ad7') in 0.020420 seconds 
========================================================================
Received Import Request.
  Time since last request: 0.000025 seconds.
  path: Assets/Ground textures pack/Grass & rocks/normal.tga
  artifactKey: Guid(e5895469fa6440e4a876bf0672599e59) Importer(815301076,1909f56bfc062723c751e8b465ee728b)
Start importing Assets/Ground textures pack/Grass & rocks/normal.tga using Guid(e5895469fa6440e4a876bf0672599e59) Importer(815301076,1909f56bfc062723c751e8b465ee728b)  -> (artifact id: '2f5183da9e8d17f319a80a853afa2a38') in 0.023251 seconds 
========================================================================
Received Import Request.
  Time since last request: 0.000073 seconds.
  path: Assets/Ground textures pack/Grass 03/normal.tga
  artifactKey: Guid(9cb8a98194aa15642b2ceaa3011ccde3) Importer(815301076,1909f56bfc062723c751e8b465ee728b)
Start importing Assets/Ground textures pack/Grass 03/normal.tga using Guid(9cb8a98194aa15642b2ceaa3011ccde3) Importer(815301076,1909f56bfc062723c751e8b465ee728b)  -> (artifact id: '5df357d90b2ea9f9f3ab0a1192768626') in 0.021382 seconds 
========================================================================
Received Import Request.
  Time since last request: 0.000037 seconds.
  path: Assets/Ground textures pack/Ground & rocks 03/normal.tga
  artifactKey: Guid(cff344200e51614498e78e8f88d54273) Importer(815301076,1909f56bfc062723c751e8b465ee728b)
Start importing Assets/Ground textures pack/Ground & rocks 03/normal.tga using Guid(cff344200e51614498e78e8f88d54273) Importer(815301076,1909f56bfc062723c751e8b465ee728b)  -> (artifact id: '187384fefe5d29c23fda4df5f1b4c0b6') in 0.020811 seconds 
========================================================================
Received Prepare
Registering precompiled user dll's ...
Registered in 0.003687 seconds.
Begin MonoManager ReloadAssembly
Symbol file LoadedFromMemory doesn't match image C:\Github\PortalxMountainTrip\PortalxMountainTrip\Library\PackageCache\com.unity.visualscripting@1.7.8\Editor\VisualScripting.Core\Dependencies\DotNetZip\Unity.VisualScripting.IonicZip.dll
Symbol file LoadedFromMemory doesn't match image C:\Github\PortalxMountainTrip\PortalxMountainTrip\Library\PackageCache\com.unity.visualscripting@1.7.8\Editor\VisualScripting.Core\Dependencies\YamlDotNet\Unity.VisualScripting.YamlDotNet.dll
Native extension for LinuxStandalone target not found
Native extension for WindowsStandalone target not found
Native extension for Android target not found
Refreshing native plugins compatible for Editor in 1.14 ms, found 3 plugins.
Preloading 0 native plugins for Editor in 0.00 ms.
Mono: successfully reloaded assembly
- Completed reload, in  0.825 seconds
Domain Reload Profiling:
	ReloadAssembly (826ms)
		BeginReloadAssembly (111ms)
			ExecutionOrderSort (0ms)
			DisableScriptedObjects (4ms)
			BackupInstance (0ms)
			ReleaseScriptingObjects (0ms)
			CreateAndSetChildDomain (36ms)
		EndReloadAssembly (650ms)
			LoadAssemblies (72ms)
			RebuildTransferFunctionScriptingTraits (0ms)
			SetupTypeCache (162ms)
			ReleaseScriptCaches (1ms)
			RebuildScriptCaches (44ms)
			SetupLoadedEditorAssemblies (333ms)
				LogAssemblyErrors (0ms)
				InitializePlatformSupportModulesInManaged (22ms)
				SetLoadedEditorAssemblies (1ms)
				RefreshPlugins (1ms)
				BeforeProcessingInitializeOnLoad (60ms)
				ProcessInitializeOnLoadAttributes (156ms)
				ProcessInitializeOnLoadMethodAttributes (89ms)
				AfterProcessingInitializeOnLoad (4ms)
				EditorAssembliesLoaded (0ms)
			ExecutionOrderSort2 (0ms)
			AwakeInstancesAfterBackupRestoration (5ms)
Platform modules already initialized, skipping
Refreshing native plugins compatible for Editor in 5.87 ms, found 3 plugins.
Preloading 0 native plugins for Editor in 0.00 ms.
Unloading 4462 Unused Serialized files (Serialized files now loaded: 0)
Unloading 54 unused Assets / (25.7 KB). Loaded Objects now: 5026.
Memory consumption went from 175.6 MB to 175.6 MB.
Total: 7.206200 ms (FindLiveObjects: 0.241400 ms CreateObjectMapping: 0.127700 ms MarkObjects: 6.783200 ms  DeleteObjects: 0.051800 ms)

AssetImportParameters requested are different than current active one (requested -> active):
  custom:video-decoder-ogg-theora: a1e56fd34408186e4bbccfd4996cb3dc -> 
  custom:container-muxer-webm: aa71ff27fc2769a1b78a27578f13a17b -> 
  custom:container-demuxer-webm: 4f35f7cbe854078d1ac9338744f61a02 -> 
  custom:video-encoder-webm-vp8: eb34c28f22e8b96e1ab97ce403110664 -> 
  custom:video-codec-MediaFoundation-h265: 746d11721c4dcdbdad8f713fa42b33f4 -> 
  custom:audio-encoder-webm-vorbis: bf7c407c2cedff20999df2af8eb42d56 -> 
  custom:framework-win-MediaFoundation: 216162199b28c13a410421893ffa2e32 -> 
  custom:container-demuxer-ogg: 62fdf1f143b41e24485cea50d1cbac27 -> 
  custom:video-decoder-webm-vp8: 9c59270c3fd7afecdb556c50c9e8de78 -> 
  custom:audio-decoder-ogg-vorbis: bf7c407c2cedff20999df2af8eb42d56 -> 
Editor requested this worker to shutdown with reason: Scaling down because of idle timeout
AssetImportWorkerClient::OnTransportError - code=2 error=End of file
AssetImportWorker is now disconnected from the server
Process exiting
Exiting without the bug reporter. Application will terminate with return code 0